
[2025-09-20 00:51:38.887] 
[2025-09-20 00:51:38.895] INFO : System Reset
[2025-09-20 00:51:40.512] 
[2025-09-20 00:51:40.516] ****************************************
[2025-09-20 00:51:40.519]              DM-DCU-RS485              
[2025-09-20 00:51:40.519]           DM Power Co,. LTD.            
[2025-09-20 00:51:40.522]                 ver 13               
[2025-09-20 00:51:40.525]        Compile(Aug 25 2024 10:0732)      
[2025-09-20 00:51:40.530] ****************************************
[2025-09-20 00:51:40.532] 
[2025-09-20 00:51:40.532] ======================== DCU =======================
[2025-09-20 00:51:40.537] VER : 13
[2025-09-20 00:51:40.541] DCU ID : 100
[2025-09-20 00:51:40.541] TIME : 01-01-2000 00:5139 
[2025-09-20 00:51:40.541] FEP IP : 192.168.10.69[900]
[2025-09-20 00:51:40.545] DCU IP : 192.168.10.4[10001]
[2025-09-20 00:51:40.545] DHCP : 1
[2025-09-20 00:51:40.545] T INTE : 9(min)
[2025-09-20 00:51:40.548] Retry : 1
[2025-09-20 00:51:40.548] RCU Num : 1
[2025-09-20 00:51:40.548] ============= !!! DM Power.CO.LTD R&D !!! ==========
[2025-09-20 00:51:40.551] 
[2025-09-20 00:51:40.551]  Do you want a TEST MODE PUSH ANY BUTTUN !!]
[2025-09-20 00:51:46.064] 
[2025-09-20 00:51:46.069]  Normal Mode
[2025-09-20 00:51:48.059] 
[2025-09-20 00:51:48.059] [eth] DHCP_state sets to DHCP_START.
[2025-09-20 00:51:48.067] [TCP/IP] Server Accept
[2025-09-20 00:51:48.116] 
[2025-09-20 00:51:48.116]  DHCP = 1
[2025-09-20 00:51:48.119]  [eth] State: Looking for DHCP server ...
[2025-09-20 00:51:50.117] 
[2025-09-20 00:51:50.117]  [eth] IP address assigned by a DHCP server: 192.168.10.4
[2025-09-20 00:51:50.122]  [eth] Netmask    assigned by a DHCP server: 255.255.255.0
[2025-09-20 00:51:50.126]  [eth] Gateway    assied by a DHCP server: 192.168.10.1
[2025-09-20 00:52:00.951] tcp_client connect start 
[2025-09-20 00:52:00.956] 
[2025-09-20 00:52:00.956] CLIENT ACCEPTONN[192.68.10.69:00]
[2025-09-20 00:52:00.965] 
[2025-09-20 00:52:00.965] [DCU->FEP]:::: 40 byte(s)
[2025-09-20 00:52:00.973] 00: e1 10 20 00 00 00 64 1f 62 00 01 01 00 0m52 00 13 c0 a8 0a 45 
[2025-09-20 00:52:00.991] 01: 30 23 m00 00 c0a8 0a 04 11 27 00 00 09 00 00 00 01 00 1e e2 
[2025-09-20 00:52:01.214] 
[2025-09-20 00:52:01.225] [DCU<-FEP]:::: 38 byte(s)
[2025-09-20 00:52:01.225] 00: e1 10 20 00 64 00 00 1d 43 09 20 00 52 01 c0 a8 0a 45 30 [0m
[2025-09-20 00:52:01.242] 01: 23 00 c0 a8 0a 04 11 27 00 00 09 00 00 00 01 37 e2 
[2025-09-20 00:52:01.261] INFO : [CLIENT] Fep Frame receive!!
[2025-09-20 00:52:01.264] INFO : Rcv DCU Information Set
[2025-09-20 00:52:01.268] TIME : 09-20-2025 00:52:01 
[2025-09-20 00:52:01.272] 
[2025-09-20 00:52:01.275] [1;32m[DCU->FEP]:::: 40 byte(s)
[2025-09-20 00:52:01.275] 00: e1 10 20 00 00 00 64 1f 62 25 09 20 00 52 01 13 c0 a80a 45 
[2025-09-20 00:52:01.294] 01: 30 23 00 00 c0 a8 0a 04 11 27 00 00 09 00 00 0 01 00 6b e2 
[2025-09-20 00:52:01.313] 
[2025-09-20 00:52:01.313]  TIME SYNC RCU 0
[2025-09-20 00:52:01.316] [DCU->RCU]:::: 15 byte(s)
[2025-09-20 00:52:01.319] 00: 02 00 c8 06 80 54 25 09 0 00 52 01 9b 34 03 
[2025-09-20 00:52:01.410] 
[2025-09-20 00:52:01.412] RECV ACK
[2025-09-20 00:52:01.412] [DCU<-RCU]:::: 16 byte(s)
[2025-09-20 00:52:01.417] 00: 02 c8 00 07 00 41 54 25 09 20 00 52 36 dd f1 03 
[2025-09-20 00:52:01.458] 
[2025-09-20 00:52:01.463] [DCU<-FEP]:::: 11 byte(s)
[2025-09-20 00:52:01.463] 00: e1 10 20 00 64 00 00 02 41 b7 e2 
[2025-09-20 00:52:01.475] INFO : [CLIENT] Fep Frame receive!!
[2025-09-20 00:52:01.478] INFO : Rcv Ack 0
[2025-09-20 00:52:06.703] CLIENT DISCONNECT!!
[2025-09-20 00:53:00.260] 
[2025-09-20 00:53:00.260] RCU Install !!
[2025-09-20 00:53:01.265] 
[2025-09-20 00:53:01.265]  TCU STATUS = C_IDLE
[2025-09-20 00:53:01.265] m
[2025-09-20 00:53:01.274] CLIENT ACCEPTONN[192.168.10.69:9008]
[2025-09-20 00:53:02.260] 
[2025-09-20 00:53:02.262] Init_ProdataSend
[2025-09-20 00:53:02.262] 
[2025-09-20 00:53:02.262]  START METERING RCU = 0
[2025-09-20 00:53:02.263] 
[2025-09-20 00:53:02.263] [DCU->RCU]:::: 9 byte(s)
[2025-09-20 00:53:02.268] 00: 02 00 c8 00 00 49 1d fe 03 
[2025-09-20 00:53:02.673] 
[2025-09-20 00:53:02.676]  PKT ID = 0
[2025-09-20 00:53:02.676]  EMPTY TCU
[2025-09-20 00:53:02.676] 
[2025-09-20 00:53:02.678] [DCU<-RCU]:::: 24 byte(s)
[2025-09-20 00:53:02.679] 00: 02 c8 00 0f ff 69 00 00 16 00 00 00 00 00 00 00 00 04 01 
[2025-09-20 00:53:02.700] 01: 01 9c cc 03 
[2025-09-20 00:53:02.707] 
[2025-09-20 00:53:02.707] [DCU->RCU]:::: 16 byte(s)
[2025-09-20 00:53:02.708] 00: 02 00 c8 07 00 41 69 00 00 00 00 00 00 02 e2 03 
[2025-09-20 00:53:02.829] 
[2025-09-20 00:53:02.832]  PKT ID = 31
[2025-09-20 00:53:02.832]  IN = 0
[2025-09-20 00:53:02.834] 
[2025-09-20 00:53:02.834] [DCU<-RCU]:::: 24 byte(s)
[2025-09-20 00:53:02.836] 00: 02 c8 00 0f fe 69 00 01 16 25 09 20 00 53 00 00 00 1f 04 01 
[2025-09-20 00:53:02.855] 01: 01 65 89 03 
[2025-09-20 00:53:02.860] 
[2025-09-20 00:53:02.860] [DCU->RCU]:::: 16 byte(s)
[2025-09-20 00:53:02.864] 00: 02 00 c8 07 00 41 69 00 00 00 00 00 00 02 e2 03 
[2025-09-20 00:53:02.905] 
[2025-09-20 00:53:02.905]  OUT = 0
[2025-09-20 00:53:02.914] 
[2025-09-20 00:53:02.914] [DCU->FEP]:::: 26 byte(s)
[2025-09-20 00:53:02.914] 00: e1 10 20 00 00 00 64 11 64 00 01 16 25 09 20 00 53 00 00 00 
[2025-09-20 00:53:02.925] 01: 1f 04 01 01 c6 e2 
[2025-09-20 00:53:02.988] 
[2025-09-20 00:53:02.988]  PKT ID = 31
[2025-09-20 00:53:02.990]  IN = 1
[2025-09-20 00:53:02.992] 
[2025-09-20 00:53:02.992] [DCU<-RCU]:::: 24 byte(s)
[2025-09-20 00:53:02.993] 00: 02 c8 00 0f fd 69 00 02 16 25 09 20 00 53 00 00 00 1f 04 01 
[2025-09-20 00:53:03.012] 01: 01 4a 3a 03 
[2025-09-20 00:53:03.018] 
[2025-09-20 00:53:03.018] [DCU->RCU]:::: 16 byte(s)
[2025-09-20 00:53:03.021] 00: 02 00 c8 07 00 41 69 00 00 00 00 00 00 02 e2 03 
[2025-09-20 00:53:03.061] 
[2025-09-20 00:53:03.061]  OUT = 1
[2025-09-20 00:53:03.069] 
[2025-09-20 00:53:03.069] [DCU->FEP]:::: 26 byte(s)
[2025-09-20 00:53:03.069] 00: e1 10 20 00 00 00 64 11 64 00 02 16 25 09 20 00 53 00 00 00 
[2025-09-20 00:53:03.083] 01: 1f 04 01 01 c7 e2 
[2025-09-20 00:53:03.145] 
[2025-09-20 00:53:03.146]  PKT ID = 31
[2025-09-20 00:53:03.146]  IN = 2
[2025-09-20 00:53:03.148] 
[2025-09-20 00:53:03.148] [DCU<-RCU]:::: 24 byte(s)
[2025-09-20 00:53:03.150] 00: 02 c8 00 0f fc 69 00 03 16 25 09 20 00 53 00 00 00 1f 04 01 
[2025-09-20 00:53:03.170] 01: 01 af 54 03 
[2025-09-20 00:53:03.177] 
[2025-09-20 00:53:03.177] [DCU->RCU]:::: 16 byte(s)
[2025-09-20 00:53:03.179] 00: 02 00 c8 07 00 41 69 00 00 00 00 00 00 02 e2 03 
[2025-09-20 00:53:03.300] 
[2025-09-20 00:53:03.302]  PKT ID = 31
[2025-09-20 00:53:03.302]  IN = 3
[2025-09-20 00:53:03.303] 
[2025-09-20 00:53:03.303] [DCU<-RCU]:::: 24 byte(s)
[2025-09-20 00:53:03.306] 00: 02 c8 00 0f fb 69 00 04 16 25 09 20 00 53 00 00 00 1f 04 01 
[2025-09-20 00:53:03.327] 01: 01 05 54 03 
[2025-09-20 00:53:03.332] 
[2025-09-20 00:53:03.332] [DCU->RCU]:::: 16 byte(s)
[2025-09-20 00:53:03.335] 00: 02 00 c8 07 00 41 69 00 00 00 00 00 00 02 e2 03 
[2025-09-20 00:53:03.386] 
[2025-09-20 00:53:03.389] [DCU<-FEP]:::: 11 byte(s)
[2025-09-20 00:53:03.389] 00: e1 10 20 00 64 00 00 02 41 b7 e2 
[2025-09-20 00:53:03.397] INFO : [CLIENT] Fep Frame receive!!
[2025-09-20 00:53:03.403] INFO : Rcv Ack 1
[2025-09-20 00:53:03.403] 
[2025-09-20 00:53:03.403]  OUT = 2
[2025-09-20 00:53:03.412] 
[2025-09-20 00:53:03.412] [DCU->FEP]:::: 26 byte(s)
[2025-09-20 00:53:03.412] 00: e1 10 20 00 00 00 64 11 64 00 03 16 25 09 20 00 53 00 00 00 
[2025-09-20 00:53:03.432] 01: 1f 04 01 01 c8 e2 
[2025-09-20 00:53:03.459] 
[2025-09-20 00:53:03.462]  PKT ID = 31
[2025-09-20 00:53:03.462]  IN = 4
[2025-09-20 00:53:03.463] 
[2025-09-20 00:53:03.463] [DCU<-RCU]:::: 24 byte(s)
[2025-09-20 00:53:03.466] 00: 02 c8 00 0f fa 69 00 05 16 25 09 20 00 53 00 00 00 1f 04 01 
[2025-09-20 00:53:03.488] 01: 01 e0 3a 03 
[2025-09-20 00:53:03.489] 
[2025-09-20 00:53:03.491] [DCU->RCU]:::: 16 byte(s)
[2025-09-20 00:53:03.492] 00: 02 00 c8 07 00 41 69 00 00 00 00 00 00 02 e2 03 
[2025-09-20 00:53:03.617] 
[2025-09-20 00:53:03.617] PKT ID = 31
[2025-09-20 00:53:03.620]  IN = 5
[2025-09-20 00:53:03.620] 
[2025-09-20 00:53:03.620] [DCU<-RCU]:::: 24 byte(s)
[2025-09-20 00:53:03.625] 00: 02 c8 00 0f f9 69 00 06 16 25 09 20 00 53 01 00 00 1f 04 01 
[2025-09-20 00:53:03.643] 01: 01 1a 16 03 
[2025-09-20 00:53:03.647] 
[2025-09-20 00:53:03.647] [DCU->RCU]:::: 16 byte(s)
[2025-09-20 00:53:03.651] 00: 02 00 c8 07 00 41 69 00 00 00 00 00 00 02 e2 03 
[2025-09-20 00:53:03.692] 
[2025-09-20 00:53:03.692] [DCU<-FEP]:::: 11 byte(s)
[2025-09-20 00:53:03.701] 00: e1 10 20 00 64 00 00 02 41 b7 e2 
[2025-09-20 00:53:03.706] INFO : [CLIENT] Fep Frame receive!!
[2025-09-20 00:53:03.708] INFO : Rcv Ack 2
[2025-09-20 00:53:03.710] 
[2025-09-20 00:53:03.710]  OUT = 3
[2025-09-20 00:53:03.710] 
[2025-09-20 00:53:03.710] [DCU->FEP]:::: 26 byte(s)
[2025-09-20 00:53:03.712] 00: e1 10 20 00 00 00 64 11 64 00 04 16 25 09 20 00 53 00 00 00 
[2025-09-20 00:53:03.738] 01: 1f 04 01 01 c9 e2 
[2025-09-20 00:53:03.746] 
[2025-09-20 00:53:03.746] [DCU<-FEP]:::: 11 byte(s)
[2025-09-20 00:53:03.746] 00: e1 10 20 00 64 00 00 02 41 b7 e2 
[2025-09-20 00:53:03.752] INFO : [CLIENT] Fep Frame receive!!
[2025-09-20 00:53:03.756] INFO : Rcv Ack 3
[2025-09-20 00:53:03.759] 
[2025-09-20 00:53:03.759]  OUT = 4
[2025-09-20 00:53:03.760] 
[2025-09-20 00:53:03.760] [DCU->FEP]:::: 26 byte(s)
[2025-09-20 00:53:03.760] 00: e1 10 20 00 00 00 64 11 64 00 05 16 25 09 20 00 53 00 00 00 
[2025-09-20 00:53:03.779] 01: 1f 04 01 01 ca e2 
[2025-09-20 00:53:03.789] 
[2025-09-20 00:53:03.789] [DCU<-FEP]:::: 11 byte(s)
[2025-09-20 00:53:03.792] 00: e1 10 20 00 64 00 00 02 41 b7 e2 
[2025-09-20 00:53:03.800] 
[2025-09-20 00:53:03.800]  PKT ID = 31
[2025-09-20 00:53:03.801]  IN = 6
[2025-09-20 00:53:03.804] 
[2025-09-20 00:53:03.804] [DCU<-RCU]:::: 24 byte(s)
[2025-09-20 00:53:03.806] 00: 02 c8 00 0f f8 69 00 07 16 25 09 20 00 53 01 00 00 1f 04 01 
[2025-09-20 00:53:03.829] 01: 01 ff 78 03 
[2025-09-20 00:53:03.830] 
[2025-09-20 00:53:03.830] [DCU->RCU]:::: 16 byte(s)
[2025-09-20 00:53:03.834] 00: 02 00 c8 07 00 41 69 00 00 00 00 00 00 02 e2 03 
[2025-09-20 00:53:03.879] INFO : [CLIENT] Fep Frame receive!!
[2025-09-20 00:53:03.889] INFO : Rcv Ack 4
[2025-09-20 00:53:03.889] 
[2025-09-20 00:53:03.889] [DCU<-FEP]:::: 11 byte(s)
[2025-09-20 00:53:03.889] 00: e1 10 20 00 64 00 00 02 41 b7 e2 
[2025-09-20 00:53:03.893] INFO : [CLIENT] Fep Frame receive!!
[2025-09-20 00:53:03.895] INFO : Rcv Ack 5
[2025-09-20 00:53:03.900] 
[2025-09-20 00:53:03.900]  OUT = 5
[2025-09-20 00:53:03.900] 
[2025-09-20 00:53:03.906] [DCU->FEP]:::: 26 byte(s)
[2025-09-20 00:53:03.906] 00: e1 10 20 00 00 00 64 11 64 00 06 16 25 09 20 00 53 01 00 00 
[2025-09-20 00:53:03.932] 01: 1f 04 01 01 cc e2 
[2025-09-20 00:53:03.932] 
[2025-09-20 00:53:03.932]  OUT = 6
[2025-09-20 00:53:03.934] 
[2025-09-20 00:53:03.934] [DCU->FEP]:::: 26 byte(s)
[2025-09-20 00:53:03.934] 00: e1 10 20 00 00 00 64 11 64 00 07 16 25 09 20 00 53 01 00 00 
[2025-09-20 00:53:03.949] 01: 1f 04 01 01 cd e2 
[2025-09-20 00:53:03.958] 
[2025-09-20 00:53:03.958]  PKT ID = 0
[2025-09-20 00:53:03.960]  EMPTY TCU
[2025-09-20 00:53:03.960] 
[2025-09-20 00:53:03.960] [DCU<-RCU]:::: 24 byte(s)
[2025-09-20 00:53:03.964] 00: 02 c8 00 0f f7 69 00 00 16 00 00 00 00 00 00 00 00 00 04 01 
[2025-09-20 00:53:03.983] 01: 01 e4 4c 03 
[2025-09-20 00:53:03.989] 
[2025-09-20 00:53:03.989] [DCU->RCU]:::: 16 byte(s)
[2025-09-20 00:53:03.992] 00: 02 00 c8 07 00 41 69 00 00 00 00 00 00 02 e2 03 
[2025-09-20 00:53:04.033] 
[2025-09-20 00:53:04.033] [DCU<-FEP]:::: 11 byte(s)
[2025-09-20 00:53:04.042] 00: e1 10 20 00 64 00 00 02 41 b7 e2 
[2025-09-20 00:53:04.046] INFO : [CLIENT] Fep Frame receive!!
[2025-09-20 00:53:04.048] INFO : Rcv Ack 6
[2025-09-20 00:53:04.115] 
[2025-09-20 00:53:04.117]  PKT ID = 31
[2025-09-20 00:53:04.117]  IN = 7
[2025-09-20 00:53:04.119] 
[2025-09-20 00:53:04.119] [DCU<-RCU]:::: 24 byte(s)
[2025-09-20 00:53:04.120] 00: 02 c8 00 0f f6 69 00 09 16 25 09 20 00 53 01 00 00 1f 04 01 
[2025-09-20 00:53:04.142] 01: 01 ab 79 03 
[2025-09-20 00:53:04.144] 
[2025-09-20 00:53:04.144] [DCU->RCU]:::: 16 byte(s)
[2025-09-20 00:53:04.148] 00: 02 00 c8 07 00 41 69 00 00 00 00 00 00 02 e2 03 
[2025-09-20 00:53:04.187] 
[2025-09-20 00:53:04.187]  OUT = 7
[2025-09-20 00:53:04.198] 
[2025-09-20 00:53:04.198] [DCU->FEP]:::: 26 byte(s)
[2025-09-20 00:53:04.198] 00: e1 10 20 00 00 00 64 11 64 00 09 16 25 09 20 00 53 01 00 00 
[2025-09-20 00:53:04.210] 01: 1f 04 01 01 cf e2 
[2025-09-20 00:53:04.222] 
[2025-09-20 00:53:04.222] [DCU<-FEP]:::: 11 byte(s)
[2025-09-20 00:53:04.222] 00: e1 10 20 00 64 00 00 02 41 b7 e2 
[2025-09-20 00:53:04.242] INFO : [CLIENT] Fep Frame receive!!
[2025-09-20 00:53:04.242] INFO : Rcv Ack 7
[2025-09-20 00:53:04.270] 
[2025-09-20 00:53:04.274]  PKT ID = 31
[2025-09-20 00:53:04.274]  IN = 8
[2025-09-20 00:53:04.276] 
[2025-09-20 00:53:04.276] [DCU<-RCU]:::: 24 byte(s)
[2025-09-20 00:53:04.276] 00: 02 c8 00 0f f5 69 00 0a 16 25 09 20 00 53 01 00 00 1f 04 01 
[2025-09-20 00:53:04.297] 01: 01 84 ca 03 
[2025-09-20 00:53:04.301] 
[2025-09-20 00:53:04.301] [DCU->RCU]:::: 16 byte(s)
[2025-09-20 00:53:04.304] 00: 02 00 c8 07 00 41 69 00 00 00 00 00 00 02 e2 03 
[2025-09-20 00:53:04.343] 
[2025-09-20 00:53:04.343]  OUT = 8
[2025-09-20 00:53:04.350] 
[2025-09-20 00:53:04.350] [DCU->FEP]:::: 26 byte(s)
[2025-09-20 00:53:04.350] 00: e1 10 20 00 00 00 64 11 64 00 0a 16 25 09 20 00 53 01 00 00 
[2025-09-20 00:53:04.365] 01: 1f 04 01 01 d0 e2 
[2025-09-20 00:53:04.426] 
[2025-09-20 00:53:04.426] PKT ID = 31
[2025-09-20 00:53:04.428]  IN = 9
[2025-09-20 00:53:04.428] 
[2025-09-20 00:53:04.429] [DCU<-RCU]:::: 24 byte(s)
[2025-09-20 00:53:04.433] 00: 02 c8 00 0f f4 69 00 0b 16 25 09 20 00 53 02 00 00 1f 04 01 
[2025-09-20 00:53:04.453] 01: 01 0f 0c 03 
[2025-09-20 00:53:04.457] 
[2025-09-20 00:53:04.457] [DCU->RCU]:::: 16 byte(s)
[2025-09-20 00:53:04.459] 00: 02 00 c8 07 00 41 69 00 00 00 00 00 00 02 e2 03 
[2025-09-20 00:53:04.504] 
[2025-09-20 00:53:04.504] [DCU<-FEP]:::: 11 byte(s)
[2025-09-20 00:53:04.514] 00: e1 10 20 00 64 00 00 02 41 b7 e2 
[2025-09-20 00:53:04.516] INFO : [CLIENT] Fep Frame receive!!
[2025-09-20 00:53:04.516] INFO : Rcv Ack 8
[2025-09-20 00:53:04.517] 
[2025-09-20 00:53:04.517]  OUT = 9
[2025-09-20 00:53:04.522] 
[2025-09-20 00:53:04.522] [DCU->FEP]:::: 26 byte(s)
[2025-09-20 00:53:04.523] 00: e1 10 20 00 00 00 64 11 64 00 0b 16 25 09 20 00 53 02 00 00 
[2025-09-20 00:53:04.554] 01: 1f 04 01 01 d2 e2 
[2025-09-20 00:53:04.585] 
[2025-09-20 00:53:04.588]  PKT ID = 31
[2025-09-20 00:53:04.588]  IN = 10
[2025-09-20 00:53:04.588] 
[2025-09-20 00:53:04.588] [DCU<-RCU]:::: 24 byte(s)
[2025-09-20 00:53:04.590] 00: 02 c8 00 0f f3 69 00 0c 16 25 09 20 00 53 02 00 00 1f 04 01 
[2025-09-20 00:53:04.613] 01: 01 a5 0c 03 
[2025-09-20 00:53:04.617] 
[2025-09-20 00:53:04.617] [DCU->RCU]:::: 16 byte(s)
[2025-09-20 00:53:04.617] 00: 02 00 c8 07 00 41 69 00 00 00 00 00 00 02 e2 03 
[2025-09-20 00:53:04.740] 
[2025-09-20 00:53:04.741]  PKT ID = 31
[2025-09-20 00:53:04.741]  IN = 11
[2025-09-20 00:53:04.744] 
[2025-09-20 00:53:04.744] [DCU<-RCU]:::: 24 byte(s)
[2025-09-20 00:53:04.747] 00: 02 c8 00 0f f2 69 00 0d 16 25 09 20 00 53 02 00 00 1f 04 01 
[2025-09-20 00:53:04.763] 01: 01 40 62 03 
[2025-09-20 00:53:04.766] 
[2025-09-20 00:53:04.770] [DCU->RCU]:::: 16 byte(s)
[2025-09-20 00:53:04.771] 00: 02 00 c8 07 00 41 69 00 00 00 00 00 00 02 e2 03 
[2025-09-20 00:53:04.812] 
[2025-09-20 00:53:04.812] [DCU<-FEP]:::: 11 byte(s)
[2025-09-20 00:53:04.819] 00: e1 10 20 00 64 00 00 02 41 b7 e2 
[2025-09-20 00:53:04.825] INFO : [CLIENT] Fep Frame receive!!
[2025-09-20 00:53:04.827] INFO : Rcv Ack 9
[2025-09-20 00:53:04.827] 
[2025-09-20 00:53:04.829]  OUT = 10
[2025-09-20 00:53:04.829] 
[2025-09-20 00:53:04.829] [DCU->FEP]:::: 26 byte(s)
[2025-09-20 00:53:04.833] 00: e1 10 20 00 00 00 64 11 64 00 0c 16 25 09 20 00 53 02 00 00 
[2025-09-20 00:53:04.858] 01: 1f 04 01 01 d3 e2 
[2025-09-20 00:53:04.893] 
[2025-09-20 00:53:04.895]  PKT ID = 31
[2025-09-20 00:53:04.895]  IN = 12
[2025-09-20 00:53:04.897] 
[2025-09-20 00:53:04.897] [DCU<-RCU]:::: 24 byte(s)
[2025-09-20 00:53:04.898] 00: 02 c8 00 0f f1 69 00 0e 16 25 09 20 00 53 02 00 00 1f 04 01 
[2025-09-20 00:53:04.918] 01: 01 6f d1 03 
[2025-09-20 00:53:04.923] 
[2025-09-20 00:53:04.923] [DCU->RCU]:::: 16 byte(s)
[2025-09-20 00:53:04.926] 00: 02 00 c8 07 00 41 69 00 00 00 00 00 00 02 e2 03 
[2025-09-20 00:53:05.049] 
[2025-09-20 00:53:05.049] PKT ID = 31
[2025-09-20 00:53:05.052]  IN = 13
[2025-09-20 00:53:05.052] 
[2025-09-20 00:53:05.053] [DCU<-RCU]:::: 24 byte(s)
[2025-09-20 00:53:05.054] 00: 02 c8 00 0f f0 69 00 0f 16 25 09 20 00 53 02 00 00 1f 04 01 
[2025-09-20 00:53:05.076] 01: 01 8a bf 03 
[2025-09-20 00:53:05.079] 
[2025-09-20 00:53:05.079] [DCU->RCU]:::: 16 byte(s)
[2025-09-20 00:53:05.082] 00: 02 00 c8 07 00 41 69 00 00 00 00 00 00 02 e2 03 
[2025-09-20 00:53:05.125] 
[2025-09-20 00:53:05.125] [DCU<-FEP]:::: 11 byte(s)
[2025-09-20 00:53:05.134] 00: e1 10 20 00 64 00 00 02 41 b7 e2 
[2025-09-20 00:53:05.138] INFO : [CLIENT] Fep Frame receive!!
[2025-09-20 00:53:05.140] INFO : Rcv Ack 10
[2025-09-20 00:53:05.142] 
[2025-09-20 00:53:05.142]  OUT = 11
[2025-09-20 00:53:05.142] 
[2025-09-20 00:53:05.142] [DCU->FEP]:::: 26 byte(s)
[2025-09-20 00:53:05.144] 00: e1 10 20 00 00 00 64 11 64 00 0d 16 25 09 20 00 53 02 00 00 
[2025-09-20 00:53:05.170] 01: 1f 04 01 01 d4 e2 
[2025-09-20 00:53:05.206] 
[2025-09-20 00:53:05.210]  PKT ID = 0
[2025-09-20 00:53:05.210]  EMPTY TCU
[2025-09-20 00:53:05.210] 
[2025-09-20 00:53:05.210] [DCU<-RCU]:::: 24 byte(s)
[2025-09-20 00:53:05.212] 00: 02 c8 00 0f ef 69 00 00 16 00 00 00 00 00 00 00 00 00 04 01 
[2025-09-20 00:53:05.232] 01: 01 7d c4 03 
[2025-09-20 00:53:05.237] 
[2025-09-20 00:53:05.237] [DCU->RCU]:::: 16 byte(s)
[2025-09-20 00:53:05.240] 00: 02 00 c8 07 00 41 69 00 00 00 00 00 00 02 e2 03 
[2025-09-20 00:53:05.361] 
[2025-09-20 00:53:05.363]  PKT ID = 31
[2025-09-20 00:53:05.363]  IN = 14
[2025-09-20 00:53:05.366] 
[2025-09-20 00:53:05.366] [DCU<-RCU]:::: 24 byte(s)
[2025-09-20 00:53:05.368] 00: 02 c8 00 0f ee 69 00 11 16 25 09 20 00 53 03 00 00 1f 04 01 
[2025-09-20 00:53:05.386] 01: 01 3d ff 03 
[2025-09-20 00:53:05.392] 
[2025-09-20 00:53:05.392] [DCU->RCU]:::: 16 byte(s)
[2025-09-20 00:53:05.395] 00: 02 00 c8 07 00 41 69 00 00 00 00 00 00 02 e2 03 
[2025-09-20 00:53:05.437] 
[2025-09-20 00:53:05.437] DCU<-FEP]:::: 11 byte(s)
[2025-09-20 00:53:05.449] 00: e1 10 20 00 64 00 00 02 41 b7 e2 
[2025-09-20 00:53:05.453] INFO : [CLIENT] Fep Frame receive!!
[2025-09-20 00:53:05.453] INFO : Rcv Ack 11
[2025-09-20 00:53:05.456] 
[2025-09-20 00:53:05.456]  OUT = 12
[2025-09-20 00:53:05.456] 
[2025-09-20 00:53:05.456] [DCU->FEP]:::: 26 byte(s)
[2025-09-20 00:53:05.459] 00: e1 10 20 00 00 00 64 11 64 00 0e 16 25 09 20 00 53 02 00 00 
[2025-09-20 00:53:05.481] 01: 1f 04 01 01 d5 e2 
[2025-09-20 00:53:05.521] 
[2025-09-20 00:53:05.521]  PKT ID = 31
[2025-09-20 00:53:05.526]  IN = 15
[2025-09-20 00:53:05.526] 
[2025-09-20 00:53:05.526] [DCU<-RCU]:::: 24 byte(s)
[2025-09-20 00:53:05.528] 00: 02 c8 00 0f ed 69 00 12 16 25 09 20 00 53 03 00 00 1f 04 01 
[2025-09-20 00:53:05.543] 01: 01 12 4c 03 
[2025-09-20 00:53:05.550] 
[2025-09-20 00:53:05.550] [DCU->RCU]:::: 16 byte(s)
[2025-09-20 00:53:05.552] 00: 02 00 c8 07 00 41 69 00 00 00 00 00 00 02 e2 03 
[2025-09-20 00:53:05.676] 
[2025-09-20 00:53:05.676] PKT ID = 0
[2025-09-20 00:53:05.678]  EMPTY TCU
[2025-09-20 00:53:05.678] 
[2025-09-20 00:53:05.678] [DCU<-RCU]:::: 24 byte(s)
[2025-09-20 00:53:05.684] 00: 02 c8 00 0f ec 69 00 00 16 00 00 00 00 00 00 00 00 00 04 01 
[2025-09-20 00:53:05.702] 01: 01 6c f4 03 
[2025-09-20 00:53:05.707] 
[2025-09-20 00:53:05.707] [DCU->RCU]:::: 16 byte(s)
[2025-09-20 00:53:05.709] 00: 02 00 c8 07 00 41 69 00 00 00 00 00 00 02 e2 03 
[2025-09-20 00:53:05.750] 
[2025-09-20 00:53:05.761] [DCU<-FEP]:::: 11 byte(s)
[2025-09-20 00:53:05.761] 00: e1 10 20 00 64 00 00 02 41 b7 e2 
[2025-09-20 00:53:05.763] INFO : [CLIENT] Fep Frame receive!!
[2025-09-20 00:53:05.765] INFO : Rcv Ack 12
[2025-09-20 00:53:05.767] 
[2025-09-20 00:53:05.771]  OUT = 13
[2025-09-20 00:53:05.771] 
[2025-09-20 00:53:05.771] [DCU->FEP]:::: 26 byte(s)
[2025-09-20 00:53:05.775] 00: e1 10 20 00 00 00 64 11 64 00 0f 16 25 09 20 00 53 02 00 00 
[2025-09-20 00:53:05.805] 01: 1f 04 01 01 d6 e2 
[2025-09-20 00:53:05.833] 
[2025-09-20 00:53:05.833]  PKT ID = 0
[2025-09-20 00:53:05.834]  EMPTY TCU
[2025-09-20 00:53:05.834] 
[2025-09-20 00:53:05.836] [DCU<-RCU]:::: 24 byte(s)
[2025-09-20 00:53:05.837] 00: 02 c8 00 0f eb 69 00 00 16 00 00 00 00 00 00 00 00 00 04 01 
[2025-09-20 00:53:05.857] 01: 01 41 84 03 
[2025-09-20 00:53:05.861] 
[2025-09-20 00:53:05.863] [DCU->RCU]:::: 16 byte(s)
[2025-09-20 00:53:05.865] 00: 02 00 c8 07 00 41 69 00 00 00 00 00 00 02 e2 03 
[2025-09-20 00:53:05.989] 
[2025-09-20 00:53:05.992]  PKT ID = 0
[2025-09-20 00:53:05.992]  EMPTY TCU
[2025-09-20 00:53:05.992] 
[2025-09-20 00:53:05.995] [DCU<-RCU]:::: 24 byte(s)
[2025-09-20 00:53:05.995] 00: 02 c8 00 0f ea 69 00 00 16 00 00 00 00 00 00 00 00 00 04 01 
[2025-09-20 00:53:06.014] 01: 01 4e 94 03 
[2025-09-20 00:53:06.019] 
[2025-09-20 00:53:06.021] [DCU->RCU]:::: 16 byte(s)
[2025-09-20 00:53:06.024] 00: 02 00 c8 07 00 41 69 00 00 00 00 00 00 02 e2 03 
[2025-09-20 00:53:06.064] 
[2025-09-20 00:53:06.064] [DCU<-FEP]:::: 11 byte(s)
[2025-09-20 00:53:06.074] 00: e1 10 20 00 64 00 00 02 41 b7 e2 
[2025-09-20 00:53:06.077] INFO : [CLIENT] Fep Frame receive!!
[2025-09-20 00:53:06.078] INFO : Rcv Ack 13
[2025-09-20 00:53:06.082] 
[2025-09-20 00:53:06.082]  OUT = 14
[2025-09-20 00:53:06.082] 
[2025-09-20 00:53:06.082] [DCU->FEP]:::: 26 byte(s)
[2025-09-20 00:53:06.086] 00: e1 10 20 00 00 00 64 11 64 00 11 16 25 09 20 00 53 03 00 00 
[2025-09-20 00:53:06.111] 01: 1f 04 01 01 d9 e2 
[2025-09-20 00:53:06.145] 
[2025-09-20 00:53:06.147]  PKT ID = 0
[2025-09-20 00:53:06.147]  EMPTY TCU
[2025-09-20 00:53:06.149] 
[2025-09-20 00:53:06.149] [DCU<-RCU]:::: 24 byte(s)
[2025-09-20 00:53:06.151] 00: 02 c8 00 0f e9 69 00 00 16 00 00 00 00 00 00 00 00 00 04 01 
[2025-09-20 00:53:06.171] 01: 01 5f a4 03 
[2025-09-20 00:53:06.175] 
[2025-09-20 00:53:06.175] [DCU->RCU]:::: 16 byte(s)
[2025-09-20 00:53:06.177] 00: 02 00 c8 07 00 41 69 00 00 00 00 00 00 02 e2 03 
[2025-09-20 00:53:06.300] 
[2025-09-20 00:53:06.300] PKT ID = 0
[2025-09-20 00:53:06.303]  EMPTY TCU
[2025-09-20 00:53:06.303] 
[2025-09-20 00:53:06.303] [DCU<-RCU]:::: 24 byte(s)
[2025-09-20 00:53:06.309] 00: 02 c8 00 0f e8 69 00 00 16 00 00 00 00 00 00 00 00 00 04 01 
[2025-09-20 00:53:06.326] 01: 01 50 b4 03 
[2025-09-20 00:53:06.332] 
[2025-09-20 00:53:06.332] [DCU->RCU]:::: 16 byte(s)
[2025-09-20 00:53:06.332] 00: 02 00 c8 07 00 41 69 00 00 00 00 00 00 02 e2 03 
[2025-09-20 00:53:06.375] 
[2025-09-20 00:53:06.387] [DCU<-FEP]:::: 11 byte(s)
[2025-09-20 00:53:06.387] 00: e1 10 20 00 64 00 00 02 41 b7 e2 
[2025-09-20 00:53:06.390] INFO : [CLIENT] Fep Frame receive!!
[2025-09-20 00:53:06.390] INFO : Rcv Ack 14
[2025-09-20 00:53:06.393] 
[2025-09-20 00:53:06.393]  OUT = 15
[2025-09-20 00:53:06.393] 
[2025-09-20 00:53:06.395] [DCU->FEP]:::: 26 byte(s)
[2025-09-20 00:53:06.396] 00: e1 10 20 00 00 00 64 11 64 00 12 16 25 09 20 00 53 03 00 00 
[2025-09-20 00:53:06.425] 01: 1f 04 01 01 da e2 
[2025-09-20 00:53:06.460] 
[2025-09-20 00:53:06.460]  PKT ID = 0
[2025-09-20 00:53:06.460]  EMPTY TCU
[2025-09-20 00:53:06.465] 
[2025-09-20 00:53:06.465] [DCU<-RCU]:::: 24 byte(s)
[2025-09-20 00:53:06.465] 00: 02 c8 00 0f e7 69 00 00 16 00 00 00 00 00 00 00 00 00 04 01 
[2025-09-20 00:53:06.484] 01: 01 05 44 03 
[2025-09-20 00:53:06.487] 
[2025-09-20 00:53:06.490] [DCU->RCU]:::: 16 byte(s)
[2025-09-20 00:53:06.493] 00: 02 00 c8 07 00 41 69 00 00 00 00 00 00 02 e2 03 
[2025-09-20 00:53:06.615] 
[2025-09-20 00:53:06.618]  PKT ID = 0
[2025-09-20 00:53:06.618]  EMPTY TCU
[2025-09-20 00:53:06.618] 
[2025-09-20 00:53:06.620] [DCU<-RCU]:::: 24 byte(s)
[2025-09-20 00:53:06.622] 00: 02 c8 00 0f e6 69 00 00 16 00 00 00 00 00 00 00 00 00 04 01 
[2025-09-20 00:53:06.644] 01: 01 0a 54 03 
[2025-09-20 00:53:06.646] 
[2025-09-20 00:53:06.646] [DCU->RCU]:::: 16 byte(s)
[2025-09-20 00:53:06.648] 00: 02 00 c8 07 00 41 69 00 00 00 00 00 00 02 e2 03 
[2025-09-20 00:53:06.688] 
[2025-09-20 00:53:06.698] [DCU<-FEP]:::: 11 byte(s)
[2025-09-20 00:53:06.698] 00: e1 10 20 00 64 00 00 02 41 b7 e2 
[2025-09-20 00:53:06.700] INFO : [CLIENT] Fep Frame receive!!
[2025-09-20 00:53:06.703] INFO : Rcv Ack 15
[2025-09-20 00:53:06.770] 
[2025-09-20 00:53:06.771]  PKT ID = 0
[2025-09-20 00:53:06.771]  EMPTY TCU
[2025-09-20 00:53:06.771] 
[2025-09-20 00:53:06.771] [DCU<-RCU]:::: 24 byte(s)
[2025-09-20 00:53:06.774] 00: 02 c8 00 0f e5 69 00 00 16 00 00 00 00 00 00 00 00 00 04 01 
[2025-09-20 00:53:06.792] 01: 01 1b 64 03 
[2025-09-20 00:53:06.799] 
[2025-09-20 00:53:06.799] [DCU->RCU]:::: 16 byte(s)
[2025-09-20 00:53:06.801] 00: 02 00 c8 07 00 41 69 00 00 00 00 00 00 02 e2 03 
[2025-09-20 00:53:06.922] 
[2025-09-20 00:53:06.925]  PKT ID = 0
[2025-09-20 00:53:06.925]  EMPTY TCU
[2025-09-20 00:53:06.925] 
[2025-09-20 00:53:06.925] [DCU<-RCU]:::: 24 byte(s)
[2025-09-20 00:53:06.931] 00: 02 c8 00 0f e4 69 00 00 16 00 00 00 00 00 00 00 00 00 04 01 
[2025-09-20 00:53:06.947] 01: 01 14 74 03 
[2025-09-20 00:53:06.952] 
[2025-09-20 00:53:06.954] [DCU->RCU]:::: 16 byte(s)
[2025-09-20 00:53:06.955] 00: 02 00 c8 07 00 41 69 00 00 00 00 00 00 02 e2 03 
[2025-09-20 00:53:06.996] 
[2025-09-20 00:53:06.996] [DCU<-FEP]:::: 11 byte(s)
[2025-09-20 00:53:07.006] 00: e1 10 20 00 64 00 00 02 41 b7 e2 
[2025-09-20 00:53:07.011] INFO : [CLIENT] Fep Frame receive!!
[2025-09-20 00:53:07.012] INFO : Rcv Ack 16
[2025-09-20 00:53:07.078] 
[2025-09-20 00:53:07.078]  PKT ID = 0
[2025-09-20 00:53:07.080]  EMPTY TCU
[2025-09-20 00:53:07.080] 
[2025-09-20 00:53:07.080] [DCU<-RCU]:::: 24 byte(s)
[2025-09-20 00:53:07.082] 00: 02 c8 00 0f e3 69 00 00 16 00 00 00 00 00 00 00 00 00 04 01 
[2025-09-20 00:53:07.102] 01: 01 39 04 03 
[2025-09-20 00:53:07.108] 
[2025-09-20 00:53:07.108] [DCU->RCU]:::: 16 byte(s)
[2025-09-20 00:53:07.110] 00: 02 00 c8 07 00 41 69 00 00 00 00 00 00 02 e2 03 
[2025-09-20 00:53:07.234] 
[2025-09-20 00:53:07.236]  PKT ID = 0
[2025-09-20 00:53:07.236]  EMPTY TCU
[2025-09-20 00:53:07.236] 
[2025-09-20 00:53:07.238] [DCU<-RCU]:::: 24 byte(s)
[2025-09-20 00:53:07.240] 00: 02 c8 00 0f e2 69 00 00 16 00 00 00 00 00 00 00 00 00 04 01 
[2025-09-20 00:53:07.258] 01: 01 36 14 03 
[2025-09-20 00:53:07.264] 
[2025-09-20 00:53:07.264] [DCU->RCU]:::: 16 byte(s)
[2025-09-20 00:53:07.267] 00: 02 00 c8 07 00 41 69 00 00 00 00 00 00 02 e2 03 
[2025-09-20 00:53:07.389] 
[2025-09-20 00:53:07.392]  PKT ID = 0
[2025-09-20 00:53:07.392]  EMPTY TCU
[2025-09-20 00:53:07.392] 
[2025-09-20 00:53:07.394] [DCU<-RCU]:::: 24 byte(s)
[2025-09-20 00:53:07.395] 00: 02 c8 00 0f e1 69 00 00 16 00 00 00 00 00 00 00 00 00 04 01 
[2025-09-20 00:53:07.412] 01: 01 27 24 03 
[2025-09-20 00:53:07.419] 
[2025-09-20 00:53:07.419] [DCU->RCU]:::: 16 byte(s)
[2025-09-20 00:53:07.422] 00: 02 00 c8 07 00 41 69 00 00 00 00 00 00 02 e2 03 
[2025-09-20 00:53:07.542] 
[2025-09-20 00:53:07.544]  PKT ID = 0
[2025-09-20 00:53:07.544]  EMPTY TCU
[2025-09-20 00:53:07.544] 
[2025-09-20 00:53:07.546] [DCU<-RCU]:::: 24 byte(s)
[2025-09-20 00:53:07.549] 00: 02 c8 00 0f e0 69 00 00 16 00 00 00 00 00 00 00 00 00 04 01 
[2025-09-20 00:53:07.568] 01: 01 28 34 03 
[2025-09-20 00:53:07.571] 
[2025-09-20 00:53:07.571] [DCU->RCU]:::: 16 byte(s)
[2025-09-20 00:53:07.574] 00: 02 00 c8 07 00 41 69 00 00 00 00 00 00 02 e2 03 
[2025-09-20 00:53:07.700] 
[2025-09-20 00:53:07.706]  PKT ID = 0
[2025-09-20 00:53:07.706]  EMPTY TCU
[2025-09-20 00:53:07.706] 
[2025-09-20 00:53:07.706] [DCU<-RCU]:::: 24 byte(s)
[2025-09-20 00:53:07.710] 00: 02 c8 00 0f df 69 00 00 16 00 00 00 00 00 00 00 00 00 04 01 
[2025-09-20 00:53:07.726] 01: 01 5e dd 03 
[2025-09-20 00:53:07.732] 
[2025-09-20 00:53:07.732] [DCU->RCU]:::: 16 byte(s)
[2025-09-20 00:53:07.735] 00: 02 00 c8 07 00 41 69 00 00 00 00 00 00 02 e2 03 
[2025-09-20 00:53:07.856] 
[2025-09-20 00:53:07.860] PKT ID = 0
[2025-09-20 00:53:07.860]  EMPTY TCU
[2025-09-20 00:53:07.860] 
[2025-09-20 00:53:07.860] [DCU<-RCU]:::: 24 byte(s)
[2025-09-20 00:53:07.861] 00: 02 c8 00 0f de 69 00 00 16 00 00 00 00 00 00 00 00 00 04 01 
[2025-09-20 00:53:07.881] 01: 01 51 cd 03 
[2025-09-20 00:53:07.886] 
[2025-09-20 00:53:07.886] [DCU->RCU]:::: 16 byte(s)
[2025-09-20 00:53:07.893] 00: 02 00 c8 07 00 41 69 00 00 00 00 00 00 02 e2 03 
[2025-09-20 00:53:08.010] 
[2025-09-20 00:53:08.010]  PKT ID = 0
[2025-09-20 00:53:08.012]  EMPTY TCU
[2025-09-20 00:53:08.014] 
[2025-09-20 00:53:08.014] [DCU<-RCU]:::: 24 byte(s)
[2025-09-20 00:53:08.017] 00: 02 c8 00 0f dd 69 00 00 16 00 00 00 00 00 00 00 00 00 04 01 
[2025-09-20 00:53:08.036] 01: 01 40 fd 03 
[2025-09-20 00:53:08.039] 
[2025-09-20 00:53:08.039] [DCU->RCU]:::: 16 byte(s)
[2025-09-20 00:53:08.043] 00: 02 00 c8 07 00 41 69 00 00 00 00 00 00 02 e2 03 
[2025-09-20 00:53:08.167] 
[2025-09-20 00:53:08.170]  PKT ID = 0
[2025-09-20 00:53:08.170]  EMPTY TCU
[2025-09-20 00:53:08.170] 
[2025-09-20 00:53:08.170] [DCU<-RCU]:::: 24 byte(s)
[2025-09-20 00:53:08.172] 00: 02 c8 00 0f dc 69 00 00 16 00 00 00 00 00 00 00 00 00 04 01 
[2025-09-20 00:53:08.192] 01: 01 4f ed 03 
[2025-09-20 00:53:08.196] 
[2025-09-20 00:53:08.197] [DCU->RCU]:::: 16 byte(s)
[2025-09-20 00:53:08.200] 00: 02 00 c8 07 00 41 69 00 00 00 00 00 00 02 e2 03 
[2025-09-20 00:53:08.322] 
[2025-09-20 00:53:08.325]  PKT ID = 0
[2025-09-20 00:53:08.325]  EMPTY TCU
[2025-09-20 00:53:08.325] 
[2025-09-20 00:53:08.325] [DCU<-RCU]:::: 24 byte(s)
[2025-09-20 00:53:08.330] 00: 02 c8 00 0f db 69 00 00 16 00 00 00 00 00 00 00 00 00 04 01 
[2025-09-20 00:53:08.351] 01: 01 62 9d 03 
[2025-09-20 00:53:08.356] 
[2025-09-20 00:53:08.356] [DCU->RCU]:::: 16 byte(s)
[2025-09-20 00:53:08.356] 00: 02 00 c8 07 00 41 69 00 00 00 00 00 00 02 e2 03 
[2025-09-20 00:53:08.478] 
[2025-09-20 00:53:08.480]  PKT ID = 0
[2025-09-20 00:53:08.480]  EMPTY TCU
[2025-09-20 00:53:08.480] 
[2025-09-20 00:53:08.484] [DCU<-RCU]:::: 24 byte(s)
[2025-09-20 00:53:08.484] 00: 02 c8 00 0f da 69 00 00 16 00 00 00 00 00 00 00 00 00 04 01 
[2025-09-20 00:53:08.504] 01: 01 6d 8d 03 
[2025-09-20 00:53:08.508] 
[2025-09-20 00:53:08.508] [DCU->RCU]:::: 16 byte(s)
[2025-09-20 00:53:08.513] 00: 02 00 c8 07 00 41 69 00 00 00 00 00 00 02 e2 03 
[2025-09-20 00:53:08.632] 
[2025-09-20 00:53:08.634]  PKT ID = 0
[2025-09-20 00:53:08.634]  EMPTY TCU
[2025-09-20 00:53:08.634] 
[2025-09-20 00:53:08.637] [DCU<-RCU]:::: 24 byte(s)
[2025-09-20 00:53:08.639] 00: 02 c8 00 0f d9 69 00 00 16 00 00 00 00 00 00 00 00 00 04 01 
[2025-09-20 00:53:08.659] 01: 01 7c bd 03 
[2025-09-20 00:53:08.663] 
[2025-09-20 00:53:08.663] [DCU->RCU]:::: 16 byte(s)
[2025-09-20 00:53:08.667] 00: 02 00 c8 07 00 41 69 00 00 00 00 00 00 02 e2 03 
[2025-09-20 00:53:08.791] 
[2025-09-20 00:53:08.795]  PKT ID = 0
[2025-09-20 00:53:08.795]  EMPTY TCU
[2025-09-20 00:53:08.795] 
[2025-09-20 00:53:08.795] [DCU<-RCU]:::: 24 byte(s)
[2025-09-20 00:53:08.798] 00: 02 c8 00 0f d8 69 00 00 16 00 00 00 00 00 00 00 00 00 04 01 
[2025-09-20 00:53:08.815] 01: 01 73 ad 03 
[2025-09-20 00:53:08.821] 
[2025-09-20 00:53:08.821] [DCU->RCU]:::: 16 byte(s)
[2025-09-20 00:53:08.822] 00: 02 00 c8 07 00 41 69 00 00 00 00 00 00 02 e2 03 
[2025-09-20 00:53:08.945] 
[2025-09-20 00:53:08.947]  PKT ID = 0
[2025-09-20 00:53:08.947]  EMPTY TCU
[2025-09-20 00:53:08.947] 
[2025-09-20 00:53:08.947] [DCU<-RCU]:::: 24 byte(s)
[2025-09-20 00:53:08.951] 00: 02 c8 00 0f d7 69 00 00 16 00 00 00 00 00 00 00 00 00 04 01 
[2025-09-20 00:53:08.968] 01: 01 26 5d 03 
[2025-09-20 00:53:08.974] 
[2025-09-20 00:53:08.974] [DCU->RCU]:::: 16 byte(s)
[2025-09-20 00:53:08.976] 00: 02 00 c8 07 00 41 69 00 00 00 00 00 00 02 e2 03 
[2025-09-20 00:53:09.101] 
[2025-09-20 00:53:09.102]  PKT ID = 0
[2025-09-20 00:53:09.102]  EMPTY TCU
[2025-09-20 00:53:09.106] 
[2025-09-20 00:53:09.106] [DCU<-RCU]:::: 24 byte(s)
[2025-09-20 00:53:09.111] 00: 02 c8 00 0f d6 69 00 00 16 00 00 00 00 00 00 00 00 00 04 01 
[2025-09-20 00:53:09.130] 01: 01 29 4d 03 
[2025-09-20 00:53:09.132] 
[2025-09-20 00:53:09.132] [DCU->RCU]:::: 16 byte(s)
[2025-09-20 00:53:09.134] 00: 02 00 c8 07 00 41 69 00 00 00 00 00 00 02 e2 03 
[2025-09-20 00:53:09.255] 
[2025-09-20 00:53:09.261]  PKT ID = 0
[2025-09-20 00:53:09.261]  EMPTY TCU
[2025-09-20 00:53:09.261] 
[2025-09-20 00:53:09.261] [DCU<-RCU]:::: 24 byte(s)
[2025-09-20 00:53:09.263] 00: 02 c8 00 0f d5 69 00 00 16 00 00 00 00 00 00 00 00 00 04 01 
[2025-09-20 00:53:09.280] 01: 01 38 7d 03 
[2025-09-20 00:53:09.286] 
[2025-09-20 00:53:09.286] [DCU->RCU]:::: 16 byte(s)
[2025-09-20 00:53:09.288] 00: 02 00 c8 07 00 41 69 00 00 00 00 00 00 02 e2 03 
[2025-09-20 00:53:09.411] 
[2025-09-20 00:53:09.413]  PKT ID = 0
[2025-09-20 00:53:09.413]  EMPTY TCU
[2025-09-20 00:53:09.415] 
[2025-09-20 00:53:09.415] [DCU<-RCU]:::: 24 byte(s)
[2025-09-20 00:53:09.418] 00: 02 c8 00 0f d4 69 00 00 16 00 00 00 00 00 00 00 00 00 04 01 
[2025-09-20 00:53:09.437] 01: 01 37 6d 03 
[2025-09-20 00:53:09.443] 
[2025-09-20 00:53:09.443] [DCU->RCU]:::: 16 byte(s)
[2025-09-20 00:53:09.445] 00: 02 00 c8 07 00 41 69 00 00 00 00 00 00 02 e2 03 
[2025-09-20 00:53:09.566] 
[2025-09-20 00:53:09.567]  PKT ID = 0
[2025-09-20 00:53:09.567]  EMPTY TCU
[2025-09-20 00:53:09.567] 
[2025-09-20 00:53:09.569] [DCU<-RCU]:::: 24 byte(s)
[2025-09-20 00:53:09.571] 00: 02 c8 00 0f d3 69 00 00 16 00 00 00 00 00 00 00 00 00 04 01 
[2025-09-20 00:53:09.590] 01: 01 1a 1d 03 
[2025-09-20 00:53:09.594] 
[2025-09-20 00:53:09.596] [DCU->RCU]:::: 16 byte(s)
[2025-09-20 00:53:09.598] 00: 02 00 c8 07 00 41 69 00 00 00 00 00 00 02 e2 03 
[2025-09-20 00:53:09.723] 
[2025-09-20 00:53:09.723]  PKT ID = 0
[2025-09-20 00:53:09.725]  EMPTY TCU
[2025-09-20 00:53:09.725] 
[2025-09-20 00:53:09.725] [DCU<-RCU]:::: 24 byte(s)
[2025-09-20 00:53:09.727] 00: 02 c8 00 0f d2 69 00 00 16 00 00 00 00 00 00 00 00 00 04 01 
[2025-09-20 00:53:09.747] 01: 01 15 0d 03 
[2025-09-20 00:53:09.751] 
[2025-09-20 00:53:09.751] [DCU->RCU]:::: 16 byte(s)
[2025-09-20 00:53:09.752] 00: 02 00 c8 07 00 41 69 00 00 00 00 00 00 02 e2 03 
[2025-09-20 00:53:09.878] 
[2025-09-20 00:53:09.880]  PKT ID = 0
[2025-09-20 00:53:09.880]  EMPTY TCU
[2025-09-20 00:53:09.882] 
[2025-09-20 00:53:09.882] [DCU<-RCU]:::: 24 byte(s)
[2025-09-20 00:53:09.884] 00: 02 c8 00 0f d1 69 00 00 16 00 00 00 00 00 00 00 00 00 04 01 
[2025-09-20 00:53:09.905] 01: 01 04 3d 03 
[2025-09-20 00:53:09.909] 
[2025-09-20 00:53:09.909] [DCU->RCU]:::: 16 byte(s)
[2025-09-20 00:53:09.911] 00: 02 00 c8 07 00 41 69 00 00 00 00 00 00 02 e2 03 
[2025-09-20 00:53:10.035] 
[2025-09-20 00:53:10.037]  PKT ID = 0
[2025-09-20 00:53:10.037]  EMPTY TCU
[2025-09-20 00:53:10.041] 
[2025-09-20 00:53:10.041] [DCU<-RCU]:::: 24 byte(s)
[2025-09-20 00:53:10.041] 00: 02 c8 00 0f d0 69 00 00 16 00 00 00 00 00 00 00 00 00 04 01 
[2025-09-20 00:53:10.060] 01: 01 0b 2d 03 
[2025-09-20 00:53:10.066] 
[2025-09-20 00:53:10.066] [DCU->RCU]:::: 16 byte(s)
[2025-09-20 00:53:10.068] 00: 02 00 c8 07 00 41 69 00 00 00 00 00 00 02 e2 03 
[2025-09-20 00:53:10.191] 
[2025-09-20 00:53:10.191]  PKT ID = 0
[2025-09-20 00:53:10.193]  EMPTY TCU
[2025-09-20 00:53:10.193] 
[2025-09-20 00:53:10.193] [DCU<-RCU]:::: 24 byte(s)
[2025-09-20 00:53:10.197] 00: 02 c8 00 0f cf 69 00 00 16 00 00 00 00 00 00 00 00 00 04 01 
[2025-09-20 00:53:10.214] 01: 01 bf d5 03 
[2025-09-20 00:53:10.220] 
[2025-09-20 00:53:10.220] [DCU->RCU]:::: 16 byte(s)
[2025-09-20 00:53:10.224] 00: 02 00 c8 07 00 41 69 00 00 00 00 00 00 02 e2 03 
[2025-09-20 00:53:10.345] 
[2025-09-20 00:53:10.347]  PKT ID = 0
[2025-09-20 00:53:10.347]  EMPTY TCU
[2025-09-20 00:53:10.347] 
[2025-09-20 00:53:10.353] [DCU<-RCU]:::: 24 byte(s)
[2025-09-20 00:53:10.354] 00: 02 c8 00 0f ce 69 00 00 16 00 00 00 00 00 00 00 00 00 04 01 
[2025-09-20 00:53:10.372] 01: 01 b0 c5 03 
[2025-09-20 00:53:10.378] 
[2025-09-20 00:53:10.378] [DCU->RCU]:::: 16 byte(s)
[2025-09-20 00:53:10.378] 00: 02 00 c8 07 00 41 69 00 00 00 00 00 00 02 e2 03 
[2025-09-20 00:53:10.506] 
[2025-09-20 00:53:10.506]  PKT ID = 0
[2025-09-20 00:53:10.506]  EMPTY TCU
[2025-09-20 00:53:10.521] 
[2025-09-20 00:53:10.521] [DCU<-RCU]:::: 24 byte(s)
[2025-09-20 00:53:10.521] 00: 02 c8 00 0f cd 69 00 00 16 00 00 00 00 00 00 00 00 00 04 01 
[2025-09-20 00:53:10.531] 01: 01 a1 f5 03 
[2025-09-20 00:53:10.538] 
[2025-09-20 00:53:10.538] [DCU->RCU]:::: 16 byte(s)
[2025-09-20 00:53:10.538] 00: 02 00 c8 07 00 41 69 00 00 00 00 00 00 02 e2 03 
[2025-09-20 00:53:10.657] 
[2025-09-20 00:53:10.657]  PKT ID = 0
[2025-09-20 00:53:10.667]  EMPTY TCU
[2025-09-20 00:53:10.667] 
[2025-09-20 00:53:10.667] [DCU<-RCU]:::: 24 byte(s)
[2025-09-20 00:53:10.667] 00: 02 c8 00 0f cc 69 00 00 16 00 00 00 00 00 00 00 00 00 04 01 
[2025-09-20 00:53:10.688] 01: 01 ae e5 03 
[2025-09-20 00:53:10.688] 
[2025-09-20 00:53:10.688] [DCU->RCU]:::: 16 byte(s)
[2025-09-20 00:53:10.699] 00: 02 00 c8 07 00 41 69 00 00 00 00 00 00 02 e2 03 
[2025-09-20 00:53:10.816] 
[2025-09-20 00:53:10.816]  PKT ID = 0
[2025-09-20 00:53:10.816]  EMPTY TCU
[2025-09-20 00:53:10.816] 
[2025-09-20 00:53:10.828] [DCU<-RCU]:::: 24 byte(s)
[2025-09-20 00:53:10.828] 00: 02 c8 00 0f cb 69 00 00 16 00 00 00 00 00 00 00 00 00 04 01 
[2025-09-20 00:53:10.857] 01: 01 83 95 03 
[2025-09-20 00:53:10.857] 
[2025-09-20 00:53:10.857] [DCU->RCU]:::: 16 byte(s)
[2025-09-20 00:53:10.857] 00: 02 00 c8 07 00 41 69 00 00 00 00 00 00 02 e2 03 
[2025-09-20 00:53:10.962] 
[2025-09-20 00:53:10.962]  PKT ID = 0
[2025-09-20 00:53:10.963]  EMPTY TCU
[2025-09-20 00:53:10.964] 
[2025-09-20 00:53:10.965] [DCU<-RCU]:::: 24 byte(s)
[2025-09-20 00:53:10.973] 00: 02 c8 00 0f ca 69 00 00 16 00 00 00 00 00 00 00 00 00 04 01 
[2025-09-20 00:53:10.984] 01: 01 8c 85 03 
[2025-09-20 00:53:10.988] 
[2025-09-20 00:53:10.989] [DCU->RCU]:::: 16 byte(s)
[2025-09-20 00:53:10.991] 00: 02 00 c8 07 00 41 69 00 00 00 00 00 00 02 e2 03 
[2025-09-20 00:53:11.114] 
[2025-09-20 00:53:11.114]  PKT ID = 0
[2025-09-20 00:53:11.116]  EMPTY TCU
[2025-09-20 00:53:11.116] 
[2025-09-20 00:53:11.116] [DCU<-RCU]:::: 24 byte(s)
[2025-09-20 00:53:11.119] 00: 02 c8 00 0f c9 69 00 00 16 00 00 00 00 00 00 00 00 00 04 01 
[2025-09-20 00:53:11.138] 01: 01 9d b5 03 
[2025-09-20 00:53:11.145] 
[2025-09-20 00:53:11.145] [DCU->RCU]:::: 16 byte(s)
[2025-09-20 00:53:11.146] 00: 02 00 c8 07 00 41 69 00 00 00 00 00 00 02 e2 03 
[2025-09-20 00:53:11.268] 
[2025-09-20 00:53:11.268]  PKT ID = 0
[2025-09-20 00:53:11.270]  EMPTY TCU
[2025-09-20 00:53:11.270] 
[2025-09-20 00:53:11.272] [DCU<-RCU]:::: 24 byte(s)
[2025-09-20 00:53:11.278] 00: 02 c8 00 0f c8 69 00 00 16 00 00 00 00 00 00 00 00 00 04 01 
[2025-09-20 00:53:11.296] 01: 01 92 a5 03 
[2025-09-20 00:53:11.304] 
[2025-09-20 00:53:11.304] [DCU->RCU]:::: 16 byte(s)
[2025-09-20 00:53:11.304] 00: 02 00 c8 07 00 41 69 00 00 00 00 00 00 02 e2 03 
[2025-09-20 00:53:11.422] 
[2025-09-20 00:53:11.422]  PKT ID = 0
[2025-09-20 00:53:11.424]  EMPTY TCU
[2025-09-20 00:53:11.424] 
[2025-09-20 00:53:11.425] [DCU<-RCU]:::: 24 byte(s)
[2025-09-20 00:53:11.427] 00: 02 c8 00 0f c7 69 00 00 16 00 00 00 00 00 00 00 00 00 04 01 
[2025-09-20 00:53:11.445] 01: 01 c7 55 03 
[2025-09-20 00:53:11.451] 
[2025-09-20 00:53:11.451] [DCU->RCU]:::: 16 byte(s)
[2025-09-20 00:53:11.451] 00: 02 00 c8 07 00 41 69 00 00 00 00 00 00 02 e2 03 
[2025-09-20 00:53:11.569] 
[2025-09-20 00:53:11.569]  PKT ID = 0
[2025-09-20 00:53:11.571]  EMPTY TCU
[2025-09-20 00:53:11.571] 
[2025-09-20 00:53:11.574] [DCU<-RCU]:::: 24 byte(s)
[2025-09-20 00:53:11.579] 00: 02 c8 00 0f c6 69 00 00 16 00 00 00 00 00 00 00 00 00 04 01 
[2025-09-20 00:53:11.596] 01: 01 c8 45 03 
[2025-09-20 00:53:11.600] 
[2025-09-20 00:53:11.600] [DCU->RCU]:::: 16 byte(s)
[2025-09-20 00:53:11.602] 00: 02 00 c8 07 00 41 69 00 00 00 00 00 00 02 e2 03 
[2025-09-20 00:53:11.723] 
[2025-09-20 00:53:11.725]  PKT ID = 0
[2025-09-20 00:53:11.725]  EMPTY TCU
[2025-09-20 00:53:11.725] 
[2025-09-20 00:53:11.725] [DCU<-RCU]:::: 24 byte(s)
[2025-09-20 00:53:11.728] 00: 02 c8 00 0f c5 69 00 00 16 00 00 00 00 00 00 00 00 00 04 01 
[2025-09-20 00:53:11.746] 01: 01 d9 75 03 
[2025-09-20 00:53:11.751] 
[2025-09-20 00:53:11.751] [DCU->RCU]:::: 16 byte(s)
[2025-09-20 00:53:11.754] 00: 02 00 c8 07 00 41 69 00 00 00 00 00 00 02 e2 03 
[2025-09-20 00:53:11.880] 
[2025-09-20 00:53:11.880]  PKT ID = 0
[2025-09-20 00:53:11.882]  EMPTY TCU
[2025-09-20 00:53:11.882] 
[2025-09-20 00:53:11.885] [DCU<-RCU]:::: 24 byte(s)
[2025-09-20 00:53:11.887] 00: 02 c8 00 0f c4 69 00 00 16 00 00 00 00 00 00 00 00 00 04 01 
[2025-09-20 00:53:11.908] 01: 01 d6 65 03 
[2025-09-20 00:53:11.912] 
[2025-09-20 00:53:11.912] [DCU->RCU]:::: 16 byte(s)
[2025-09-20 00:53:11.916] 00: 02 00 c8 07 00 41 69 00 00 00 00 00 00 02 e2 03 
[2025-09-20 00:53:12.036] 
[2025-09-20 00:53:12.038]  PKT ID = 0
[2025-09-20 00:53:12.038]  EMPTY TCU
[2025-09-20 00:53:12.038] 
[2025-09-20 00:53:12.040] [DCU<-RCU]:::: 24 byte(s)
[2025-09-20 00:53:12.044] 00: 02 c8 00 0f c3 69 00 00 16 00 00 00 00 00 00 00 00 00 04 01 
[2025-09-20 00:53:12.059] 01: 01 fb 15 03 
[2025-09-20 00:53:12.064] 
[2025-09-20 00:53:12.068] [DCU->RCU]:::: 16 byte(s)
[2025-09-20 00:53:12.068] 00: 02 00 c8 07 00 41 69 00 00 00 00 00 00 02 e2 03 
[2025-09-20 00:53:12.191] 
[2025-09-20 00:53:12.191]  PKT ID = 0
[2025-09-20 00:53:12.196]  EMPTY TCU
[2025-09-20 00:53:12.196] 
[2025-09-20 00:53:12.196] [DCU<-RCU]:::: 24 byte(s)
[2025-09-20 00:53:12.200] 00: 02 c8 00 0f c2 69 00 00 16 00 00 00 00 00 00 00 00 00 04 01 
[2025-09-20 00:53:12.221] 01: 01 f4 05 03 
[2025-09-20 00:53:12.223] 
[2025-09-20 00:53:12.223] [DCU->RCU]:::: 16 byte(s)
[2025-09-20 00:53:12.225] 00: 02 00 c8 07 00 41 69 00 00 00 00 00 00 02 e2 03 
[2025-09-20 00:53:12.351] 
[2025-09-20 00:53:12.351]  PKT ID = 0
[2025-09-20 00:53:12.363]  EMPTY TCU
[2025-09-20 00:53:12.363] 
[2025-09-20 00:53:12.363] [DCU<-RCU]:::: 24 byte(s)
[2025-09-20 00:53:12.363] 00: 02 c8 00 0f c1 69 00 00 16 00 00 00 00 00 00 00 00 00 04 01 
[2025-09-20 00:53:12.378] 01: 01 e5 35 03 
[2025-09-20 00:53:12.386] 
[2025-09-20 00:53:12.386] [DCU->RCU]:::: 16 byte(s)
[2025-09-20 00:53:12.386] 00: 02 00 c8 07 00 41 69 00 00 00 00 00 00 02 e2 03 
[2025-09-20 00:53:12.503] 
[2025-09-20 00:53:12.504]  PKT ID = 0
[2025-09-20 00:53:12.504]  EMPTY TCU
[2025-09-20 00:53:12.505] 
[2025-09-20 00:53:12.505] [DCU<-RCU]:::: 24 byte(s)
[2025-09-20 00:53:12.508] 00: 02 c8 00 0f c0 69 00 00 16 00 00 00 00 00 00 00 00 00 04 01 
[2025-09-20 00:53:12.528] 01: 01 ea 25 03 
[2025-09-20 00:53:12.533] 
[2025-09-20 00:53:12.533] [DCU->RCU]:::: 16 byte(s)
[2025-09-20 00:53:12.534] 00: 02 00 c8 07 00 41 69 00 00 00 00 00 00 02 e2 03 
[2025-09-20 00:53:12.576] CLIENT DISCONNECT!!
[2025-09-20 00:53:12.659] 
[2025-09-20 00:53:12.662]  PKT ID = 0
[2025-09-20 00:53:12.662]  EMPTY TCU
[2025-09-20 00:53:12.662] 
[2025-09-20 00:53:12.662] [DCU<-RCU]:::: 24 byte(s)
[2025-09-20 00:53:12.667] 00: 02 c8 00 0f bf 69 00 00 16 00 00 00 00 00 00 00 00 00 04 01 
[2025-09-20 00:53:12.682] 01: 01 18 ef 03 
[2025-09-20 00:53:12.688] 
[2025-09-20 00:53:12.688] [DCU->RCU]:::: 16 byte(s)
[2025-09-20 00:53:12.692] 00: 02 00 c8 07 00 41 69 00 00 00 00 00 00 02 e2 03 
[2025-09-20 00:53:12.811] 
[2025-09-20 00:53:12.812]  PKT ID = 0
[2025-09-20 00:53:12.812]  EMPTY TCU
[2025-09-20 00:53:12.813] 
[2025-09-20 00:53:12.813] [DCU<-RCU]:::: 24 byte(s)
[2025-09-20 00:53:12.815] 00: 02 c8 00 0f be 69 00 00 16 00 00 00 00 00 00 00 00 00 04 01 
[2025-09-20 00:53:12.832] 01: 01 17 ff 03 
[2025-09-20 00:53:12.836] 
[2025-09-20 00:53:12.836] [DCU->RCU]:::: 16 byte(s)
[2025-09-20 00:53:12.838] 00: 02 00 c8 07 00 41 69 00 00 00 00 00 00 02 e2 03 
[2025-09-20 00:53:12.957] 
[2025-09-20 00:53:12.957]  PKT ID = 0
[2025-09-20 00:53:12.958]  EMPTY TCU
[2025-09-20 00:53:12.959] 
[2025-09-20 00:53:12.960] [DCU<-RCU]:::: 24 byte(s)
[2025-09-20 00:53:12.962] 00: 02 c8 00 0f bd 69 00 00 16 00 00 00 00 00 00 00 00 00 04 01 
[2025-09-20 00:53:12.980] 01: 01 06 cf 03 
[2025-09-20 00:53:12.985] 
[2025-09-20 00:53:12.985] [DCU->RCU]:::: 16 byte(s)
[2025-09-20 00:53:12.986] 00: 02 00 c8 07 00 41 69 00 00 00 00 00 00 02 e2 03 
[2025-09-20 00:53:13.104] 
[2025-09-20 00:53:13.105]  PKT ID = 0
[2025-09-20 00:53:13.105]  EMPTY TCU
[2025-09-20 00:53:13.106] 
[2025-09-20 00:53:13.106] [DCU<-RCU]:::: 24 byte(s)
[2025-09-20 00:53:13.109] 00: 02 c8 00 0f bc 69 00 00 16 00 00 00 00 00 00 00 00 00 04 01 
[2025-09-20 00:53:13.125] 01: 01 09 df 03 
[2025-09-20 00:53:13.130] 
[2025-09-20 00:53:13.132] [DCU->RCU]:::: 16 byte(s)
[2025-09-20 00:53:13.132] 00: 02 00 c8 07 00 41 69 00 00 00 00 00 00 02 e2 03 
[2025-09-20 00:53:13.249] 
[2025-09-20 00:53:13.250]  PKT ID = 0
[2025-09-20 00:53:13.251]  EMPTY TCU
[2025-09-20 00:53:13.251] 
[2025-09-20 00:53:13.251] [DCU<-RCU]:::: 24 byte(s)
[2025-09-20 00:53:13.253] 00: 02 c8 00 0f bb 69 00 00 16 00 00 00 00 00 00 00 00 00 04 01 
[2025-09-20 00:53:13.270] 01: 01 24 af 03 
[2025-09-20 00:53:13.275] 
[2025-09-20 00:53:13.275] [DCU->RCU]:::: 16 byte(s)
[2025-09-20 00:53:13.277] 00: 02 00 c8 07 00 41 69 00 00 00 00 00 00 02 e2 03 
[2025-09-20 00:53:13.395] 
[2025-09-20 00:53:13.396]  PKT ID = 0
[2025-09-20 00:53:13.396]  EMPTY TCU
[2025-09-20 00:53:13.397] 
[2025-09-20 00:53:13.397] [DCU<-RCU]:::: 24 byte(s)
[2025-09-20 00:53:13.401] 00: 02 c8 00 0f ba 69 00 00 16 00 00 00 00 00 00 00 00 00 04 01 
[2025-09-20 00:53:13.418] 01: 01 2b bf 03 
[2025-09-20 00:53:13.424] 
[2025-09-20 00:53:13.427] [DCU->RCU]:::: 16 byte(s)
[2025-09-20 00:53:13.427] 00: 02 00 c8 07 00 41 69 00 00 00 00 00 00 02 e2 03 
[2025-09-20 00:53:13.550] 
[2025-09-20 00:53:13.552]  PKT ID = 0
[2025-09-20 00:53:13.552]  EMPTY TCU
[2025-09-20 00:53:13.553] 
[2025-09-20 00:53:13.553] [DCU<-RCU]:::: 24 byte(s)
[2025-09-20 00:53:13.556] 00: 02 c8 00 0f b9 69 00 00 16 00 00 00 00 00 00 00 00 00 04 01 
[2025-09-20 00:53:13.576] 01: 01 3a 8f 03 
[2025-09-20 00:53:13.581] 
[2025-09-20 00:53:13.581] [DCU->RCU]:::: 16 byte(s)
[2025-09-20 00:53:13.583] 00: 02 00 c8 07 00 41 69 00 00 00 00 00 00 02 e2 03 
[2025-09-20 00:53:13.709] 
[2025-09-20 00:53:13.709]  PKT ID = 0
[2025-09-20 00:53:13.711]  EMPTY TCU
[2025-09-20 00:53:13.711] 
[2025-09-20 00:53:13.711] [DCU<-RCU]:::: 24 byte(s)
[2025-09-20 00:53:13.713] 00: 02 c8 00 0f b8 69 00 00 16 00 00 00 00 00 00 00 00 00 04 01 
[2025-09-20 00:53:13.732] 01: 01 35 9f 03 
[2025-09-20 00:53:13.743] 
[2025-09-20 00:53:13.743] [DCU->RCU]:::: 16 byte(s)
[2025-09-20 00:53:13.746] 00: 02 00 c8 07 00 41 69 00 00 00 00 00 00 02 e2 03 
[2025-09-20 00:53:13.866] 
[2025-09-20 00:53:13.868]  PKT ID = 0
[2025-09-20 00:53:13.868]  EMPTY TCU
[2025-09-20 00:53:13.868] 
[2025-09-20 00:53:13.870] [DCU<-RCU]:::: 24 byte(s)
[2025-09-20 00:53:13.871] 00: 02 c8 00 0f b7 69 00 00 16 00 00 00 00 00 00 00 00 00 04 01 
[2025-09-20 00:53:13.891] 01: 01 60 6f 03 
[2025-09-20 00:53:13.895] 
[2025-09-20 00:53:13.897] [DCU->RCU]:::: 16 byte(s)
[2025-09-20 00:53:13.903] 00: 02 00 c8 07 00 41 69 00 00 00 00 00 00 02 e2 03 
[2025-09-20 00:53:14.025] 
[2025-09-20 00:53:14.025]  PKT ID = 0
[2025-09-20 00:53:14.028]  EMPTY TCU
[2025-09-20 00:53:14.028] 
[2025-09-20 00:53:14.028] [DCU<-RCU]:::: 24 byte(s)
[2025-09-20 00:53:14.031] 00: 02 c8 00 0f b6 69 00 00 16 00 00 00 00 00 00 00 00 00 04 01 
[2025-09-20 00:53:14.047] 01: 01 6f 7f 03 
[2025-09-20 00:53:14.050] 
[2025-09-20 00:53:14.050] [DCU->RCU]:::: 16 byte(s)
[2025-09-20 00:53:14.055] 00: 02 00 c8 07 00 41 69 00 00 00 00 00 00 02 e2 03 
[2025-09-20 00:53:14.178] 
[2025-09-20 00:53:14.180]  PKT ID = 0
[2025-09-20 00:53:14.180]  EMPTY TCU
[2025-09-20 00:53:14.180] 
[2025-09-20 00:53:14.182] [DCU<-RCU]:::: 24 byte(s)
[2025-09-20 00:53:14.184] 00: 02 c8 00 0f b5 69 00 00 16 00 00 00 00 00 00 00 00 00 04 01 
[2025-09-20 00:53:14.206] 01: 01 7e 4f 03 
[2025-09-20 00:53:14.214] 
[2025-09-20 00:53:14.214] [DCU->RCU]:::: 16 byte(s)
[2025-09-20 00:53:14.214] 00: 02 00 c8 07 00 41 69 00 00 00 00 00 00 02 e2 03 
[2025-09-20 00:53:14.333] 
[2025-09-20 00:53:14.335]  PKT ID = 0
[2025-09-20 00:53:14.335]  EMPTY TCU
[2025-09-20 00:53:14.338] 
[2025-09-20 00:53:14.338] [DCU<-RCU]:::: 24 byte(s)
[2025-09-20 00:53:14.341] 00: 02 c8 00 0f b4 69 00 00 16 00 00 00 00 00 00 00 00 00 04 01 
[2025-09-20 00:53:14.361] 01: 01 71 5f 03 
[2025-09-20 00:53:14.363] 
[2025-09-20 00:53:14.363] [DCU->RCU]:::: 16 byte(s)
[2025-09-20 00:53:14.371] 00: 02 00 c8 07 00 41 69 00 00 00 00 00 00 02 e2 03 
[2025-09-20 00:53:14.490] 
[2025-09-20 00:53:14.490]  PKT ID = 0
[2025-09-20 00:53:14.495]  EMPTY TCU
[2025-09-20 00:53:14.495] 
[2025-09-20 00:53:14.495] [DCU<-RCU]:::: 24 byte(s)
[2025-09-20 00:53:14.501] 00: 02 c8 00 0f b3 69 00 00 16 00 00 00 00 00 00 00 00 00 04 01 
[2025-09-20 00:53:14.516] 01: 01 5c 2f 03 
[2025-09-20 00:53:14.524] 
[2025-09-20 00:53:14.524] [DCU->RCU]:::: 16 byte(s)
[2025-09-20 00:53:14.528] 00: 02 00 c8 07 00 41 69 00 00 00 00 00 00 02 e2 03 
[2025-09-20 00:53:14.645] 
[2025-09-20 00:53:14.646]  PKT ID = 0
[2025-09-20 00:53:14.646]  EMPTY TCU
[2025-09-20 00:53:14.646] 
[2025-09-20 00:53:14.649] [DCU<-RCU]:::: 24 byte(s)
[2025-09-20 00:53:14.650] 00: 02 c8 00 0f b2 69 00 00 16 00 00 00 00 00 00 00 00 00 04 01 
[2025-09-20 00:53:14.675] 01: 01 53 3f 03 
[2025-09-20 00:53:14.684] 
[2025-09-20 00:53:14.684] [DCU->RCU]:::: 16 byte(s)
[2025-09-20 00:53:14.684] 00: 02 0 c8 07 00 41 6 00 00 00 00 00 02 e2 03 
[2025-09-20 00:53:14.802] 
[2025-09-20 00:53:14.802]  PKT ID = 0
[2025-09-20 00:53:14.804]  EMPTY TCU
[2025-09-20 00:53:14.804] 
[2025-09-20 00:53:14.806] [DCU<-RCU]:::: 24 byte(s)
[2025-09-20 00:53:14.808] 00: 02 c8 00 0f b1 69 00 00 16 00 00 00 00 00 00 00 00 00 04 01 
[2025-09-20 00:53:14.829] 01: 01 42 0f 03 
[2025-09-20 00:53:14.834] 
[2025-09-20 00:53:14.834] [DCU->RCU]:::: 16 byte(s)
[2025-09-20 00:53:14.839] 00: 02 00 c8 07 00 41 69 00 00 00 00 00 00 02 e2 03 
[2025-09-20 00:53:14.957] 
[2025-09-20 00:53:14.957]  PKT ID = 0
[2025-09-20 00:53:14.959]  EMPTY TCU
[2025-09-20 00:53:14.959] 
[2025-09-20 00:53:14.959] [DCU<-RCU]:::: 24 byte(s)
[2025-09-20 00:53:14.963] 00: 02 c8 00 0f b0 69 00 00 16 00 00 00 00 00 00 00 00 00 04 01 
[2025-09-20 00:53:14.981] 01: 01 4d 1f 03 
[2025-09-20 00:53:14.985] 
[2025-09-20 00:53:14.985] [DCU->RCU]:::: 16 byte(s)
[2025-09-20 00:53:14.990] 00: 02 00 c8 07 00 41 69 00 00 00 00 00 00 02 e2 03 
[2025-09-20 00:53:15.111] 
[2025-09-20 00:53:15.113]  PKT ID = 0
[2025-09-20 00:53:15.113]  EMPTY TCU
[2025-09-20 00:53:15.113] 
[2025-09-20 00:53:15.115] [DCU<-RCU]:::: 24 byte(s)
[2025-09-20 00:53:15.117] 00: 02 c8 00 0f af 69 00 00 16 00 00 00 00 00 00 00 00 00 04 01 
[2025-09-20 00:53:15.136] 01: 01 f9 e7 03 
[2025-09-20 00:53:15.140] 
[2025-09-20 00:53:15.142] [DCU->RCU]:::: 16 byte(s)
[2025-09-20 00:53:15.142] 00: 02 00 c8 07 00 41 69 00 00 00 00 00 00 02 e2 03 
[2025-09-20 00:53:15.267] 
[2025-09-20 00:53:15.269]  PKT ID = 0
[2025-09-20 00:53:15.269]  EMPTY TCU
[2025-09-20 00:53:15.272] 
[2025-09-20 00:53:15.272] [DCU<-RCU]:::: 24 byte(s)
[2025-09-20 00:53:15.274] 00: 02 c8 00 0f ae 69 00 00 16 00 00 00 00 00 00 00 00 00 04 01 
[2025-09-20 00:53:15.292] 01: 01 f6 f7 03 
[2025-09-20 00:53:15.298] 
[2025-09-20 00:53:15.300] [DCU->RCU]:::: 16 byte(s)
[2025-09-20 00:53:15.300] 00: 02 00 c8 07 00 41 69 00 00 00 00 00 00 02 e2 03 
[2025-09-20 00:53:15.424] 
[2025-09-20 00:53:15.430]  PKT ID = 0
[2025-09-20 00:53:15.430]  EMPTY TCU
[2025-09-20 00:53:15.430] 
[2025-09-20 00:53:15.430] [DCU<-RCU]:::: 24 byte(s)
[2025-09-20 00:53:15.430] 00: 02 c8 00 0f ad 69 00 00 16 00 00 00 00 00 00 00 00 00 04 01 
[2025-09-20 00:53:15.453] 01: 01 e7 c7 03 
[2025-09-20 00:53:15.454] 
[2025-09-20 00:53:15.454] [DCU->RCU]:::: 16 byte(s)
[2025-09-20 00:53:15.455] 00: 02 00 c8 07 00 41 69 00 00 00 00 00 00 02 e2 03 
[2025-09-20 00:53:15.579] 
[2025-09-20 00:53:15.581]  PKT ID = 0
[2025-09-20 00:53:15.581]  EMPTY TCU
[2025-09-20 00:53:15.581] 
[2025-09-20 00:53:15.584] [DCU<-RCU]:::: 24 byte(s)
[2025-09-20 00:53:15.589] 00: 02 c8 00 0f ac 69 00 00 16 00 00 00 00 00 00 00 00 00 04 01 
[2025-09-20 00:53:15.606] 01: 01 e8 d7 03 
[2025-09-20 00:53:15.614] 
[2025-09-20 00:53:15.614] [DCU->RCU]:::: 16 byte(s)
[2025-09-20 00:53:15.614] 00: 02 00 c8 07 00 41 69 00 00 00 00 00 00 02 e2 03 
[2025-09-20 00:53:15.735] 
[2025-09-20 00:53:15.736]  PKT ID = 0
[2025-09-20 00:53:15.736]  EMPTY TCU
[2025-09-20 00:53:15.738] 
[2025-09-20 00:53:15.738] [DCU<-RCU]:::: 24 byte(s)
[2025-09-20 00:53:15.740] 00: 02 c8 00 0f ab 69 00 00 16 00 00 00 00 00 00 00 00 00 04 01 
[2025-09-20 00:53:15.760] 01: 01 c5 a7 03 
[2025-09-20 00:53:15.765] 
[2025-09-20 00:53:15.768] [DCU->RCU]:::: 16 byte(s)
[2025-09-20 00:53:15.768] 00: 02 00 c8 07 00 41 69 00 00 00 00 00 00 02 e2 03 
[2025-09-20 00:53:15.891] 
[2025-09-20 00:53:15.891]  PKT ID = 0
[2025-09-20 00:53:15.893]  EMPTY TCU
[2025-09-20 00:53:15.893] 
[2025-09-20 00:53:15.894] [DCU<-RCU]:::: 24 byte(s)
[2025-09-20 00:53:15.896] 00: 02 c8 00 0f aa 69 00 00 16 00 00 00 00 00 00 00 00 00 04 01 
[2025-09-20 00:53:15.914] 01: 01 ca b7 03 
[2025-09-20 00:53:15.919] 
[2025-09-20 00:53:15.919] [DCU->RCU]:::: 16 byte(s)
[2025-09-20 00:53:15.922] 00: 02 00 c8 07 00 41 69 00 00 00 00 00 00 02 e2 03 
[2025-09-20 00:53:16.044] 
[2025-09-20 00:53:16.046]  PKT ID = 0
[2025-09-20 00:53:16.046]  EMPTY TCU
[2025-09-20 00:53:16.046] 
[2025-09-20 00:53:16.049] [DCU<-RCU]:::: 24 byte(s)
[2025-09-20 00:53:16.054] 00: 02 c8 00 0f a9 69 00 00 16 00 00 00 00 00 00 00 00 00 04 01 
[2025-09-20 00:53:16.070] 01: 01 db 87 03 
[2025-09-20 00:53:16.077] 
[2025-09-20 00:53:16.077] [DCU->RCU]:::: 16 byte(s)
[2025-09-20 00:53:16.079] 00: 02 00 c8 07 00 41 69 00 00 00 00 00 00 02 e2 03 
[2025-09-20 00:53:16.200] 
[2025-09-20 00:53:16.205]  PKT ID = 0
[2025-09-20 00:53:16.205]  EMPTY TCU
[2025-09-20 00:53:16.205] 
[2025-09-20 00:53:16.205] [DCU<-RCU]:::: 24 byte(s)
[2025-09-20 00:53:16.207] 00: 02 c8 00 0f a8 69 00 00 16 00 00 00 00 00 00 00 00 00 04 01 
[2025-09-20 00:53:16.224] 01: 01 d4 97 03 
[2025-09-20 00:53:16.227] 
[2025-09-20 00:53:16.229] [DCU->RCU]:::: 16 byte(s)
[2025-09-20 00:53:16.231] 00: 02 00 c8 07 41 69 00 00 00 00 00 00 02 e2 03 
[2025-09-20 00:53:16.359] 
[2025-09-20 00:53:16.361]  PKT ID = 0
[2025-09-20 00:53:16.361]  EMPTY TCU
[2025-09-20 00:53:16.361] 
[2025-09-20 00:53:16.361] [DCU<-RCU]:::: 24 byte(s)
[2025-09-20 00:53:16.363] 00: 02 c8 00 0f a7 69 00 00 16 00 00 00 00 00 00 00 00 00 04 01 
[2025-09-20 00:53:16.382] 01: 01 81 67 03 
[2025-09-20 00:53:16.390] 
[2025-09-20 00:53:16.390] [DCU->RCU]:::: 16 byte(s)
[2025-09-20 00:53:16.394] 00: 02 00 c8 07 00 41 69 00 00 00 00 00 00 02 e2 03 
[2025-09-20 00:53:16.513] 
[2025-09-20 00:53:16.515]  PKT ID = 0
[2025-09-20 00:53:16.515]  EMPTY TCU
[2025-09-20 00:53:16.515] 
[2025-09-20 00:53:16.518] [DCU<-RCU]:::: 24 byte(s)
[2025-09-20 00:53:16.519] 00: 02 c8 00 0f a6 69 00 00 16 00 00 00 00 00 00 00 00 00 04 01 
[2025-09-20 00:53:16.543] 01: 01 8e 77 03 
[2025-09-20 00:53:16.547] 
[2025-09-20 00:53:16.547] [DCU->RCU]:::: 16 byte(s)
[2025-09-20 00:53:16.549] 00: 02 00 c8 07 00 41 69 00 00 00 00 00 00 02 e2 03 
[2025-09-20 00:53:16.671] 
[2025-09-20 00:53:16.674]  PKT ID = 0
[2025-09-20 00:53:16.674]  EMPTY TCU
[2025-09-20 00:53:16.674] 
[2025-09-20 00:53:16.676] [DCU<-RCU]:::: 24 byte(s)
[2025-09-20 00:53:16.676] 00: 02 c8 00 0f a5 69 00 00 16 00 00 00 00 00 00 00 00 00 04 01 
[2025-09-20 00:53:16.696] 01: 01 9f 47 03 
[2025-09-20 00:53:16.702] 
[2025-09-20 00:53:16.702] [DCU->RCU]:::: 16 byte(s)
[2025-09-20 00:53:16.705] 00: 02 00 c8 07 00 41 69 00 00 00 00 00 00 02 e2 03 
[2025-09-20 00:53:16.826] 
[2025-09-20 00:53:16.826]  PKT ID = 0
[2025-09-20 00:53:16.828]  EMPTY TCU
[2025-09-20 00:53:16.828] 
[2025-09-20 00:53:16.828] [DCU<-RCU]:::: 24 byte(s)
[2025-09-20 00:53:16.830] 00: 02 c8 00 0f a4 69 00 00 16 00 00 00 00 00 00 00 00 00 04 01 
[2025-09-20 00:53:16.851] 01: 01 90 57 03 
[2025-09-20 00:53:16.854] 
[2025-09-20 00:53:16.856] [DCU->RCU]:::: 16 byte(s)
[2025-09-20 00:53:16.857] 00: 02 00 c8 07 00 41 69 00 00 00 00 00 00 02 e2 03 
[2025-09-20 00:53:16.979] 
[2025-09-20 00:53:16.981]  PKT ID = 0
[2025-09-20 00:53:16.981]  EMPTY TCU
[2025-09-20 00:53:16.981] 
[2025-09-20 00:53:16.982] [DCU<-RCU]:::: 24 byte(s)
[2025-09-20 00:53:16.987] 00: 02 c8 00 0f a3 69 00 00 16 00 00 00 00 00 00 00 00 00 04 01 
[2025-09-20 00:53:17.005] 01: 01 bd 27 03 
[2025-09-20 00:53:17.009] 
[2025-09-20 00:53:17.014] [DCU->RCU]:::: 16 byte(s)
[2025-09-20 00:53:17.014] 00: 02 00 c8 07 00 41 69 00 00 00 00 00 00 02 e2 03 
[2025-09-20 00:53:17.135] 
[2025-09-20 00:53:17.137]  PKT ID = 0
[2025-09-20 00:53:17.137]  EMPTY TCU
[2025-09-20 00:53:17.139] 
[2025-09-20 00:53:17.139] [DCU<-RCU]:::: 24 byte(s)
[2025-09-20 00:53:17.141] 00: 02 c8 00 0f a2 69 00 00 16 00 00 00 00 00 00 00 00 00 04 01 
[2025-09-20 00:53:17.163] 01: 01 b2 37 03 
[2025-09-20 00:53:17.166] 
[2025-09-20 00:53:17.166] [DCU->RCU]:::: 16 byte(s)
[2025-09-20 00:53:17.168] 00: 02 00 c8 07 00 41 69 00 00 00 00 00 00 02 e2 03 
[2025-09-20 00:53:17.294] 
[2025-09-20 00:53:17.297]  PKT ID = 0
[2025-09-20 00:53:17.297]  EMPTY TCU
[2025-09-20 00:53:17.297] 
[2025-09-20 00:53:17.298] [DCU<-RCU]:::: 24 byte(s)
[2025-09-20 00:53:17.301] 00: 02 c8 00 0f a1 69 00 00 16 00 00 00 00 00 00 00 00 00 04 01 
[2025-09-20 00:53:17.321] 01: 01 a3 07 03 
[2025-09-20 00:53:17.327] 
[2025-09-20 00:53:17.327] [DCU->RCU]:::: 16 byte(s)
[2025-09-20 00:53:17.332] 00: 02 00 c8 07 00 41 69 00 00 00 00 00 00 02 e2 03 
[2025-09-20 00:53:17.453] 
[2025-09-20 00:53:17.454]  PKT ID = 0
[2025-09-20 00:53:17.454]  EMPTY TCU
[2025-09-20 00:53:17.457] 
[2025-09-20 00:53:17.457] [DCU<-RCU]:::: 24 byte(s)
[2025-09-20 00:53:17.459] 00: 02 c8 00 0f a0 69 00 00 16 00 00 00 00 00 00 00 00 00 04 01 
[2025-09-20 00:53:17.477] 01: 01 ac 17 03 
[2025-09-20 00:53:17.483] 
[2025-09-20 00:53:17.483] [DCU->RCU]:::: 16 byte(s)
[2025-09-20 00:53:17.486] 00: 02 00 c8 07 00 41 69 00 00 00 00 00 00 02 e2 03 
[2025-09-20 00:53:17.610] 
[2025-09-20 00:53:17.610]  PKT ID = 0
[2025-09-20 00:53:17.611]  EMPTY TCU
[2025-09-20 00:53:17.611] 
[2025-09-20 00:53:17.613] [DCU<-RCU]:::: 24 byte(s)
[2025-09-20 00:53:17.615] 00: 02 c8 00 0f 9f 69 00 00 16 00 00 00 00 00 00 0[0m00 00 04 01 
[2025-09-20 00:53:17.634] 01: 01 da fe 03 
[2025-09-20 00:53:17.640] 
[2025-09-20 00:53:17.640] [DCU->RCU]:::: 16 byte(s)
[2025-09-20 00:53:17.643] 00: 02 00 c8 07 00 41 69 00 00 00 00 00 00 02 e2 03 
[2025-09-20 00:53:17.768] 
[2025-09-20 00:53:17.771]  PKT ID = 0
[2025-09-20 00:53:17.771]  EMPTY TCU
[2025-09-20 00:53:17.771] 
[2025-09-20 00:53:17.771] [DCU<-RCU]:::: 24 byte(s)
[2025-09-20 00:53:17.776] 00: 02 c8 00 0f 9e 69 00 00 16 00 00 00 00 00 00 00 00 00 04 01 
[2025-09-20 00:53:17.793] 01: 01 d5 ee 03 
[2025-09-20 00:53:17.801] 
[2025-09-20 00:53:17.801] [DCU->RCU]:::: 16 byte(s)
[2025-09-20 00:53:17.801] 00: 02 00 c8 07 00 41 69 00 00 00 00 00 00 02 e2 03 
[2025-09-20 00:53:17.925] 
[2025-09-20 00:53:17.927]  PKT ID = 0
[2025-09-20 00:53:17.927]  EMPTY TCU
[2025-09-20 00:53:17.929] 
[2025-09-20 00:53:17.929] [DCU<-RCU]:::: 24 byte(s)
[2025-09-20 00:53:17.930] 00: 02 c8 00 0f 9d 69 00 00 16 00 00 00 00 00 00 00 00 00 04 01 
[2025-09-20 00:53:17.955] 01: 01 c4 de 03 
[2025-09-20 00:53:17.958] 
[2025-09-20 00:53:17.958] [DCU->RCU]:::: 16 byte(s)
[2025-09-20 00:53:17.961] 00: 02 00 c8 07 00 41 69 00 00 00 00 00 00 02 e2 03 
[2025-09-20 00:53:18.084] 
[2025-09-20 00:53:18.084]  PKT ID = 0
[2025-09-20 00:53:18.087]  EMPTY TCU
[2025-09-20 00:53:18.089] 
[2025-09-20 00:53:18.089] [DCU<-RCU]:::: 24 byte(s)
[2025-09-20 00:53:18.091] 00: 02 c8 00 0f 9c 69 00 00 16 00 00 00 00 00 00 00 00 00 04 01 
[2025-09-20 00:53:18.112] 01: 01 cb ce 03 
[2025-09-20 00:53:18.117] 
[2025-09-20 00:53:18.117] [DCU->RCU]:::: 16 byte(s)
[2025-09-20 00:53:18.121] 00: 02 00 c8 07 00 41 69 00 00 00 00 00 00 02 e2 03 
[2025-09-20 00:53:18.244] 
[2025-09-20 00:53:18.244]  PKT ID = 0
[2025-09-20 00:53:18.246]  EMPTY TCU
[2025-09-20 00:53:18.246] 
[2025-09-20 00:53:18.250] [DCU<-RCU]:::: 24 byte(s)
[2025-09-20 00:53:18.252] 00: 02 c8 00 0f 9b 69 00 00 16 00 00 00 00 00 00 00 00 00 04 01 
[2025-09-20 00:53:18.271] 01: 01 e6 be 03 
[2025-09-20 00:53:18.276] 
[2025-09-20 00:53:18.276] [DCU->RCU]:::: 16 byte(s)
[2025-09-20 00:53:18.279] 00: 02 00 c8 07 00 41 69 00 00 00 00 00 00 02 e2 03 
[2025-09-20 00:53:18.401] 
[2025-09-20 00:53:18.402]  PKT ID = 0
[2025-09-20 00:53:18.402]  EMPTY TCU
[2025-09-20 00:53:18.405] 
[2025-09-20 00:53:18.405] [DCU<-RCU]:::: 24 byte(s)
[2025-09-20 00:53:18.408] 00: 02 c8 00 0f 9a 69 00 00 16 00 00 00 00 00 00 00 00 00 04 01 
[2025-09-20 00:53:18.428] 01: 01 e9 ae 03 
[2025-09-20 00:53:18.430] 
[2025-09-20 00:53:18.432] [DCU->RCU]:::: 16 byte(s)
[2025-09-20 00:53:18.433] 00: 02 00 c8 07 00 41 69 00 00 00 00 00 00 02 e2 03 
[2025-09-20 00:53:18.555] 
[2025-09-20 00:53:18.558]  PKT ID = 0
[2025-09-20 00:53:18.558]  EMPTY TCU
[2025-09-20 00:53:18.558] 
[2025-09-20 00:53:18.560] [DCU<-RCU]:::: 24 byte(s)
[2025-09-20 00:53:18.562] 00: 02 c8 00 0f 99 69 00 00 16 00 00 00 00 00 00 00 00 00 04 01 
[2025-09-20 00:53:18.580] 01: 01 f8 9e 03 
[2025-09-20 00:53:18.584] 
[2025-09-20 00:53:18.584] [DCU->RCU]:::: 16 byte(s)
[2025-09-20 00:53:18.589] 00: 02 00 c8 07 00 41 69 00 00 00 00 00 00 02 e2 03 
[2025-09-20 00:53:18.710] 
[2025-09-20 00:53:18.713]  PKT ID = 0
[2025-09-20 00:53:18.713]  EMPTY TCU
[2025-09-20 00:53:18.713] 
[2025-09-20 00:53:18.713] [DCU<-RCU]:::: 24 byte(s)
[2025-09-20 00:53:18.718] 00: 02 c8 00 0f 98 69 00 00 16 00 00 00 00 00 00 00 00 00 04 01 
[2025-09-20 00:53:18.735] 01: 01 f7 8e 03 
[2025-09-20 00:53:18.739] 
[2025-09-20 00:53:18.739] [DCU->RCU]:::: 16 byte(s)
[2025-09-20 00:53:18.742] 00: 02 00 c8 07 00 41 69 00 00 00 00 00 00 02 e2 03 
[2025-09-20 00:53:18.866] 
[2025-09-20 00:53:18.866]  PKT ID = 0
[2025-09-20 00:53:18.868]  EMPTY TCU
[2025-09-20 00:53:18.868] 
[2025-09-20 00:53:18.868] [DCU<-RCU]:::: 24 byte(s)
[2025-09-20 00:53:18.872] 00: 02 c8 00 0f 97 69 00 00 16 00 00 00 00 00 00 00 00 00 04 01 
[2025-09-20 00:53:18.894] 01: 01 a2 7e 03 
[2025-09-20 00:53:18.895] 
[2025-09-20 00:53:18.895] [DCU->RCU]:::: 16 byte(s)
[2025-09-20 00:53:18.900] 00: 02 00 c8 07 00 41 69 00 00 00 00 00 00 02 e2 03 
[2025-09-20 00:53:19.018] 
[2025-09-20 00:53:19.020]  PKT ID = 0
[2025-09-20 00:53:19.020]  EMPTY TCU
[2025-09-20 00:53:19.022] 
[2025-09-20 00:53:19.022] [DCU<-RCU]:::: 24 byte(s)
[2025-09-20 00:53:19.025] 00: 02 c8 00 0f 96 69 00 00 16 00 00 00 00 00 00 00 00 00 04 01 
[2025-09-20 00:53:19.042] 01: 01 ad 6e 03 
[2025-09-20 00:53:19.045] 
[2025-09-20 00:53:19.047] [DCU->RCU]:::: 16 byte(s)
[2025-09-20 00:53:19.048] 00: 02 00 c8 07 00 41 69 00 00 00 00 00 00 02 e2 03 
[2025-09-20 00:53:19.173] 
[2025-09-20 00:53:19.175]  PKT ID = 0
[2025-09-20 00:53:19.175]  EMPTY TCU
[2025-09-20 00:53:19.175] 
[2025-09-20 00:53:19.177] [DCU<-RCU]:::: 24 byte(s)
[2025-09-20 00:53:19.179] 00: 02 c8 00 0f 95 69 00 00 16 00 00 00 00 00 00 00 00 00 04 01 
[2025-09-20 00:53:19.198] 01: 01 bc 5e 03 
[2025-09-20 00:53:19.203] 
[2025-09-20 00:53:19.203] [DCU->RCU]:::: 16 byte(s)
[2025-09-20 00:53:19.205] 00: 02 00 c8 07 00 41 69 00 00 00 00 00 00 02 e2 03 
[2025-09-20 00:53:19.328] 
[2025-09-20 00:53:19.330]  PKT ID = 0
[2025-09-20 00:53:19.330]  EMPTY TCU
[2025-09-20 00:53:19.330] 
[2025-09-20 00:53:19.330] [DCU<-RCU]:::: 24 byte(s)
[2025-09-20 00:53:19.333] 00: 02 c8 00 0f 94 69 00 00 16 00 00 00 00 00 00 00 00 00 04 01 
[2025-09-20 00:53:19.352] 01: 01 b3 4e 03 
[2025-09-20 00:53:19.359] 
[2025-09-20 00:53:19.359] [DCU->RCU]:::: 16 byte(s)
[2025-09-20 00:53:19.360] 00: 02 00 c8 07 00 41 69 00 00 00 00 00 00 02 e2 03 
[2025-09-20 00:53:19.482] 
[2025-09-20 00:53:19.484]  PKT ID = 0
[2025-09-20 00:53:19.484]  EMPTY TCU
[2025-09-20 00:53:19.484] 
[2025-09-20 00:53:19.486] [DCU<-RCU]:::: 24 byte(s)
[2025-09-20 00:53:19.487] 00: 02 c8 00 0f 93 69 00 00 16 00 00 00 00 00 00 00 00 00 04 01 
[2025-09-20 00:53:19.509] 01: 01 9e 3e 03 
[2025-09-20 00:53:19.513] 
[2025-09-20 00:53:19.513] [DCU->RCU]:::: 16 byte(s)
[2025-09-20 00:53:19.515] 00: 02 00 c8 07 00 41 69 00 00 00 00 00 00 02 e2 03 
[2025-09-20 00:53:19.637] 
[2025-09-20 00:53:19.640]  PKT ID = 0
[2025-09-20 00:53:19.640]  EMPTY TCU
[2025-09-20 00:53:19.640] 
[2025-09-20 00:53:19.646] [DCU<-RCU]:::: 24 byte(s)
[2025-09-20 00:53:19.646] 00: 02 c8 00 0f 92 69 00 00 16 00 00 00 00 00 00 00 00 00 04 01 
[2025-09-20 00:53:19.662] 01: 01 91 2e 03 
[2025-09-20 00:53:19.670] 
[2025-09-20 00:53:19.670] [DCU->RCU]:::: 16 byte(s)
[2025-09-20 00:53:19.670] 00: 02 00 c8 07 00 41 69 00 00 00 00 00 00 02 e2 03 
[2025-09-20 00:53:19.796] 
[2025-09-20 00:53:19.796]  PKT ID = 0
[2025-09-20 00:53:19.798]  EMPTY TCU
[2025-09-20 00:53:19.798] 
[2025-09-20 00:53:19.798] [DCU<-RCU]:::: 24 byte(s)
[2025-09-20 00:53:19.801] 00: 02 c8 00 0f 91 69 00 00 16 00 00 00 00 00 00 00 00 00 04 01 
[2025-09-20 00:53:19.820] 01: 01 80 1e 03 
[2025-09-20 00:53:19.827] 
[2025-09-20 00:53:19.827] [DCU->RCU]:::: 16 byte(s)
[2025-09-20 00:53:19.827] 00: 02 00 c8 07 00 41 69 00 00 00 00 00 00 02 e2 03 
[2025-09-20 00:53:19.951] 
[2025-09-20 00:53:19.953]  PKT ID = 0
[2025-09-20 00:53:19.953]  EMPTY TCU
[2025-09-20 00:53:19.953] 
[2025-09-20 00:53:19.953] [DCU<-RCU]:::: 24 byte(s)
[2025-09-20 00:53:19.959] 00: 02 c8 00 0f 90 69 00 00 16 00 00 00 00 00 00 00 00 00 04 01 
[2025-09-20 00:53:19.974] 01: 01 8f 0e 03 
[2025-09-20 00:53:19.984] 
[2025-09-20 00:53:19.984] [DCU->RCU]:::: 16 byte(s
[2025-09-20 00:53:19.984] 00: 02 00 c8 07 00 41 69 00 00 00 00 00 00 02 e2 03 
[2025-09-20 00:53:20.108] 
[2025-09-20 00:53:20.108]  PKT ID = 0
[2025-09-20 00:53:20.112]  EMPTY TCU
[2025-09-20 00:53:20.112] 
[2025-09-20 00:53:20.112] [DCU<-RCU]:::: 24 byte(s)
[2025-09-20 00:53:20.112] 00: 02 c8 00 0f 8f 69 00 00 16 00 00 00 00 00 00 00 00 00 04 01 
[2025-09-20 00:53:20.140] 01: 01 3b f6 03 
[2025-09-20 00:53:20.140] 
[2025-09-20 00:53:20.150] [DCU->RCU]:::: 16 byte(s)
[2025-09-20 00:53:20.150] 00: 02 00 c8 07 00 41 69 00 00 00 00 00 00 02 e2 03 
[2025-09-20 00:53:20.263] 
[2025-09-20 00:53:20.270]  PKT ID = 0
[2025-09-20 00:53:20.270]  EMPTY TCU
[2025-09-20 00:53:20.270] 
[2025-09-20 00:53:20.270] [DCU<-RCU]:::: 24 byte(s)
[2025-09-20 00:53:20.275] 00: 02 c8 00 0f 8e 69 00 00 16 00 00 ;34m00 00 00 00 00 00 00 04 01 
[2025-09-20 00:53:20.289] 01: 01 34 e6 03 
[2025-09-20 00:53:20.293] 
[2025-09-20 00:53:20.295] [DCU->RCU]:::: 16 byte(s)
[2025-09-20 00:53:20.301] 00: 02 00 c8 ;36m07 00 41 69 00 00 00 00 00 00 02 e2 03 
[2025-09-20 00:53:20.423] 
[2025-09-20 00:53:20.428]  PKT ID = 0
[2025-09-20 00:53:20.428]  EMPTY TCU
[2025-09-20 00:53:20.428] 
[2025-09-20 00:53:20.428] [DCU<-RCU]:::: 24 byte(s)
[2025-09-20 00:53:20.428] 00: 02 c8 00 0f 8d 69 00 00 16 00 00 00 00 00 00 00 00 00 04 01 
[2025-09-20 00:53:20.448] 01: 01 25 d6 03 
[2025-09-20 00:53:20.453] 
[2025-09-20 00:53:20.453] [DCU->RCU]:::: 16 byte(s)
[2025-09-20 00:53:20.456] 00: 02 00 c8 07 00 41 69 00 00 00 00 00 00 02 e2 03 
[2025-09-20 00:53:20.583] 
[2025-09-20 00:53:20.583]  PKT ID = 0
[2025-09-20 00:53:20.588]  EMPTY TCU
[2025-09-20 00:53:20.588] 
[2025-09-20 00:53:20.588] [DCU<-RCU]:::: 24 byte(s)
[2025-09-20 00:53:20.595] 00: 02 c8 00 0f 8c 69 00 00 16 00 00 00 00 00 00 00 00 00 04 01 
[2025-09-20 00:53:20.612] 01: 01 2a c6 03 
[2025-09-20 00:53:20.617] 
[2025-09-20 00:53:20.617] [DCU->RCU]:::: 16 byte(s)
[2025-09-20 00:53:20.619] 00: 02 00 c8 07 00 41 69 00 00 00 00 00 00 02 e2 03 
[2025-09-20 00:53:20.745] 
[2025-09-20 00:53:20.747]  PKT ID = 0
[2025-09-20 00:53:20.747]  EMPTY TCU
[2025-09-20 00:53:20.747] 
[2025-09-20 00:53:20.750] [DCU<-RCU]:::: 24 byte(s)
[2025-09-20 00:53:20.752] 00: 02 c8 00 0f 8b 69 00 00 16 00 00 00 00 00 00 00 00 00 04 01 
[2025-09-20 00:53:20.771] 01: 01 07 b6 03 
[2025-09-20 00:53:20.775] 
[2025-09-20 00:53:20.776] [DCU->RCU]:::: 16 byte(s)
[2025-09-20 00:53:20.778] 00: 02 00 c8 07 00 41 69 00 00 00 00 00 00 02 e2 03 
[2025-09-20 00:53:20.901] 
[2025-09-20 00:53:20.903]  PKT ID = 0
[2025-09-20 00:53:20.903]  EMPTY TCU
[2025-09-20 00:53:20.904] 
[2025-09-20 00:53:20.904] [DCU<-RCU]:::: 24 byte(s)
[2025-09-20 00:53:20.906] 00: 02 c8 00 0f 8a 69 00 00 16 00 00 00 00 00 00 00 00 00 04 01 
[2025-09-20 00:53:20.925] 01: 01 08 a6 03 
[2025-09-20 00:53:20.929] 
[2025-09-20 00:53:20.929] [DCU->RCU]:::: 16 byte(s)
[2025-09-20 00:53:20.931] 00: 02 00 c8 07 00 41 69 00 00 00 00 00 00 02 e2 03 
[2025-09-20 00:53:21.051] 
[2025-09-20 00:53:21.052]  PKT ID = 0
[2025-09-20 00:53:21.052]  EMPTY TCU
[2025-09-20 00:53:21.054] 
[2025-09-20 00:53:21.054] [DCU<-RCU]:::: 24 byte(s)
[2025-09-20 00:53:21.056] 00: 02 c8 00 0f 89 69 00 00 16 00 00 00 00 00 00 00 00 00 04 01 
[2025-09-20 00:53:21.075] 01: 01 19 96 03 
[2025-09-20 00:53:21.079] 
[2025-09-20 00:53:21.081] [DCU->RCU]:::: 16 byte(s)
[2025-09-20 00:53:21.083] 00: 02 00 c8 07 00 41 69 00 00 00 00 00 00 02 e2 03 
[2025-09-20 00:53:21.204] 
[2025-09-20 00:53:21.206]  PKT ID = 0
[2025-09-20 00:53:21.206]  EMPTY TCU
[2025-09-20 00:53:21.208] 
[2025-09-20 00:53:21.208] [DCU<-RCU]:::: 24 byte(s)
[2025-09-20 00:53:21.210] 00: 02 c8 00 0f 88 69 00 00 16 00 00 00 00 00 00 00 00 00 04 01 
[2025-09-20 00:53:21.230] 01: 01 16 86 03 
[2025-09-20 00:53:21.234] 
[2025-09-20 00:53:21.234] [DCU->RCU]:::: 16 byte(s)
[2025-09-20 00:53:21.237] 00: 02 00 c8 07 00 41 69 00 00 00 00 00 00 02 e2 03 
[2025-09-20 00:53:21.359] 
[2025-09-20 00:53:21.361]  PKT ID = 0
[2025-09-20 00:53:21.361]  EMPTY TCU
[2025-09-20 00:53:21.363] 
[2025-09-20 00:53:21.363] [DCU<-RCU]:::: 24 byte(s)
[2025-09-20 00:53:21.365] 00: 02 c8 00 0f 87 69 00 00 16 00 00 00 00 00 00 00 00 00 04 01 
[2025-09-20 00:53:21.385] 01: 01 43 76 03 
[2025-09-20 00:53:21.389] 
[2025-09-20 00:53:21.391] [DCU->RCU]:::: 16 byte(s)
[2025-09-20 00:53:21.391] 00: 02 00 c8 07 00 41 69 00 00 00 00 00 00 02 e2 03 
[2025-09-20 00:53:21.512] 
[2025-09-20 00:53:21.515]  PKT ID = 0
[2025-09-20 00:53:21.515]  EMPTY TCU
[2025-09-20 00:53:21.515] 
[2025-09-20 00:53:21.517] [DCU<-RCU]:::: 24 byte(s)
[2025-09-20 00:53:21.519] 00: 02 c8 00 0f 86 69 00 00 16 00 00 00 00 00 00 00 00 00 04 01 
[2025-09-20 00:53:21.536] 01: 01 4c 66 03 
[2025-09-20 00:53:21.542] 
[2025-09-20 00:53:21.542] [DCU->RCU]:::: 16 byte(s)
[2025-09-20 00:53:21.544] 00: 02 00 c8 07 00 41 69 00 00 00 00 00 00 02 e2 03 
[2025-09-20 00:53:21.667] 
[2025-09-20 00:53:21.670]  PKT ID = 0
[2025-09-20 00:53:21.670]  EMPTY TCU
[2025-09-20 00:53:21.670] 
[2025-09-20 00:53:21.670] [DCU<-RCU]:::: 24 byte(s)
[2025-09-20 00:53:21.675] 00: 02 c8 00 0f 85 69 00 00 16 00 00 00 00 00 00 00 00 00 04 01 
[2025-09-20 00:53:21.693] 01: 01 5d 56 03 
[2025-09-20 00:53:21.698] 
[2025-09-20 00:53:21.698] [DCU->RCU]:::: 16 byte(s)
[2025-09-20 00:53:21.700] 00: 02 00 c8 07 00 41 69 00 00 00 00 00 00 02 e2 03 
[2025-09-20 00:53:21.822] 
[2025-09-20 00:53:21.824]  PKT ID = 0
[2025-09-20 00:53:21.824]  EMPTY TCU
[2025-09-20 00:53:21.826] 
[2025-09-20 00:53:21.826] [DCU<-RCU]:::: 24 byte(s)
[2025-09-20 00:53:21.828] 00: 02 c8 00 0f 84 69 00 00 16 00 00 00 00 00 00 00 00 00 04 01 
[2025-09-20 00:53:21.847] 01: 01 52 46 03 
[2025-09-20 00:53:21.851] 
[2025-09-20 00:53:21.853] [DCU->RCU]:::: 16 byte(s)
[2025-09-20 00:53:21.859] 00: 02 00 c8 07 00 41 69 00 00 00 00 00 00 02 e2 03 
[2025-09-20 00:53:21.977] 
[2025-09-20 00:53:21.979]  PKT ID = 0
[2025-09-20 00:53:21.979]  EMPTY TCU
[2025-09-20 00:53:21.979] 
[2025-09-20 00:53:21.981] [DCU<-RCU]:::: 24 byte(s)
[2025-09-20 00:53:21.983] 00: 02 c8 00 0f 83 69 00 00 16 00 00 00 00 00 00 00 00 00 04 01 
[2025-09-20 00:53:22.001] 01: 01 7f 36 03 
[2025-09-20 00:53:22.006] 
[2025-09-20 00:53:22.006] [DCU->RCU]:::: 16 byte(s)
[2025-09-20 00:53:22.010] 00: 02 00 c8 07 00 41 69 00 00 00 00 00 00 02 e2 03 
[2025-09-20 00:53:22.132] 
[2025-09-20 00:53:22.134]  PKT ID = 0
[2025-09-20 00:53:22.134]  EMPTY TCU
[2025-09-20 00:53:22.134] 
[2025-09-20 00:53:22.137] [DCU<-RCU]:::: 24 byte(s)
[2025-09-20 00:53:22.137] 00: 02 c8 00 0f 82 69 00 00 16 00 00 00 00 00 00 00 00 00 04 01 
[2025-09-20 00:53:22.157] 01: 01 70 26 03 
[2025-09-20 00:53:22.160] 
[2025-09-20 00:53:22.160] [DCU->RCU]:::: 16 byte(s)
[2025-09-20 00:53:22.165] 00: 02 00 c8 07 00 41 69 00 00 00 00 00 00 02 e2 03 
[2025-09-20 00:53:22.285] 
[2025-09-20 00:53:22.287]  PKT ID = 0
[2025-09-20 00:53:22.287]  EMPTY TCU
[2025-09-20 00:53:22.287] 
[2025-09-20 00:53:22.290] [DCU<-RCU]:::: 24 byte(s)
[2025-09-20 00:53:22.294] 00: 02 c8 00 0f 81 69 00 00 16 00 00 00 00 00 00 00 00 00 04 01 
[2025-09-20 00:53:22.309] 01:  61 16 03 
[2025-09-20 00:53:22.317] 
[2025-09-20 00:53:22.317] [DCU->RCU]:::: 16 byte(s)
[2025-09-20 00:53:22.319] 0: 02 00 c8 07 00 41 69 00 00 00 00 00 00 02 e2 03 
[2025-09-20 00:53:22.442] 
[2025-09-20 00:53:22.444]  PKT ID = 0
[2025-09-20 00:53:22.444]  EMPTY TCU
[2025-09-20 00:53:22.444] 
[2025-09-20 00:53:22.444] [DCU<-RCU]:::: 24 byte(s)
[2025-09-20 00:53:22.448] 00: 02 c8 00 0f 80 69 00 00 16 00 00 00 00 00 00 00 00 00 04 01 
[2025-09-20 00:53:22.466] 01: 01 6e 06 03 
[2025-09-20 00:53:22.470] 
[2025-09-20 00:53:22.470] [DCU->RCU]:::: 16 byte(s)
[2025-09-20 00:53:22.476] 00: 02 00 c8 07 00 41 69 00 00 00 00 00 00 02 e2 03 
[2025-09-20 00:53:22.515] 
[2025-09-20 00:53:22.515]  RCU 0 LAST PACKET!
[2025-09-20 00:53:25.259] 
[2025-09-20 00:53:25.259]  END METERING !!
[2025-09-20 00:53:25.267] 
[2025-09-20 00:53:25.267]  TIME SNC RCU 
[2025-09-20 00:53:25.267] [DCU->RCU]:::: 15 byte(s)
[2025-09-20 00:53:25.272] 00: 02 00 c8 06 80 54 25 m09 20 0053 25 65 36m4a 03 
[2025-09-20 00:53:25.362] 
[2025-09-20 00:53:25.362] RECV ACK
[2025-09-20 00:53:25.364] [DCU<-RCU]:::: 16 byte(s)
[2025-09-20 00:53:25.366] 00: 02 c8 00 07 00 41 54 25 09 20 00 54 00 b8 f1 03 
[2025-09-20 00:54:00.256] 
[2025-09-20 00:54:00.256]  Main METERING TIME !!
[2025-09-20 00:54:00.262] CLIENT ACCEPTCONN[192.168.10.69:9008]
[2025-09-20 00:54:01.256] 
[2025-09-20 00:54:01.256] Init_ProdataSend
[2025-09-20 00:54:01.258] 
[2025-09-20 00:54:01.258]  START METERING RCU = 0
[2025-09-20 00:54:01.260] 
[2025-09-20 00:54:01.260] [DCU->RCU]:::: 9 byte(s)
[2025-09-20 00:54:01.263] 00: 02 00 c8 00 00 50 5d 73 03 
[2025-09-20 00:54:01.773] 
[2025-09-20 00:54:01.776]  Meter num = 2
[2025-09-20 00:54:01.776]  IN = 0
[2025-09-20 00:54:01.778] 
[2025-09-20 00:54:01.778] [DCU<-RCU]:::: 48 byte(s)
[2025-09-20 00:54:01.781] 00: 02 c8 00 27 fe 70 00 01 25 09 20 00 53 00 02 01 04 03 f8 11 
[2025-09-20 00:54:01.801] 01: 00 00 00 10 00 00 00 00 00 00 00 00 0000 00 00 00 00 00 00 
[2025-09-20 00:54:01.821] 02: 00 00 00 00 00 84 d1 03 
[2025-09-20 00:54:01.828] 
[2025-09-20 00:54:01.830] [DCU->RCU]:::: 16 byte(s)
[2025-09-20 00:54:01.832] 00: 02 00 c8 07 00 41 70 00 00 00 00 00 00 f2 16 03 
[2025-09-20 00:54:01.872] 
[2025-09-20 00:54:01.872]  OUT = 0
[2025-09-20 00:54:01.879] 
[2025-09-20 00:54:01.879] [DCU->FEP]:::: 51 byte(s)
[2025-09-20 00:54:01.879] 00: e1 10 20 00 00 00 64 29 69 00 01 25 09 20 00 53 00 02 01 04 
[2025-09-20 00:54:01.895] 01: 03 f8 11 00 00 00 10 20 00 00 00 00 00 00 00 00 00 00 00 00 
[2025-09-20 00:54:01.914] 02: 00 00 00 00 00 00 00 00 00 cb e2 
[2025-09-20 00:54:02.043] 
[2025-09-20 00:54:02.043]  Meter num = 2
[2025-09-20 00:54:02.046]  IN = 1
[2025-09-20 00:54:02.049] 
[2025-09-20 00:54:02.049] [DCU<-RCU]:::: 48 byte(s)
[2025-09-20 00:54:02.054] 00: 02 c8 00 27 fd 70 00 02 25 09 20 00 53 00 02 01 04 03 00 00 
[2025-09-20 00:54:02.072] 01: 00 00 00 10 00 00 00 00 00 00 00 00 00 00 00 00 00 00 00 00 
[2025-09-20 00:54:02.089] 02: 00 00 00 00 00 d8 37 03 
[2025-09-20 00:54:02.098] 
[2025-09-20 00:54:02.098] [DCU->RCU]:::: 16 byte(s)
[2025-09-20 00:54:02.100] 00: 02 00 c8 07 00 41 70 00 00 00 00 00 00 f2 16 03 
[2025-09-20 00:54:02.141] 
[2025-09-20 00:54:02.141]  OUT = 1
[2025-09-20 00:54:02.148] 
[2025-09-20 00:54:02.148] [DCU->FEP]:::: 51 byte(s)
[2025-09-20 00:54:02.148] 00: e1 10 20 00 00 00 64 29 69 00 02 25 09 20 00 53 00 02 01 04 
[2025-09-20 00:54:02.163] 01: 03 00 00 00 00 00 10 20 00 00 00 00 00 00 00 00 00 00 00 00 
[2025-09-20 00:54:02.181] 02: 00 00 00 00 00 00 00 00 00 c3 e2 
[2025-09-20 00:54:02.193] 
[2025-09-20 00:54:02.193] [DCU<-FEP]:::: 11 byte(s)
[2025-09-20 00:54:02.197] 00: e1 10 20 00 64 00 00 02 41 b7 e2 
[2025-09-20 00:54:02.207] INFO : [CLIENT] Fep Frame receive!!
[2025-09-20 00:54:02.210] INFO : Rcv Ack 17
[2025-09-20 00:54:02.227] 
[2025-09-20 00:54:02.227] [DCU<-FEP]:::: 11 byte(s)
[2025-09-20 00:54:02.235] 00: e1 10 20 00 64 00 00 02 41 b7 e2 
[2025-09-20 00:54:02.243] INFO : [CLIENT] Fep Frame receive!!
[2025-09-20 00:54:02.243] INFO : Rcv Ack 18
[2025-09-20 00:54:02.312] 
[2025-09-20 00:54:02.314]  Meter num = 2
[2025-09-20 00:54:02.314]  IN = 2
[2025-09-20 00:54:02.316] 
[2025-09-20 00:54:02.316] [DCU<-RCU]:::: 48 byte(s)
[2025-09-20 00:54:02.318] 00: 02 c8 00 27 fc 70 00 03 25 09 20 00 53 00 02 01 04 03 00 00 
[2025-09-20 00:54:02.336] 01: 00 00 00 10 00 00 00 00 00 00 00 00 00 00 00 00 00 00 00 00 
[2025-09-20 00:54:02.356] 02: 00 00 00 00 00 c7 03 03 
[2025-09-20 00:54:02.364] 
[2025-09-20 00:54:02.364] [DCU->RCU]:::: 16 byte(s)
[2025-09-20 00:54:02.368] 00: 02 00 c8 07 00 41 70 00 00 00 00 00 00 f2 16 03 
[2025-09-20 00:54:02.412] 
[2025-09-20 00:54:02.412]  OUT = 2
[2025-09-20 00:54:02.412] 
[2025-09-20 00:54:02.412] [DCU->FEP]:::: 51 byte(s)
[2025-09-20 00:54:02.420] 00: e1 10 20 00 00 00 64 29 69 00 03 25 09 20 00 53 00 02 01 04 
[2025-09-20 00:54:02.429] 01: 03 00 00 00 00 00 10 20 00 00 00 00 00 00 00 00 00 00 00 00 
[2025-09-20 00:54:02.449] 02: 00 00 00 00 00 00 00 00 00 c4 e2 
[2025-09-20 00:54:02.579] 
[2025-09-20 00:54:02.581]  Meter num = 2
[2025-09-20 00:54:02.581]  IN = 3
[2025-09-20 00:54:02.585] 
[2025-09-20 00:54:02.585] [DCU<-RCU]:::: 48 byte(s)
[2025-09-20 00:54:02.587] 00: 02 c8 00 27 fb 70 00 04 25 09 20 00 53 00 02 01 04 03 00 00 
[2025-09-20 00:54:02.605] 01: 00 00 00 10 00 00 00 00 00 00 00 00 00 00 00 00 00 00 00 00 
[2025-09-20 00:54:02.625] 02: 00 00 00 00 00 9a 8f 03 
[2025-09-20 00:54:02.632] 
[2025-09-20 00:54:02.632] [DCU->RCU]:::: 16 byte(s)
[2025-09-20 00:54:02.636] 00: 02 00 c8 07 00 41 70 00 00 00 00 00 00 f2 16 03 
[2025-09-20 00:54:02.673] 
[2025-09-20 00:54:02.673]  OUT = 3
[2025-09-20 00:54:02.683] 
[2025-09-20 00:54:02.683] [DCU->FEP]:::: 51 byte(s)
[2025-09-20 00:54:02.683] 00: e1 10 20 00 00 00 64 29 69 00 04 25 09 20 00 53 00 02 01 04 
[2025-09-20 00:54:02.698] 01: 03 00 00 00 00 00 10 20 00 00 00 00 00 00 00 00 00 00 00 00 
[2025-09-20 00:54:02.716] 02: 00 00 00 00 00 00 00 00 00 c5 e2 
[2025-09-20 00:54:02.728] 
[2025-09-20 00:54:02.728] [DCU<-FEP]:::: 11 byte(s)
[2025-09-20 00:54:02.730] 00: e1 10 20 00 64 00 00 02 41 b7 e2 
[2025-09-20 00:54:02.742] INFO : [CLIENT] Fep Frame receive!!
[2025-09-20 00:54:02.745] INFO : Rcv Ack 19
[2025-09-20 00:54:02.759] 
[2025-09-20 00:54:02.768] [DCU<-FEP]:::: 11 byte(s)
[2025-09-20 00:54:02.768] 00: e1 10 20 00 64 00 00 02 41 b7 e2 
[2025-09-20 00:54:02.782] INFO : [CLIENT] Fep Frame receive!!
[2025-09-20 00:54:02.782] INFO : Rcv Ack 20
[2025-09-20 00:54:02.847] 
[2025-09-20 00:54:02.849] Meter num = 2
[2025-09-20 00:54:02.849]  IN = 4
[2025-09-20 00:54:02.851] 
[2025-09-20 00:54:02.851] [DCU<-RCU]:::: 48 byte(s)
[2025-09-20 00:54:02.855] 00: 02 c8 00 27 fa 70 00 05 25 09 20 00 53 00 02 01 04 03 00 00 
[2025-09-20 00:54:02.872] 01: 00 00 00 10 00 00 00 00 00 00 00 00 00 00 00 00 00 00 00 00 
[2025-09-20 00:54:02.892] 02: 00 00 00 00 00 85 bb 03 
[2025-09-20 00:54:02.899] 
[2025-09-20 00:54:02.899] [DCU->RCU]:::: 16 byte(s)
[2025-09-20 00:54:02.903] 00: 02 00 c8 07 00 41 70 00 00 00 00 00 00 f2 16 03 
[2025-09-20 00:54:02.944] 
[2025-09-20 00:54:02.944]  OUT = 4
[2025-09-20 00:54:02.952] 
[2025-09-20 00:54:02.952] [DCU->FEP]:::: 51 byte(s)
[2025-09-20 00:54:02.952] 00: e1 10 20 00 00 00 64 29 69 00 05 25 09 20 00 53 00 02 01 04 
[2025-09-20 00:54:02.965] 01: 03 00 00 00 00 00 10 20 00 00 00 00 00 00 00 00 00 00 00 00 
[2025-09-20 00:54:02.984] 02: 00 00 00 00 00 00 00 00 00 c6 e2 
[2025-09-20 00:54:03.114] 
[2025-09-20 00:54:03.116]  Meter num = 2
[2025-09-20 00:54:03.116]  IN = 5
[2025-09-20 00:54:03.119] 
[2025-09-20 00:54:03.119] [DCU<-RCU]:::: 48 byte(s)
[2025-09-20 00:54:03.121] 00: 02 c8 00 27 f9 70 00 06 25 09 20 00 53 01 02 01 04 03 00 00 
[2025-09-20 00:54:03.140] 01: 00 00 00 10 00 00 00 00 00 00 00 00 00 00 00 00 00 00 00 00 
[2025-09-20 00:54:03.157] 02: 00 00 00 00 00 c6 90 03 
[2025-09-20 00:54:03.164] 
[2025-09-20 00:54:03.165] [DCU->RCU]:::: 16 byte(s)
[2025-09-20 00:54:03.168] 00: 02 00 c8 07 00 41 70 00 00 00 00 00 00 f2 16 03 
[2025-09-20 00:54:03.212] 
[2025-09-20 00:54:03.212]  OUT = 5
[2025-09-20 00:54:03.212] 
[2025-09-20 00:54:03.212] [DCU->FEP]:::: 51 byte(s)
[2025-09-20 00:54:03.221] 00: e1 10 20 00 00 00 64 29 69 00 06 25 09 20 00 53 01 02 01 04 
[2025-09-20 00:54:03.231] 01: 03 00 00 00 00 00 10 20 00 00 00 00 00 00 00 00 00 00 00 00 
[2025-09-20 00:54:03.251] 02: 00 00 00 00 00 00 00 00 00 c8 e2 
[2025-09-20 00:54:03.261] 
[2025-09-20 00:54:03.263] [DCU<-FEP]:::: 11 byte(s)
[2025-09-20 00:54:03.265] 00: e1 10 20 00 64 00 00 02 41 b7 e2 
[2025-09-20 00:54:03.277] INFO : [CLIENT] Fep Frame receive!!
[2025-09-20 00:54:03.281] INFO : Rcv Ack 21
[2025-09-20 00:54:03.292] 
[2025-09-20 00:54:03.301] [DCU<-FEP]:::: 11 byte(s)
[2025-09-20 00:54:03.301] 00: e1 10 20 00 64 00 00 02 41 b7 e2 
[2025-09-20 00:54:03.310] INFO : [CLIENT] Fep Frame receive!!
[2025-09-20 00:54:03.321] INFO : Rcv Ack 22
[2025-09-20 00:54:03.382] 
[2025-09-20 00:54:03.382]  Meter num = 2
[2025-09-20 00:54:03.384]  IN = 6
[2025-09-20 00:54:03.385] 
[2025-09-20 00:54:03.385] [DCU<-RCU]:::: 48 byte(s)
[2025-09-20 00:54:03.387] 00: 02 c8 00 27 f8 70 00 07 25 09 20 00 53 01 02 01 04 03 00 00 
[2025-09-20 00:54:03.405] 01: 00 00 00 10 00 00 00 00 00 00 00 00 00 00 00 00 00 00 00 00 
[2025-09-20 00:54:03.425] 02: 00 00 00 00 00 d9 a4 03 
[2025-09-20 00:54:03.431] 
[2025-09-20 00:54:03.434] [DCU->RCU]:::: 16 byte(s)
[2025-09-20 00:54:03.436] 00: 02 00 c8 07 00 41 70 00 00 00 00 00 00 f2 16 03 
[2025-09-20 00:54:03.477] 
[2025-09-20 00:54:03.477]  OUT = 6
[2025-09-20 00:54:03.485] 
[2025-09-20 00:54:03.485] [DCU->FEP]:::: 51 byte(s)
[2025-09-20 00:54:03.485] 00: e1 10 20 00 00 00 64 29 69 00 07 25 09 20 00 53 01 02 01 04 
[2025-09-20 00:54:03.505] 01: 03 00 00 00 00 00 10 20 00 00 00 00 00 00 00 00 00 00 00 00 
[2025-09-20 00:54:03.520] 02: 00 00 00 00 00 00 00 00 00 c9 e2 
[2025-09-20 00:54:03.683] 
[2025-09-20 00:54:03.683]  Meter num = 3
[2025-09-20 00:54:03.688]  IN = 7
[2025-09-20 00:54:03.688] 
[2025-09-20 00:54:03.693] [DCU<-RCU]:::: 56 byte(s)
[2025-09-20 00:54:03.693] 00: 02 c8 00 2f f6 70 00 09 25 09 20 00 53 01 03 01 04 03 5c 12 
[2025-09-20 00:54:03.716] 01: 00 00 00 02 04 13 15 00 00 00 00 10 00 00 00 00 00 00 00 00 
[2025-09-20 00:54:03.733] 02: 00 00 00 00 00 00 00 00 00 00 00 00 00 7c 1a 03 
[2025-09-20 00:54:03.749] 
[2025-09-20 00:54:03.749] [DCU->RCU]:::: 16 byte(s)
[2025-09-20 00:54:03.752] 00: 02 00 c8 07 00 41 70 00 00 00 00 00 00 f2 16 03 
[2025-09-20 00:54:03.793] 
[2025-09-20 00:54:03.793]  OUT = 7
[2025-09-20 00:54:03.803] 
[2025-09-20 00:54:03.803] [DCU->FEP]:::: 59 byte(s)
[2025-09-20 00:54:03.803] 00: e1 10 20 00 00 00 64 31 69 00 09 25 09 20 00 53 01 03 01 04 
[2025-09-20 00:54:03.815] 01: 03 5c 12 00 00 00 02 04 13 15 00 00 00 00 10 20 00 00 00 00 
[2025-09-20 00:54:03.835] 02: 00 00 00 00 00 00 00 00 00 00 00 00 00 00 00 00 00 70 e2 
[2025-09-20 00:54:03.852] 
[2025-09-20 00:54:03.852] [DCU<-FEP]:::: 11 byte(s)
[2025-09-20 00:54:03.856] 00: e1 10 20 00 64 00 00 02 41 b7 e2 
[2025-09-20 00:54:03.867] INFO : [CLIENT] Fep Frame receive!!
[2025-09-20 00:54:03.878] INFO : Rcv Ack 23
[2025-09-20 00:54:03.894] 
[2025-09-20 00:54:03.901] [DCU<-FEP]:::: 11 byte(s)
[2025-09-20 00:54:03.901] 00: e1 10 20 00 64 00 00 02 41 b7 e2 
[2025-09-20 00:54:03.911] INFO : [CLIENT] Fep Frame receive!!
[2025-09-20 00:54:03.920] INFO : Rcv Ack 24
[2025-09-20 00:54:03.983] 
[2025-09-20 00:54:03.983]  Meter num = 3
[2025-09-20 00:54:03.985]  IN = 8
[2025-09-20 00:54:03.987] 
[2025-09-20 00:54:03.987] [DCU<-RCU]:::: 56 byte(s)
[2025-09-20 00:54:03.989] 00: 02 c8 00 2f f5 70 00 0a 25 09 20 00 53 01 03 01 04 03 00 00 
[2025-09-20 00:54:04.009] 01: 00 00 00 02 04 13 00 00 00 00 00 10 00 00 00 00 00 00 00 00 
[2025-09-20 00:54:04.027] 02: 00 00 00 00 00 00 00 00 00 00 00 00 00 3a bf 03 
[2025-09-20 00:54:04.044] 
[2025-09-20 00:54:04.044] [DCU->RCU]:::: 16 byte(s)
[2025-09-20 00:54:04.045] 00: 02 00 c8 07 00 41 70 00 00 00 00 00 00 f2 16 03 
[2025-09-20 00:54:04.089] 
[2025-09-20 00:54:04.089]  OUT = 8
[2025-09-20 00:54:04.089] 
[2025-09-20 00:54:04.089] [DCU->FEP]:::: 59 byte(s)
[2025-09-20 00:54:04.099] 00: e1 10 20 00 0000 64 31 69 00 0a 25 09 20 00 53 01 03 01 04 
[2025-09-20 00:54:04.111] 01: 03 00 00 00 00 00 02 04 13 00 00 00 00 00 10 20 00 00 00 00 
[2025-09-20 00:54:04.130] 02: 00 00 00 00 00 00 00 00 00 00 00 00 00 00 00 00 00 ee e2 
[2025-09-20 00:54:04.279] 
[2025-09-20 00:54:04.279]  Meter num = 3
[2025-09-20 00:54:04.282]  IN = 9
[2025-09-20 00:54:04.282] 
[2025-09-20 00:54:04.284] [DCU<-RCU]:::: 56 byte(s)
[2025-09-20 00:54:04.286] 00: 02 c8 00 2f f4 70 00 0b 25 09 20 00 53 02 03 01 04 03 00 00 
[2025-09-20 00:54:04.306] 01: 00 00 00 02 04 13 84 01 00 00 00 10 00 00 00 00 00 00 00 00 
[2025-09-20 00:54:04.325] 02: 00 00 00 00 00 00 00 00 00 00 00 00 00 4b 14 03 
[2025-09-20 00:54:04.343] 
[2025-09-20 00:54:04.343] [DCU->RCU]:::: 16 byte(s)
[2025-09-20 00:54:04.344] 00: 02 00 c8 07 00 41 70 00 00 00 00 00 00 f2 16 03 
[2025-09-20 00:54:04.388] 
[2025-09-20 00:54:04.388]  OUT = 9
[2025-09-20 00:54:04.396] 
[2025-09-20 00:54:04.396] [DCU->FEP]:::: 59 byte(s)
[2025-09-20 00:54:04.396] 00: e1 10 20 00 00 00 64 31 69 00 0b 25 09 20 00 53 02 03 01 04 
[2025-09-20 00:54:04.410] 01: 03 00 00 00 00 00 02 04 13 84 01 00 00 00 10 20 00 00 00 00 
[2025-09-20 00:54:04.431] 02: 00 00 00 00 00 00 00 00 00 00 00 00 00 00 00 00 00 75 e2 
[2025-09-20 00:54:04.452] 
[2025-09-20 00:54:04.452] [DCU<-FEP]:::: 11 byte(s)
[2025-09-20 00:54:04.453] 00: e1 10 20 00 64 00 00 02 41 b7 e2 
[2025-09-20 00:54:04.471] INFO : [CLIENT] Fep Frame receive!!
[2025-09-20 00:54:04.471] INFO : Rcv Ack 25
[2025-09-20 00:54:04.489] 
[2025-09-20 00:54:04.497] [DCU<-FEP]:::: 11 byte(s)
[2025-09-20 00:54:04.497] 00: e1 10 20 00 64 00 00 02 41 b7 e2 
[2025-09-20 00:54:04.511] INFO : [CLIENT] Fep Frame receive!!
[2025-09-20 00:54:04.511] INFO : Rcv Ack 26
[2025-09-20 00:54:04.578] 
[2025-09-20 00:54:04.582]  Meter num = 3
[2025-09-20 00:54:04.582]  IN = 10
[2025-09-20 00:54:04.582] 
[2025-09-20 00:54:04.584] [DCU<-RCU]:::: 56 byte(s)
[2025-09-20 00:54:04.584] 00: 02 c8 00 2f f3 70 00 0c 25 09 20 00 53 02 03 01 04 03 00 00 
[2025-09-20 00:54:04.605] 01: 00 00 00 02 04 13 00 00 00 00 00 10 00 00 00 00 00 00 00 00 
[2025-09-20 00:54:04.623] 02: 00 00 00 00 00 00 00 00 00 00 00 00 00 51 4d 03 
[2025-09-20 00:54:04.639] 
[2025-09-20 00:54:04.640] [DCU->RCU]:::: 16 byte(s)
[2025-09-20 00:54:04.642] 00: 02 00 c8 07 00 41 70 00 00 00 00 00 00 f2 16 03 
[2025-09-20 00:54:04.684] 
[2025-09-20 00:54:04.684]  OUT = 10
[2025-09-20 00:54:04.695] 
[2025-09-20 00:54:04.695] [DCU->FEP]:::: 59 byte(s)
[2025-09-20 00:54:04.695] 00: e1 10 20 00 00 00 64 31 69 00 0c 25 09 20 00 53 02 03 01 04 
[2025-09-20 00:54:04.716] 01: 03 00 00 00 00 00 02 04 13 00 00 00 00 00 10 20 00 00 00 00 
[2025-09-20 00:54:04.734] 02: 00 00 00 00 00 00 00 00 00 00 00 00 00 00 00 00 00 f1 e2 
[2025-09-20 00:54:04.876] 
[2025-09-20 00:54:04.878]  Meter num = 3
[2025-09-20 00:54:04.878]  IN = 11
[2025-09-20 00:54:04.880] 
[2025-09-20 00:54:04.880] [DCU<-RCU]:::: 56 byte(s)
[2025-09-20 00:54:04.883] 00: 02 c8 00 2f f2 70 00 0d 25 09 20 00 53 02 03 01 04 03 00 00 
[2025-09-20 00:54:04.902] 01: 00 00 00 02 04 13 00 00 00 00 00 10 00 00 00 00 00 00 00 00 
[2025-09-20 00:54:04.919] 02: 00 00 00 00 00 00 00 00 00 00 00 00 00 a7 1e 03 
[2025-09-20 00:54:04.932] 
[2025-09-20 00:54:04.934] [DCU->RCU]:::: 16 byte(s)
[2025-09-20 00:54:04.936] 00: 02 00 c8 07 00 41 70 00 00 00 00 00 00 f2 16 03 
[2025-09-20 00:54:04.976] 
[2025-09-20 00:54:04.976]  OUT = 11
[2025-09-20 00:54:04.984] 
[2025-09-20 00:54:04.984] [DCU->FEP]:::: 59 byte(s)
[2025-09-20 00:54:04.984] 00: e1 10 20 00 00 00 64 31 69 00 0d 25 09 20 00 53 02 03 01 04 
[2025-09-20 00:54:05.003] 01: 03 00 00 00 00 00 02 04 13 00 00 00 00 00 10 20 00 00 00 00 
[2025-09-20 00:54:05.018] 02: 00 00 00 00 00 00 00 00 00 00 00 00 00 00 00 00 00 f2 e2 
[2025-09-20 00:54:05.036] 
[2025-09-20 00:54:05.036] [DCU<-FEP]:::: 11 byte(s)
[2025-09-20 00:54:05.040] 00: e1 10 20 00 64 00 00 02 41 b7 e2 
[2025-09-20 00:54:05.051] INFO : [CLIENT] Fep Frame receive!!
[2025-09-20 00:54:05.065] INFO : Rcv Ack 27
[2025-09-20 00:54:05.083] 
[2025-09-20 00:54:05.083] [DCU<-FEP]:::: 11 byte(s)
[2025-09-20 00:54:05.094] 00: e1 10 20 00 64 00 00 02 41 b7 e2 
[2025-09-20 00:54:05.102] INFO : [CLIENT] Fep Frame receive!!
[2025-09-20 00:54:05.102] INFO : Rcv Ack 28
[2025-09-20 00:54:05.168] 
[2025-09-20 00:54:05.170]  Meter num = 3
[2025-09-20 00:54:05.170]  IN = 12
[2025-09-20 00:54:05.173] 
[2025-09-20 00:54:05.173] [DCU<-RCU]:::: 56 byte(s)
[2025-09-20 00:54:05.175] 00: 02 c8 00 2f f1 70 00 0e 25 09 20 00 53 02 03 01 04 03 00 00 
[2025-09-20 00:54:05.194] 01: 00 00 00 02 04 13 0a 00 00 00 00 10 00 00 00 00 00 00 00 00 
[2025-09-20 00:54:05.212] 02: 00 00 00 00 00 00 00 00 00 00 00 00 00 4f cc 03 
[2025-09-20 00:54:05.227] 
[2025-09-20 00:54:05.229] [DCU->RCU]:::: 16 byte(s)
[2025-09-20 00:54:05.231] 00: 02 00 c8 07 00 41 70 00 00 00 00 00 00 f2 16 03 
[2025-09-20 00:54:05.272] 
[2025-09-20 00:54:05.272]  OUT = 12
[2025-09-20 00:54:05.281] 
[2025-09-20 00:54:05.282] [DCU->FEP]:::: 59 byte(s)
[2025-09-20 00:54:05.282] 00: e1 10 20 00 00 00 64 31 69 00 0e 25 09 20 00 53 02 03 01 04 
[2025-09-20 00:54:05.293] 01: 03 00 00 00 00 00 02 04 13 0a 00 00 00 00 10 20 00 00 00 00 
[2025-09-20 00:54:05.312] 02: 00 00 00 00 00 00 00 00 00 00 00 00 00 00 00 00 00 fd e2 
[2025-09-20 00:54:05.443] 
[2025-09-20 00:54:05.445]  Meter num = 2
[2025-09-20 00:54:05.445]  IN = 13
[2025-09-20 00:54:05.445] 
[2025-09-20 00:54:05.449] [DCU<-RCU]:::: 48 byte(s)
[2025-09-20 00:54:05.453] 00: 02 c8 00 27 f0 70 00 0f 25 09 20 00 53 02 02 01 04 03 00 00 
[2025-09-20 00:54:05.471] 01: 00 00 00 10 00 00 00 00 00 00 00 00 00 00 00 00 00 00 00 00 
[2025-09-20 00:54:05.487] 02: 00 00 00 00 00 96 95 03 
[2025-09-20 00:54:05.496] 
[2025-09-20 00:54:05.498] [DCU->RCU]:::: 16 byte(s)
[2025-09-20 00:54:05.500] 00: 02 00 c8 07 00 41 70 00 00 00 00 00 00 f2 16 03 
[2025-09-20 00:54:05.541] 
[2025-09-20 00:54:05.541]  OUT = 13
[2025-09-20 00:54:05.549] 
[2025-09-20 00:54:05.549] [DCU->FEP]:::: 51 byte(s)
[2025-09-20 00:54:05.549] 00: e1 10 20 00 00 00 64 29 69 00 0f 25 09 20 00 53 02 02 01 04 
[2025-09-20 00:54:05.565] 01: 03 00 00 00 00 00 10 20 00 00 00 00 00 00 00 00 00 00 00 00 
[2025-09-20 00:54:05.583] 02: 00 00 00 00 00 00 00 00 00 d2 e2 
[2025-09-20 00:54:05.594] 
[2025-09-20 00:54:05.594] [DCU<-FEP]:::: 11 byte(s)
[2025-09-20 00:54:05.598] 00: e1 10 20 00 64 00 00 02 41 b7 e2 
[2025-09-20 00:54:05.610] INFO : [CLIENT] Fep Frame receive!!
[2025-09-20 00:54:05.611] INFO : Rcv Ack 29
[2025-09-20 00:54:05.623] 
[2025-09-20 00:54:05.624] [DCU<-FEP]:::: 11 byte(s)
[2025-09-20 00:54:05.625] 00: e1 10 20 00 64 00 00 02 41 b7 e2 
[2025-09-20 00:54:05.644] INFO : [CLIENT] Fep Frame receive!!
[2025-09-20 00:54:05.652] INFO : Rcv Ack 30
[2025-09-20 00:54:05.730] 
[2025-09-20 00:54:05.731]  Meter num = 2
[2025-09-20 00:54:05.731]  IN = 14
[2025-09-20 00:54:05.734] 
[2025-09-20 00:54:05.734] [DCU<-RCU]:::: 48 byte(s)
[2025-09-20 00:54:05.736] 00: 02 c8 00 27 ee 70 00 11 25 09 20 00 53 03 02 01 04 03 00 00 
[2025-09-20 00:54:05.754] 01: 00 00 00 10 00 00 00 00 00 00 00 00 00 00 00 00 00 00 00 00 
[2025-09-20 00:54:05.773] 02: 00 00 00 00 00 9c ab 03 
[2025-09-20 00:54:05.783] 
[2025-09-20 00:54:05.783] [DCU->RCU]:::: 16 byte(s)
[2025-09-20 00:54:05.785] 00: 02 00 c8 07 00 41 70 00 00 00 00 00 00 f2 16 03 
[2025-09-20 00:54:05.826] 
[2025-09-20 00:54:05.826]  OUT = 14
[2025-09-20 00:54:05.834] 
[2025-09-20 00:54:05.834] [DCU->FEP]:::: 51 byte(s)
[2025-09-20 00:54:05.834] 00: e1 10 20 00 00 00 64 29 69 00 11 25 09 20 00 53 03 02 01 04 
[2025-09-20 00:54:05.849] 01: 03 00 00 00 00 00 10 20 00 00 00 00 00 00 00 00 00 00 00 00 
[2025-09-20 00:54:05.867] 02: 00 00 00 00 00 00 00 00 00 d5 e2 
[2025-09-20 00:54:05.997] 
[2025-09-20 00:54:05.999]  Meter num = 2
[2025-09-20 00:54:05.999]  IN = 15
[2025-09-20 00:54:06.002] 
[2025-09-20 00:54:06.002] [DCU<-RCU]:::: 48 byte(s)
[2025-09-20 00:54:06.005] 00: 02 c8 00 27 ed 70 00 12 25 09 20 00 53 03 02 01 04 03 00 00 
[2025-09-20 00:54:06.023] 01: 00 00 00 10 00 00 00 00 00 00 00 00 00 00 00 00 00 00 00 00 
[2025-09-20 00:54:06.043] 02: 00 00 00 00 00 bd f7 03 
[2025-09-20 00:54:06.051] 
[2025-09-20 00:54:06.053] [DCU->RCU]:::: 16 byte(s)
[2025-09-20 00:54:06.055] 00: 02 00 c8 07 00 41 70 00 00 00 00 00 00 f2 16 03 
[2025-09-20 00:54:06.096] 
[2025-09-20 00:54:06.096]  OUT = 15
[2025-09-20 00:54:06.104] 
[2025-09-20 00:54:06.104] [DCU->FEP]:::: 51 byte(s)
[2025-09-20 00:54:06.104] 00: e1 10 20 00 00 00 64 29 69 00 12 25 09 20 00 53 03 02 01 04 
[2025-09-20 00:54:06.118] 01: 03 00 00 00 00 00 10 20 00 00 00 00 00 00 00 00 00 00 00 00 
[2025-09-20 00:54:06.142] 02: 00 00 00 00 00 00 00 00 00 d6 e2 
[2025-09-20 00:54:06.157] 
[2025-09-20 00:54:06.157] [DCU<-FEP]:::: 11 byte(s)
[2025-09-20 00:54:06.157] 00: e1 10 20 00 64 00 00 02 41 b7 e2 
[2025-09-20 00:54:06.172] INFO : [CLIENT] Fep Frame receive!!
[2025-09-20 00:54:06.172] INFO : Rcv Ack 31
[2025-09-20 00:54:06.186] 
[2025-09-20 00:54:06.195] [DCU<-FEP]:::: 11 byte(s)
[2025-09-20 00:54:06.195] 00: e1 10 20 00 64 00 00 02 41 b7 e2 
[2025-09-20 00:54:06.205] INFO : [CLIENT] Fep Frame receive!!
[2025-09-20 00:54:06.213] INFO : Rcv Ack 32
[2025-09-20 00:54:08.255] 
[2025-09-20 00:54:08.257]  END METERING !!
[2025-09-20 00:54:08.257] 
[2025-09-20 00:54:08.257]  TIME SYNC RCU 0
[2025-09-20 00:54:08.259] [DCU->RCU]:::: 15 byte(s)
[2025-09-20 00:54:08.261] 00: 000 c8 06 80 54 25 09 20 00 54 08 8a fd 03 
[2025-09-20 00:54:08.354] 
[2025-09-20 00:54:08.357] RECV ACK
[2025-09-20 00:54:08.357] [DCU<-RCU]:::: 16 byte(s)
[2025-09-20 00:54:08.360] 00: 02 c8 m00 07 00 41 54 25 09 20 00 54 43 27 81 03 
[2025-09-20 00:54:11.596] CLIENT DISCONNECT!!
