[2025-09-20 00:52:01] INFO  - Connect :Socket[addr=/192.168.10.4,port=49153,localport=9008]
[2025-09-20 00:52:01] DEBUG - RECV[40] E1 10 20 00 00 00 64 1F 62 00 01 01 00 52 00 13 C0 A8 0A 45 30 23 00 00 C0 A8 0A 04 11 27 00 00 09 00 00 00 01 00 1E E2 
[2025-09-20 00:52:01] INFO  - CMD - 62 B
[2025-09-20 00:52:01] INFO  - DCU ID     : 100
[2025-09-20 00:52:01] INFO  - ============================[b]
[2025-09-20 00:52:01] INFO  - TIME        : 2000-01-01 00:52:00
[2025-09-20 00:52:01] INFO  - F/W VER     : 1.3
[2025-09-20 00:52:01] INFO  - FEP IP      : 192.168.10.69
[2025-09-20 00:52:01] INFO  - FEP PORT    : 9008
[2025-09-20 00:52:01] INFO  - DCU IP      : 192.168.10.4
[2025-09-20 00:52:01] INFO  - DCU PORT    : 10001
[2025-09-20 00:52:01] INFO  - SEND PERIOD : 9
[2025-09-20 00:52:01] INFO  - LOG PERIOD  : 0
[2025-09-20 00:52:01] INFO  - RETRY COUNT : 1
[2025-09-20 00:52:01] INFO  - POWER STATE : 0
[2025-09-20 00:52:01] DEBUG - SEND[38] E1 10 20 00 64 00 00 1D 43 25 09 20 00 52 01 C0 A8 0A 45 30 23 00 00 C0 A8 0A 04 11 27 00 00 09 00 00 00 01 37 E2 
[2025-09-20 00:52:02] DEBUG - RECV[40] E1 10 20 00 00 00 64 1F 62 25 09 20 00 52 01 13 C0 A8 0A 45 30 23 00 00 C0 A8 0A 04 11 27 00 00 09 00 00 00 01 00 6B E2 
[2025-09-20 00:52:02] INFO  - CMD - 62 B
[2025-09-20 00:52:02] INFO  - DCU ID     : 100
[2025-09-20 00:52:02] INFO  - ============================[b]
[2025-09-20 00:52:02] INFO  - TIME        : 2025-09-20 00:52:01
[2025-09-20 00:52:02] INFO  - F/W VER     : 1.3
[2025-09-20 00:52:02] INFO  - FEP IP      : 192.168.10.69
[2025-09-20 00:52:02] INFO  - FEP PORT    : 9008
[2025-09-20 00:52:02] INFO  - DCU IP      : 192.168.10.4
[2025-09-20 00:52:02] INFO  - DCU PORT    : 10001
[2025-09-20 00:52:02] INFO  - SEND PERIOD : 9
[2025-09-20 00:52:02] INFO  - LOG PERIOD  : 0
[2025-09-20 00:52:02] INFO  - RETRY COUNT : 1
[2025-09-20 00:52:02] INFO  - POWER STATE : 0
[2025-09-20 00:52:02] DEBUG - SEND[11] E1 10 20 00 64 00 00 02 41 B7 E2 
[2025-09-20 00:52:07] DEBUG - Closed  :Socket[addr=/192.168.10.4,port=49153,localport=9008]
[2025-09-20 00:53:01] INFO  - ************************************************************************************
[2025-09-20 00:53:01] INFO  - Connect :Socket[addr=/192.168.10.4,port=49154,localport=9008]
[2025-09-20 00:53:04] DEBUG - RECV[52] E1 10 20 00 00 00 64 11 64 00 01 16 25 09 20 00 53 00 00 00 1F 04 01 01 C6 E2 E1 10 20 00 00 00 64 11 64 00 02 16 25 09 20 00 53 00 00 00 1F 04 01 01 C7 E2 
[2025-09-20 00:53:04] INFO  - CMD - 64 D
[2025-09-20 00:53:04] INFO  - DCU ID      : 100
[2025-09-20 00:53:04] INFO  - ============================[d]
[2025-09-20 00:53:04] INFO  - RMU ID      : 256
[2025-09-20 00:53:04] INFO  - F/W VER     : 1.6
[2025-09-20 00:53:04] INFO  - TIME        : 2025-09-20 00:53:00
[2025-09-20 00:53:04] INFO  - NW INDEX    : 0
[2025-09-20 00:53:04] INFO  - M TYPE      : 1F
[2025-09-20 00:53:04] INFO  - MP TYPE     : 04
[2025-09-20 00:53:04] INFO  - MI TYPE     : 01
[2025-09-20 00:53:04] INFO  - P TYPE      : 01
[2025-09-20 00:53:04] DEBUG - SEND[11] E1 10 20 00 64 00 00 02 41 B7 E2 
[2025-09-20 00:53:04] INFO  - CMD - 64 D
[2025-09-20 00:53:04] INFO  - DCU ID      : 100
[2025-09-20 00:53:04] INFO  - ============================[d]
[2025-09-20 00:53:04] INFO  - RMU ID      : 512
[2025-09-20 00:53:04] INFO  - F/W VER     : 1.6
[2025-09-20 00:53:04] INFO  - TIME        : 2025-09-20 00:53:00
[2025-09-20 00:53:04] INFO  - NW INDEX    : 0
[2025-09-20 00:53:04] INFO  - M TYPE      : 1F
[2025-09-20 00:53:04] INFO  - MP TYPE     : 04
[2025-09-20 00:53:04] INFO  - MI TYPE     : 01
[2025-09-20 00:53:04] INFO  - P TYPE      : 01
[2025-09-20 00:53:04] DEBUG - SEND[11] E1 10 20 00 64 00 00 02 41 B7 E2 
[2025-09-20 00:53:04] DEBUG - RECV[26] E1 10 20 00 00 00 64 11 64 00 03 16 25 09 20 00 53 00 00 00 1F 04 01 01 C8 E2 
[2025-09-20 00:53:04] INFO  - CMD - 64 D
[2025-09-20 00:53:04] INFO  - DCU ID      : 100
[2025-09-20 00:53:04] INFO  - ============================[d]
[2025-09-20 00:53:04] INFO  - RMU ID      : 768
[2025-09-20 00:53:04] INFO  - F/W VER     : 1.6
[2025-09-20 00:53:04] INFO  - TIME        : 2025-09-20 00:53:00
[2025-09-20 00:53:04] INFO  - NW INDEX    : 0
[2025-09-20 00:53:04] INFO  - M TYPE      : 1F
[2025-09-20 00:53:04] INFO  - MP TYPE     : 04
[2025-09-20 00:53:04] INFO  - MI TYPE     : 01
[2025-09-20 00:53:04] INFO  - P TYPE      : 01
[2025-09-20 00:53:04] DEBUG - SEND[11] E1 10 20 00 64 00 00 02 41 B7 E2 
[2025-09-20 00:53:04] DEBUG - RECV[26] E1 10 20 00 00 00 64 11 64 00 04 16 25 09 20 00 53 00 00 00 1F 04 01 01 C9 E2 
[2025-09-20 00:53:04] INFO  - CMD - 64 D
[2025-09-20 00:53:04] INFO  - DCU ID      : 100
[2025-09-20 00:53:04] INFO  - ============================[d]
[2025-09-20 00:53:04] INFO  - RMU ID      : 1024
[2025-09-20 00:53:04] INFO  - F/W VER     : 1.6
[2025-09-20 00:53:04] INFO  - TIME        : 2025-09-20 00:53:00
[2025-09-20 00:53:04] INFO  - NW INDEX    : 0
[2025-09-20 00:53:04] INFO  - M TYPE      : 1F
[2025-09-20 00:53:04] INFO  - MP TYPE     : 04
[2025-09-20 00:53:04] INFO  - MI TYPE     : 01
[2025-09-20 00:53:04] INFO  - P TYPE      : 01
[2025-09-20 00:53:04] DEBUG - SEND[11] E1 10 20 00 64 00 00 02 41 B7 E2 
[2025-09-20 00:53:04] DEBUG - RECV[26] E1 10 20 00 00 00 64 11 64 00 05 16 25 09 20 00 53 00 00 00 1F 04 01 01 CA E2 
[2025-09-20 00:53:04] INFO  - CMD - 64 D
[2025-09-20 00:53:04] INFO  - DCU ID      : 100
[2025-09-20 00:53:04] INFO  - ============================[d]
[2025-09-20 00:53:04] INFO  - RMU ID      : 1280
[2025-09-20 00:53:04] INFO  - F/W VER     : 1.6
[2025-09-20 00:53:04] INFO  - TIME        : 2025-09-20 00:53:00
[2025-09-20 00:53:04] INFO  - NW INDEX    : 0
[2025-09-20 00:53:04] INFO  - M TYPE      : 1F
[2025-09-20 00:53:04] INFO  - MP TYPE     : 04
[2025-09-20 00:53:04] INFO  - MI TYPE     : 01
[2025-09-20 00:53:04] INFO  - P TYPE      : 01
[2025-09-20 00:53:04] DEBUG - SEND[11] E1 10 20 00 64 00 00 02 41 B7 E2 
[2025-09-20 00:53:04] DEBUG - RECV[52] E1 10 20 00 00 00 64 11 64 00 06 16 25 09 20 00 53 01 00 00 1F 04 01 01 CC E2 E1 10 20 00 00 00 64 11 64 00 07 16 25 09 20 00 53 01 00 00 1F 04 01 01 CD E2 
[2025-09-20 00:53:04] INFO  - CMD - 64 D
[2025-09-20 00:53:04] INFO  - DCU ID      : 100
[2025-09-20 00:53:04] INFO  - ============================[d]
[2025-09-20 00:53:04] INFO  - RMU ID      : 1536
[2025-09-20 00:53:04] INFO  - F/W VER     : 1.6
[2025-09-20 00:53:04] INFO  - TIME        : 2025-09-20 00:53:01
[2025-09-20 00:53:04] INFO  - NW INDEX    : 0
[2025-09-20 00:53:04] INFO  - M TYPE      : 1F
[2025-09-20 00:53:04] INFO  - MP TYPE     : 04
[2025-09-20 00:53:04] INFO  - MI TYPE     : 01
[2025-09-20 00:53:04] INFO  - P TYPE      : 01
[2025-09-20 00:53:04] DEBUG - SEND[11] E1 10 20 00 64 00 00 02 41 B7 E2 
[2025-09-20 00:53:04] INFO  - CMD - 64 D
[2025-09-20 00:53:04] INFO  - DCU ID      : 100
[2025-09-20 00:53:04] INFO  - ============================[d]
[2025-09-20 00:53:04] INFO  - RMU ID      : 1792
[2025-09-20 00:53:04] INFO  - F/W VER     : 1.6
[2025-09-20 00:53:04] INFO  - TIME        : 2025-09-20 00:53:01
[2025-09-20 00:53:04] INFO  - NW INDEX    : 0
[2025-09-20 00:53:04] INFO  - M TYPE      : 1F
[2025-09-20 00:53:04] INFO  - MP TYPE     : 04
[2025-09-20 00:53:04] INFO  - MI TYPE     : 01
[2025-09-20 00:53:04] INFO  - P TYPE      : 01
[2025-09-20 00:53:04] DEBUG - SEND[11] E1 10 20 00 64 00 00 02 41 B7 E2 
[2025-09-20 00:53:04] DEBUG - RECV[26] E1 10 20 00 00 00 64 11 64 00 09 16 25 09 20 00 53 01 00 00 1F 04 01 01 CF E2 
[2025-09-20 00:53:04] INFO  - CMD - 64 D
[2025-09-20 00:53:04] INFO  - DCU ID      : 100
[2025-09-20 00:53:04] INFO  - ============================[d]
[2025-09-20 00:53:04] INFO  - RMU ID      : 2304
[2025-09-20 00:53:04] INFO  - F/W VER     : 1.6
[2025-09-20 00:53:04] INFO  - TIME        : 2025-09-20 00:53:01
[2025-09-20 00:53:04] INFO  - NW INDEX    : 0
[2025-09-20 00:53:04] INFO  - M TYPE      : 1F
[2025-09-20 00:53:04] INFO  - MP TYPE     : 04
[2025-09-20 00:53:04] INFO  - MI TYPE     : 01
[2025-09-20 00:53:04] INFO  - P TYPE      : 01
[2025-09-20 00:53:04] DEBUG - SEND[11] E1 10 20 00 64 00 00 02 41 B7 E2 
[2025-09-20 00:53:05] DEBUG - RECV[26] E1 10 20 00 00 00 64 11 64 00 0A 16 25 09 20 00 53 01 00 00 1F 04 01 01 D0 E2 
[2025-09-20 00:53:05] INFO  - CMD - 64 D
[2025-09-20 00:53:05] INFO  - DCU ID      : 100
[2025-09-20 00:53:05] INFO  - ============================[d]
[2025-09-20 00:53:05] INFO  - RMU ID      : 2560
[2025-09-20 00:53:05] INFO  - F/W VER     : 1.6
[2025-09-20 00:53:05] INFO  - TIME        : 2025-09-20 00:53:01
[2025-09-20 00:53:05] INFO  - NW INDEX    : 0
[2025-09-20 00:53:05] INFO  - M TYPE      : 1F
[2025-09-20 00:53:05] INFO  - MP TYPE     : 04
[2025-09-20 00:53:05] INFO  - MI TYPE     : 01
[2025-09-20 00:53:05] INFO  - P TYPE      : 01
[2025-09-20 00:53:05] DEBUG - SEND[11] E1 10 20 00 64 00 00 02 41 B7 E2 
[2025-09-20 00:53:05] DEBUG - RECV[26] E1 10 20 00 00 00 64 11 64 00 0B 16 25 09 20 00 53 02 00 00 1F 04 01 01 D2 E2 
[2025-09-20 00:53:05] INFO  - CMD - 64 D
[2025-09-20 00:53:05] INFO  - DCU ID      : 100
[2025-09-20 00:53:05] INFO  - ============================[d]
[2025-09-20 00:53:05] INFO  - RMU ID      : 2816
[2025-09-20 00:53:05] INFO  - F/W VER     : 1.6
[2025-09-20 00:53:05] INFO  - TIME        : 2025-09-20 00:53:02
[2025-09-20 00:53:05] INFO  - NW INDEX    : 0
[2025-09-20 00:53:05] INFO  - M TYPE      : 1F
[2025-09-20 00:53:05] INFO  - MP TYPE     : 04
[2025-09-20 00:53:05] INFO  - MI TYPE     : 01
[2025-09-20 00:53:05] INFO  - P TYPE      : 01
[2025-09-20 00:53:05] DEBUG - SEND[11] E1 10 20 00 64 00 00 02 41 B7 E2 
[2025-09-20 00:53:05] DEBUG - RECV[26] E1 10 20 00 00 00 64 11 64 00 0C 16 25 09 20 00 53 02 00 00 1F 04 01 01 D3 E2 
[2025-09-20 00:53:05] INFO  - CMD - 64 D
[2025-09-20 00:53:05] INFO  - DCU ID      : 100
[2025-09-20 00:53:05] INFO  - ============================[d]
[2025-09-20 00:53:05] INFO  - RMU ID      : 3072
[2025-09-20 00:53:05] INFO  - F/W VER     : 1.6
[2025-09-20 00:53:05] INFO  - TIME        : 2025-09-20 00:53:02
[2025-09-20 00:53:05] INFO  - NW INDEX    : 0
[2025-09-20 00:53:05] INFO  - M TYPE      : 1F
[2025-09-20 00:53:05] INFO  - MP TYPE     : 04
[2025-09-20 00:53:05] INFO  - MI TYPE     : 01
[2025-09-20 00:53:05] INFO  - P TYPE      : 01
[2025-09-20 00:53:05] DEBUG - SEND[11] E1 10 20 00 64 00 00 02 41 B7 E2 
[2025-09-20 00:53:06] DEBUG - RECV[26] E1 10 20 00 00 00 64 11 64 00 0D 16 25 09 20 00 53 02 00 00 1F 04 01 01 D4 E2 
[2025-09-20 00:53:06] INFO  - CMD - 64 D
[2025-09-20 00:53:06] INFO  - DCU ID      : 100
[2025-09-20 00:53:06] INFO  - ============================[d]
[2025-09-20 00:53:06] INFO  - RMU ID      : 3328
[2025-09-20 00:53:06] INFO  - F/W VER     : 1.6
[2025-09-20 00:53:06] INFO  - TIME        : 2025-09-20 00:53:02
[2025-09-20 00:53:06] INFO  - NW INDEX    : 0
[2025-09-20 00:53:06] INFO  - M TYPE      : 1F
[2025-09-20 00:53:06] INFO  - MP TYPE     : 04
[2025-09-20 00:53:06] INFO  - MI TYPE     : 01
[2025-09-20 00:53:06] INFO  - P TYPE      : 01
[2025-09-20 00:53:06] DEBUG - SEND[11] E1 10 20 00 64 00 00 02 41 B7 E2 
[2025-09-20 00:53:06] DEBUG - RECV[26] E1 10 20 00 00 00 64 11 64 00 0E 16 25 09 20 00 53 02 00 00 1F 04 01 01 D5 E2 
[2025-09-20 00:53:06] INFO  - CMD - 64 D
[2025-09-20 00:53:06] INFO  - DCU ID      : 100
[2025-09-20 00:53:06] INFO  - ============================[d]
[2025-09-20 00:53:06] INFO  - RMU ID      : 3584
[2025-09-20 00:53:06] INFO  - F/W VER     : 1.6
[2025-09-20 00:53:06] INFO  - TIME        : 2025-09-20 00:53:02
[2025-09-20 00:53:06] INFO  - NW INDEX    : 0
[2025-09-20 00:53:06] INFO  - M TYPE      : 1F
[2025-09-20 00:53:06] INFO  - MP TYPE     : 04
[2025-09-20 00:53:06] INFO  - MI TYPE     : 01
[2025-09-20 00:53:06] INFO  - P TYPE      : 01
[2025-09-20 00:53:06] DEBUG - SEND[11] E1 10 20 00 64 00 00 02 41 B7 E2 
[2025-09-20 00:53:06] DEBUG - RECV[26] E1 10 20 00 00 00 64 11 64 00 0F 16 25 09 20 00 53 02 00 00 1F 04 01 01 D6 E2 
[2025-09-20 00:53:06] INFO  - CMD - 64 D
[2025-09-20 00:53:06] INFO  - DCU ID      : 100
[2025-09-20 00:53:06] INFO  - ============================[d]
[2025-09-20 00:53:06] INFO  - RMU ID      : 3840
[2025-09-20 00:53:06] INFO  - F/W VER     : 1.6
[2025-09-20 00:53:06] INFO  - TIME        : 2025-09-20 00:53:02
[2025-09-20 00:53:06] INFO  - NW INDEX    : 0
[2025-09-20 00:53:06] INFO  - M TYPE      : 1F
[2025-09-20 00:53:06] INFO  - MP TYPE     : 04
[2025-09-20 00:53:06] INFO  - MI TYPE     : 01
[2025-09-20 00:53:06] INFO  - P TYPE      : 01
[2025-09-20 00:53:06] DEBUG - SEND[11] E1 10 20 00 64 00 00 02 41 B7 E2 
[2025-09-20 00:53:07] DEBUG - RECV[26] E1 10 20 00 00 00 64 11 64 00 11 16 25 09 20 00 53 03 00 00 1F 04 01 01 D9 E2 
[2025-09-20 00:53:07] INFO  - CMD - 64 D
[2025-09-20 00:53:07] INFO  - DCU ID      : 100
[2025-09-20 00:53:07] INFO  - ============================[d]
[2025-09-20 00:53:07] INFO  - RMU ID      : 4352
[2025-09-20 00:53:07] INFO  - F/W VER     : 1.6
[2025-09-20 00:53:07] INFO  - TIME        : 2025-09-20 00:53:03
[2025-09-20 00:53:07] INFO  - NW INDEX    : 0
[2025-09-20 00:53:07] INFO  - M TYPE      : 1F
[2025-09-20 00:53:07] INFO  - MP TYPE     : 04
[2025-09-20 00:53:07] INFO  - MI TYPE     : 01
[2025-09-20 00:53:07] INFO  - P TYPE      : 01
[2025-09-20 00:53:07] DEBUG - SEND[11] E1 10 20 00 64 00 00 02 41 B7 E2 
[2025-09-20 00:53:07] DEBUG - RECV[26] E1 10 20 00 00 00 64 11 64 00 12 16 25 09 20 00 53 03 00 00 1F 04 01 01 DA E2 
[2025-09-20 00:53:07] INFO  - CMD - 64 D
[2025-09-20 00:53:07] INFO  - DCU ID      : 100
[2025-09-20 00:53:07] INFO  - ============================[d]
[2025-09-20 00:53:07] INFO  - RMU ID      : 4608
[2025-09-20 00:53:07] INFO  - F/W VER     : 1.6
[2025-09-20 00:53:07] INFO  - TIME        : 2025-09-20 00:53:03
[2025-09-20 00:53:07] INFO  - NW INDEX    : 0
[2025-09-20 00:53:07] INFO  - M TYPE      : 1F
[2025-09-20 00:53:07] INFO  - MP TYPE     : 04
[2025-09-20 00:53:07] INFO  - MI TYPE     : 01
[2025-09-20 00:53:07] INFO  - P TYPE      : 01
[2025-09-20 00:53:07] DEBUG - SEND[11] E1 10 20 00 64 00 00 02 41 B7 E2 
[2025-09-20 00:53:13] DEBUG - Closed  :Socket[addr=/192.168.10.4,port=49154,localport=9008]
[2025-09-20 00:54:00] INFO  - ************************************************************************************
[2025-09-20 00:54:00] INFO  - Connect :Socket[addr=/192.168.10.4,port=49155,localport=9008]
[2025-09-20 00:54:02] DEBUG - RECV[51] E1 10 20 00 00 00 64 29 69 00 01 25 09 20 00 53 00 02 01 04 03 F8 11 00 00 00 10 20 00 00 00 00 00 00 00 00 00 00 00 00 00 00 00 00 00 00 00 00 00 CB E2 
[2025-09-20 00:54:02] INFO  - CMD - 69 I
[2025-09-20 00:54:02] INFO  - DCU ID     : 100
[2025-09-20 00:54:02] INFO  - ============================[i]
[2025-09-20 00:54:02] INFO  - RMU ID      : 256
[2025-09-20 00:54:02] INFO  - TIME        : 2025-09-20 00:53:00
[2025-09-20 00:54:02] INFO  - M TYPE      : 01
[2025-09-20 00:54:02] INFO  - MDATA1      : 4.600
[2025-09-20 00:54:02] INFO  - MDATA2      : 0.000
[2025-09-20 00:54:02] INFO  - MDATA3      : 0.000
[2025-09-20 00:54:02] INFO  - MDATA4      : 0.000
[2025-09-20 00:54:02] INFO  - DCU ID     : 100
[2025-09-20 00:54:02] INFO  - ============================[i]
[2025-09-20 00:54:02] INFO  - RMU ID      : 256
[2025-09-20 00:54:02] INFO  - TIME        : 2025-09-20 00:53:00
[2025-09-20 00:54:02] INFO  - M TYPE      : 10
[2025-09-20 00:54:02] INFO  - MDATA1      : 0.000
[2025-09-20 00:54:02] INFO  - MDATA2      : 0.000
[2025-09-20 00:54:02] INFO  - MDATA3      : 0.000
[2025-09-20 00:54:02] INFO  - MDATA4      : 0.000
[2025-09-20 00:54:02] DEBUG - SEND[11] E1 10 20 00 64 00 00 02 41 B7 E2 
[2025-09-20 00:54:02] DEBUG - RECV[51] E1 10 20 00 00 00 64 29 69 00 02 25 09 20 00 53 00 02 01 04 03 00 00 00 00 00 10 20 00 00 00 00 00 00 00 00 00 00 00 00 00 00 00 00 00 00 00 00 00 C3 E2 
[2025-09-20 00:54:02] INFO  - CMD - 69 I
[2025-09-20 00:54:02] INFO  - DCU ID     : 100
[2025-09-20 00:54:02] INFO  - ============================[i]
[2025-09-20 00:54:02] INFO  - RMU ID      : 512
[2025-09-20 00:54:02] INFO  - TIME        : 2025-09-20 00:53:00
[2025-09-20 00:54:02] INFO  - M TYPE      : 01
[2025-09-20 00:54:02] INFO  - MDATA1      : 0.000
[2025-09-20 00:54:02] INFO  - MDATA2      : 0.000
[2025-09-20 00:54:02] INFO  - MDATA3      : 0.000
[2025-09-20 00:54:02] INFO  - MDATA4      : 0.000
[2025-09-20 00:54:02] INFO  - DCU ID     : 100
[2025-09-20 00:54:02] INFO  - ============================[i]
[2025-09-20 00:54:02] INFO  - RMU ID      : 512
[2025-09-20 00:54:02] INFO  - TIME        : 2025-09-20 00:53:00
[2025-09-20 00:54:02] INFO  - M TYPE      : 10
[2025-09-20 00:54:02] INFO  - MDATA1      : 0.000
[2025-09-20 00:54:02] INFO  - MDATA2      : 0.000
[2025-09-20 00:54:02] INFO  - MDATA3      : 0.000
[2025-09-20 00:54:02] INFO  - MDATA4      : 0.000
[2025-09-20 00:54:02] DEBUG - SEND[11] E1 10 20 00 64 00 00 02 41 B7 E2 
[2025-09-20 00:54:03] DEBUG - RECV[51] E1 10 20 00 00 00 64 29 69 00 03 25 09 20 00 53 00 02 01 04 03 00 00 00 00 00 10 20 00 00 00 00 00 00 00 00 00 00 00 00 00 00 00 00 00 00 00 00 00 C4 E2 
[2025-09-20 00:54:03] INFO  - CMD - 69 I
[2025-09-20 00:54:03] INFO  - DCU ID     : 100
[2025-09-20 00:54:03] INFO  - ============================[i]
[2025-09-20 00:54:03] INFO  - RMU ID      : 768
[2025-09-20 00:54:03] INFO  - TIME        : 2025-09-20 00:53:00
[2025-09-20 00:54:03] INFO  - M TYPE      : 01
[2025-09-20 00:54:03] INFO  - MDATA1      : 0.000
[2025-09-20 00:54:03] INFO  - MDATA2      : 0.000
[2025-09-20 00:54:03] INFO  - MDATA3      : 0.000
[2025-09-20 00:54:03] INFO  - MDATA4      : 0.000
[2025-09-20 00:54:03] INFO  - DCU ID     : 100
[2025-09-20 00:54:03] INFO  - ============================[i]
[2025-09-20 00:54:03] INFO  - RMU ID      : 768
[2025-09-20 00:54:03] INFO  - TIME        : 2025-09-20 00:53:00
[2025-09-20 00:54:03] INFO  - M TYPE      : 10
[2025-09-20 00:54:03] INFO  - MDATA1      : 0.000
[2025-09-20 00:54:03] INFO  - MDATA2      : 0.000
[2025-09-20 00:54:03] INFO  - MDATA3      : 0.000
[2025-09-20 00:54:03] INFO  - MDATA4      : 0.000
[2025-09-20 00:54:03] DEBUG - SEND[11] E1 10 20 00 64 00 00 02 41 B7 E2 
[2025-09-20 00:54:03] DEBUG - RECV[51] E1 10 20 00 00 00 64 29 69 00 04 25 09 20 00 53 00 02 01 04 03 00 00 00 00 00 10 20 00 00 00 00 00 00 00 00 00 00 00 00 00 00 00 00 00 00 00 00 00 C5 E2 
[2025-09-20 00:54:03] INFO  - CMD - 69 I
[2025-09-20 00:54:03] INFO  - DCU ID     : 100
[2025-09-20 00:54:03] INFO  - ============================[i]
[2025-09-20 00:54:03] INFO  - RMU ID      : 1024
[2025-09-20 00:54:03] INFO  - TIME        : 2025-09-20 00:53:00
[2025-09-20 00:54:03] INFO  - M TYPE      : 01
[2025-09-20 00:54:03] INFO  - MDATA1      : 0.000
[2025-09-20 00:54:03] INFO  - MDATA2      : 0.000
[2025-09-20 00:54:03] INFO  - MDATA3      : 0.000
[2025-09-20 00:54:03] INFO  - MDATA4      : 0.000
[2025-09-20 00:54:03] INFO  - DCU ID     : 100
[2025-09-20 00:54:03] INFO  - ============================[i]
[2025-09-20 00:54:03] INFO  - RMU ID      : 1024
[2025-09-20 00:54:03] INFO  - TIME        : 2025-09-20 00:53:00
[2025-09-20 00:54:03] INFO  - M TYPE      : 10
[2025-09-20 00:54:03] INFO  - MDATA1      : 0.000
[2025-09-20 00:54:03] INFO  - MDATA2      : 0.000
[2025-09-20 00:54:03] INFO  - MDATA3      : 0.000
[2025-09-20 00:54:03] INFO  - MDATA4      : 0.000
[2025-09-20 00:54:03] DEBUG - SEND[11] E1 10 20 00 64 00 00 02 41 B7 E2 
[2025-09-20 00:54:03] DEBUG - RECV[51] E1 10 20 00 00 00 64 29 69 00 05 25 09 20 00 53 00 02 01 04 03 00 00 00 00 00 10 20 00 00 00 00 00 00 00 00 00 00 00 00 00 00 00 00 00 00 00 00 00 C6 E2 
[2025-09-20 00:54:03] INFO  - CMD - 69 I
[2025-09-20 00:54:03] INFO  - DCU ID     : 100
[2025-09-20 00:54:03] INFO  - ============================[i]
[2025-09-20 00:54:03] INFO  - RMU ID      : 1280
[2025-09-20 00:54:03] INFO  - TIME        : 2025-09-20 00:53:00
[2025-09-20 00:54:03] INFO  - M TYPE      : 01
[2025-09-20 00:54:03] INFO  - MDATA1      : 0.000
[2025-09-20 00:54:03] INFO  - MDATA2      : 0.000
[2025-09-20 00:54:03] INFO  - MDATA3      : 0.000
[2025-09-20 00:54:03] INFO  - MDATA4      : 0.000
[2025-09-20 00:54:03] INFO  - DCU ID     : 100
[2025-09-20 00:54:03] INFO  - ============================[i]
[2025-09-20 00:54:03] INFO  - RMU ID      : 1280
[2025-09-20 00:54:03] INFO  - TIME        : 2025-09-20 00:53:00
[2025-09-20 00:54:03] INFO  - M TYPE      : 10
[2025-09-20 00:54:03] INFO  - MDATA1      : 0.000
[2025-09-20 00:54:03] INFO  - MDATA2      : 0.000
[2025-09-20 00:54:03] INFO  - MDATA3      : 0.000
[2025-09-20 00:54:03] INFO  - MDATA4      : 0.000
[2025-09-20 00:54:03] DEBUG - SEND[11] E1 10 20 00 64 00 00 02 41 B7 E2 
[2025-09-20 00:54:03] DEBUG - RECV[51] E1 10 20 00 00 00 64 29 69 00 06 25 09 20 00 53 01 02 01 04 03 00 00 00 00 00 10 20 00 00 00 00 00 00 00 00 00 00 00 00 00 00 00 00 00 00 00 00 00 C8 E2 
[2025-09-20 00:54:03] INFO  - CMD - 69 I
[2025-09-20 00:54:03] INFO  - DCU ID     : 100
[2025-09-20 00:54:03] INFO  - ============================[i]
[2025-09-20 00:54:03] INFO  - RMU ID      : 1536
[2025-09-20 00:54:03] INFO  - TIME        : 2025-09-20 00:53:01
[2025-09-20 00:54:03] INFO  - M TYPE      : 01
[2025-09-20 00:54:03] INFO  - MDATA1      : 0.000
[2025-09-20 00:54:03] INFO  - MDATA2      : 0.000
[2025-09-20 00:54:03] INFO  - MDATA3      : 0.000
[2025-09-20 00:54:03] INFO  - MDATA4      : 0.000
[2025-09-20 00:54:03] INFO  - DCU ID     : 100
[2025-09-20 00:54:03] INFO  - ============================[i]
[2025-09-20 00:54:03] INFO  - RMU ID      : 1536
[2025-09-20 00:54:03] INFO  - TIME        : 2025-09-20 00:53:01
[2025-09-20 00:54:03] INFO  - M TYPE      : 10
[2025-09-20 00:54:03] INFO  - MDATA1      : 0.000
[2025-09-20 00:54:03] INFO  - MDATA2      : 0.000
[2025-09-20 00:54:03] INFO  - MDATA3      : 0.000
[2025-09-20 00:54:03] INFO  - MDATA4      : 0.000
[2025-09-20 00:54:03] DEBUG - SEND[11] E1 10 20 00 64 00 00 02 41 B7 E2 
[2025-09-20 00:54:04] DEBUG - RECV[51] E1 10 20 00 00 00 64 29 69 00 07 25 09 20 00 53 01 02 01 04 03 00 00 00 00 00 10 20 00 00 00 00 00 00 00 00 00 00 00 00 00 00 00 00 00 00 00 00 00 C9 E2 
[2025-09-20 00:54:04] INFO  - CMD - 69 I
[2025-09-20 00:54:04] INFO  - DCU ID     : 100
[2025-09-20 00:54:04] INFO  - ============================[i]
[2025-09-20 00:54:04] INFO  - RMU ID      : 1792
[2025-09-20 00:54:04] INFO  - TIME        : 2025-09-20 00:53:01
[2025-09-20 00:54:04] INFO  - M TYPE      : 01
[2025-09-20 00:54:04] INFO  - MDATA1      : 0.000
[2025-09-20 00:54:04] INFO  - MDATA2      : 0.000
[2025-09-20 00:54:04] INFO  - MDATA3      : 0.000
[2025-09-20 00:54:04] INFO  - MDATA4      : 0.000
[2025-09-20 00:54:04] INFO  - DCU ID     : 100
[2025-09-20 00:54:04] INFO  - ============================[i]
[2025-09-20 00:54:04] INFO  - RMU ID      : 1792
[2025-09-20 00:54:04] INFO  - TIME        : 2025-09-20 00:53:01
[2025-09-20 00:54:04] INFO  - M TYPE      : 10
[2025-09-20 00:54:04] INFO  - MDATA1      : 0.000
[2025-09-20 00:54:04] INFO  - MDATA2      : 0.000
[2025-09-20 00:54:04] INFO  - MDATA3      : 0.000
[2025-09-20 00:54:04] INFO  - MDATA4      : 0.000
[2025-09-20 00:54:04] DEBUG - SEND[11] E1 10 20 00 64 00 00 02 41 B7 E2 
[2025-09-20 00:54:04] DEBUG - RECV[59] E1 10 20 00 00 00 64 31 69 00 09 25 09 20 00 53 01 03 01 04 03 5C 12 00 00 00 02 04 13 15 00 00 00 00 10 20 00 00 00 00 00 00 00 00 00 00 00 00 00 00 00 00 00 00 00 00 00 70 E2 
[2025-09-20 00:54:04] INFO  - CMD - 69 I
[2025-09-20 00:54:04] INFO  - DCU ID     : 100
[2025-09-20 00:54:04] INFO  - ============================[i]
[2025-09-20 00:54:04] INFO  - RMU ID      : 2304
[2025-09-20 00:54:04] INFO  - TIME        : 2025-09-20 00:53:01
[2025-09-20 00:54:04] INFO  - M TYPE      : 01
[2025-09-20 00:54:04] INFO  - MDATA1      : 4.700
[2025-09-20 00:54:04] INFO  - MDATA2      : 0.000
[2025-09-20 00:54:04] INFO  - MDATA3      : 0.000
[2025-09-20 00:54:04] INFO  - MDATA4      : 0.000
[2025-09-20 00:54:04] INFO  - DCU ID     : 100
[2025-09-20 00:54:04] INFO  - ============================[i]
[2025-09-20 00:54:04] INFO  - RMU ID      : 2304
[2025-09-20 00:54:04] INFO  - TIME        : 2025-09-20 00:53:01
[2025-09-20 00:54:04] INFO  - M TYPE      : 02
[2025-09-20 00:54:04] INFO  - MDATA1      : 0.021
[2025-09-20 00:54:04] INFO  - MDATA2      : 0.000
[2025-09-20 00:54:04] INFO  - MDATA3      : 0.000
[2025-09-20 00:54:04] INFO  - MDATA4      : 0.000
[2025-09-20 00:54:04] INFO  - DCU ID     : 100
[2025-09-20 00:54:04] INFO  - ============================[i]
[2025-09-20 00:54:04] INFO  - RMU ID      : 2304
[2025-09-20 00:54:04] INFO  - TIME        : 2025-09-20 00:53:01
[2025-09-20 00:54:04] INFO  - M TYPE      : 10
[2025-09-20 00:54:04] INFO  - MDATA1      : 0.000
[2025-09-20 00:54:04] INFO  - MDATA2      : 0.000
[2025-09-20 00:54:04] INFO  - MDATA3      : 0.000
[2025-09-20 00:54:04] INFO  - MDATA4      : 0.000
[2025-09-20 00:54:04] DEBUG - SEND[11] E1 10 20 00 64 00 00 02 41 B7 E2 
[2025-09-20 00:54:05] DEBUG - RECV[59] E1 10 20 00 00 00 64 31 69 00 0A 25 09 20 00 53 01 03 01 04 03 00 00 00 00 00 02 04 13 00 00 00 00 00 10 20 00 00 00 00 00 00 00 00 00 00 00 00 00 00 00 00 00 00 00 00 00 EE E2 
[2025-09-20 00:54:05] INFO  - CMD - 69 I
[2025-09-20 00:54:05] INFO  - DCU ID     : 100
[2025-09-20 00:54:05] INFO  - ============================[i]
[2025-09-20 00:54:05] INFO  - RMU ID      : 2560
[2025-09-20 00:54:05] INFO  - TIME        : 2025-09-20 00:53:01
[2025-09-20 00:54:05] INFO  - M TYPE      : 01
[2025-09-20 00:54:05] INFO  - MDATA1      : 0.000
[2025-09-20 00:54:05] INFO  - MDATA2      : 0.000
[2025-09-20 00:54:05] INFO  - MDATA3      : 0.000
[2025-09-20 00:54:05] INFO  - MDATA4      : 0.000
[2025-09-20 00:54:05] INFO  - DCU ID     : 100
[2025-09-20 00:54:05] INFO  - ============================[i]
[2025-09-20 00:54:05] INFO  - RMU ID      : 2560
[2025-09-20 00:54:05] INFO  - TIME        : 2025-09-20 00:53:01
[2025-09-20 00:54:05] INFO  - M TYPE      : 02
[2025-09-20 00:54:05] INFO  - MDATA1      : 0.000
[2025-09-20 00:54:05] INFO  - MDATA2      : 0.000
[2025-09-20 00:54:05] INFO  - MDATA3      : 0.000
[2025-09-20 00:54:05] INFO  - MDATA4      : 0.000
[2025-09-20 00:54:05] INFO  - DCU ID     : 100
[2025-09-20 00:54:05] INFO  - ============================[i]
[2025-09-20 00:54:05] INFO  - RMU ID      : 2560
[2025-09-20 00:54:05] INFO  - TIME        : 2025-09-20 00:53:01
[2025-09-20 00:54:05] INFO  - M TYPE      : 10
[2025-09-20 00:54:05] INFO  - MDATA1      : 0.000
[2025-09-20 00:54:05] INFO  - MDATA2      : 0.000
[2025-09-20 00:54:05] INFO  - MDATA3      : 0.000
[2025-09-20 00:54:05] INFO  - MDATA4      : 0.000
[2025-09-20 00:54:05] DEBUG - SEND[11] E1 10 20 00 64 00 00 02 41 B7 E2 
[2025-09-20 00:54:05] DEBUG - RECV[59] E1 10 20 00 00 00 64 31 69 00 0B 25 09 20 00 53 02 03 01 04 03 00 00 00 00 00 02 04 13 84 01 00 00 00 10 20 00 00 00 00 00 00 00 00 00 00 00 00 00 00 00 00 00 00 00 00 00 75 E2 
[2025-09-20 00:54:05] INFO  - CMD - 69 I
[2025-09-20 00:54:05] INFO  - DCU ID     : 100
[2025-09-20 00:54:05] INFO  - ============================[i]
[2025-09-20 00:54:05] INFO  - RMU ID      : 2816
[2025-09-20 00:54:05] INFO  - TIME        : 2025-09-20 00:53:02
[2025-09-20 00:54:05] INFO  - M TYPE      : 01
[2025-09-20 00:54:05] INFO  - MDATA1      : 0.000
[2025-09-20 00:54:05] INFO  - MDATA2      : 0.000
[2025-09-20 00:54:05] INFO  - MDATA3      : 0.000
[2025-09-20 00:54:05] INFO  - MDATA4      : 0.000
[2025-09-20 00:54:05] INFO  - DCU ID     : 100
[2025-09-20 00:54:05] INFO  - ============================[i]
[2025-09-20 00:54:05] INFO  - RMU ID      : 2816
[2025-09-20 00:54:05] INFO  - TIME        : 2025-09-20 00:53:02
[2025-09-20 00:54:05] INFO  - M TYPE      : 02
[2025-09-20 00:54:05] INFO  - MDATA1      : 0.388
[2025-09-20 00:54:05] INFO  - MDATA2      : 0.000
[2025-09-20 00:54:05] INFO  - MDATA3      : 0.000
[2025-09-20 00:54:05] INFO  - MDATA4      : 0.000
[2025-09-20 00:54:05] INFO  - DCU ID     : 100
[2025-09-20 00:54:05] INFO  - ============================[i]
[2025-09-20 00:54:05] INFO  - RMU ID      : 2816
[2025-09-20 00:54:05] INFO  - TIME        : 2025-09-20 00:53:02
[2025-09-20 00:54:05] INFO  - M TYPE      : 10
[2025-09-20 00:54:05] INFO  - MDATA1      : 0.000
[2025-09-20 00:54:05] INFO  - MDATA2      : 0.000
[2025-09-20 00:54:05] INFO  - MDATA3      : 0.000
[2025-09-20 00:54:05] INFO  - MDATA4      : 0.000
[2025-09-20 00:54:05] DEBUG - SEND[11] E1 10 20 00 64 00 00 02 41 B7 E2 
[2025-09-20 00:54:05] DEBUG - RECV[59] E1 10 20 00 00 00 64 31 69 00 0C 25 09 20 00 53 02 03 01 04 03 00 00 00 00 00 02 04 13 00 00 00 00 00 10 20 00 00 00 00 00 00 00 00 00 00 00 00 00 00 00 00 00 00 00 00 00 F1 E2 
[2025-09-20 00:54:05] INFO  - CMD - 69 I
[2025-09-20 00:54:05] INFO  - DCU ID     : 100
[2025-09-20 00:54:05] INFO  - ============================[i]
[2025-09-20 00:54:05] INFO  - RMU ID      : 3072
[2025-09-20 00:54:05] INFO  - TIME        : 2025-09-20 00:53:02
[2025-09-20 00:54:05] INFO  - M TYPE      : 01
[2025-09-20 00:54:05] INFO  - MDATA1      : 0.000
[2025-09-20 00:54:05] INFO  - MDATA2      : 0.000
[2025-09-20 00:54:05] INFO  - MDATA3      : 0.000
[2025-09-20 00:54:05] INFO  - MDATA4      : 0.000
[2025-09-20 00:54:05] INFO  - DCU ID     : 100
[2025-09-20 00:54:05] INFO  - ============================[i]
[2025-09-20 00:54:05] INFO  - RMU ID      : 3072
[2025-09-20 00:54:05] INFO  - TIME        : 2025-09-20 00:53:02
[2025-09-20 00:54:05] INFO  - M TYPE      : 02
[2025-09-20 00:54:05] INFO  - MDATA1      : 0.000
[2025-09-20 00:54:05] INFO  - MDATA2      : 0.000
[2025-09-20 00:54:05] INFO  - MDATA3      : 0.000
[2025-09-20 00:54:05] INFO  - MDATA4      : 0.000
[2025-09-20 00:54:05] INFO  - DCU ID     : 100
[2025-09-20 00:54:05] INFO  - ============================[i]
[2025-09-20 00:54:05] INFO  - RMU ID      : 3072
[2025-09-20 00:54:05] INFO  - TIME        : 2025-09-20 00:53:02
[2025-09-20 00:54:05] INFO  - M TYPE      : 10
[2025-09-20 00:54:05] INFO  - MDATA1      : 0.000
[2025-09-20 00:54:05] INFO  - MDATA2      : 0.000
[2025-09-20 00:54:05] INFO  - MDATA3      : 0.000
[2025-09-20 00:54:05] INFO  - MDATA4      : 0.000
[2025-09-20 00:54:05] DEBUG - SEND[11] E1 10 20 00 64 00 00 02 41 B7 E2 
[2025-09-20 00:54:05] DEBUG - RECV[59] E1 10 20 00 00 00 64 31 69 00 0D 25 09 20 00 53 02 03 01 04 03 00 00 00 00 00 02 04 13 00 00 00 00 00 10 20 00 00 00 00 00 00 00 00 00 00 00 00 00 00 00 00 00 00 00 00 00 F2 E2 
[2025-09-20 00:54:05] INFO  - CMD - 69 I
[2025-09-20 00:54:05] INFO  - DCU ID     : 100
[2025-09-20 00:54:05] INFO  - ============================[i]
[2025-09-20 00:54:05] INFO  - RMU ID      : 3328
[2025-09-20 00:54:05] INFO  - TIME        : 2025-09-20 00:53:02
[2025-09-20 00:54:05] INFO  - M TYPE      : 01
[2025-09-20 00:54:05] INFO  - MDATA1      : 0.000
[2025-09-20 00:54:05] INFO  - MDATA2      : 0.000
[2025-09-20 00:54:05] INFO  - MDATA3      : 0.000
[2025-09-20 00:54:05] INFO  - MDATA4      : 0.000
[2025-09-20 00:54:05] INFO  - DCU ID     : 100
[2025-09-20 00:54:05] INFO  - ============================[i]
[2025-09-20 00:54:05] INFO  - RMU ID      : 3328
[2025-09-20 00:54:05] INFO  - TIME        : 2025-09-20 00:53:02
[2025-09-20 00:54:05] INFO  - M TYPE      : 02
[2025-09-20 00:54:05] INFO  - MDATA1      : 0.000
[2025-09-20 00:54:05] INFO  - MDATA2      : 0.000
[2025-09-20 00:54:05] INFO  - MDATA3      : 0.000
[2025-09-20 00:54:05] INFO  - MDATA4      : 0.000
[2025-09-20 00:54:05] INFO  - DCU ID     : 100
[2025-09-20 00:54:05] INFO  - ============================[i]
[2025-09-20 00:54:05] INFO  - RMU ID      : 3328
[2025-09-20 00:54:05] INFO  - TIME        : 2025-09-20 00:53:02
[2025-09-20 00:54:05] INFO  - M TYPE      : 10
[2025-09-20 00:54:05] INFO  - MDATA1      : 0.000
[2025-09-20 00:54:05] INFO  - MDATA2      : 0.000
[2025-09-20 00:54:05] INFO  - MDATA3      : 0.000
[2025-09-20 00:54:05] INFO  - MDATA4      : 0.000
[2025-09-20 00:54:05] DEBUG - SEND[11] E1 10 20 00 64 00 00 02 41 B7 E2 
[2025-09-20 00:54:06] DEBUG - RECV[59] E1 10 20 00 00 00 64 31 69 00 0E 25 09 20 00 53 02 03 01 04 03 00 00 00 00 00 02 04 13 0A 00 00 00 00 10 20 00 00 00 00 00 00 00 00 00 00 00 00 00 00 00 00 00 00 00 00 00 FD E2 
[2025-09-20 00:54:06] INFO  - CMD - 69 I
[2025-09-20 00:54:06] INFO  - DCU ID     : 100
[2025-09-20 00:54:06] INFO  - ============================[i]
[2025-09-20 00:54:06] INFO  - RMU ID      : 3584
[2025-09-20 00:54:06] INFO  - TIME        : 2025-09-20 00:53:02
[2025-09-20 00:54:06] INFO  - M TYPE      : 01
[2025-09-20 00:54:06] INFO  - MDATA1      : 0.000
[2025-09-20 00:54:06] INFO  - MDATA2      : 0.000
[2025-09-20 00:54:06] INFO  - MDATA3      : 0.000
[2025-09-20 00:54:06] INFO  - MDATA4      : 0.000
[2025-09-20 00:54:06] INFO  - DCU ID     : 100
[2025-09-20 00:54:06] INFO  - ============================[i]
[2025-09-20 00:54:06] INFO  - RMU ID      : 3584
[2025-09-20 00:54:06] INFO  - TIME        : 2025-09-20 00:53:02
[2025-09-20 00:54:06] INFO  - M TYPE      : 02
[2025-09-20 00:54:06] INFO  - MDATA1      : 0.010
[2025-09-20 00:54:06] INFO  - MDATA2      : 0.000
[2025-09-20 00:54:06] INFO  - MDATA3      : 0.000
[2025-09-20 00:54:06] INFO  - MDATA4      : 0.000
[2025-09-20 00:54:06] INFO  - DCU ID     : 100
[2025-09-20 00:54:06] INFO  - ============================[i]
[2025-09-20 00:54:06] INFO  - RMU ID      : 3584
[2025-09-20 00:54:06] INFO  - TIME        : 2025-09-20 00:53:02
[2025-09-20 00:54:06] INFO  - M TYPE      : 10
[2025-09-20 00:54:06] INFO  - MDATA1      : 0.000
[2025-09-20 00:54:06] INFO  - MDATA2      : 0.000
[2025-09-20 00:54:06] INFO  - MDATA3      : 0.000
[2025-09-20 00:54:06] INFO  - MDATA4      : 0.000
[2025-09-20 00:54:06] DEBUG - SEND[11] E1 10 20 00 64 00 00 02 41 B7 E2 
[2025-09-20 00:54:06] DEBUG - RECV[51] E1 10 20 00 00 00 64 29 69 00 0F 25 09 20 00 53 02 02 01 04 03 00 00 00 00 00 10 20 00 00 00 00 00 00 00 00 00 00 00 00 00 00 00 00 00 00 00 00 00 D2 E2 
[2025-09-20 00:54:06] INFO  - CMD - 69 I
[2025-09-20 00:54:06] INFO  - DCU ID     : 100
[2025-09-20 00:54:06] INFO  - ============================[i]
[2025-09-20 00:54:06] INFO  - RMU ID      : 3840
[2025-09-20 00:54:06] INFO  - TIME        : 2025-09-20 00:53:02
[2025-09-20 00:54:06] INFO  - M TYPE      : 01
[2025-09-20 00:54:06] INFO  - MDATA1      : 0.000
[2025-09-20 00:54:06] INFO  - MDATA2      : 0.000
[2025-09-20 00:54:06] INFO  - MDATA3      : 0.000
[2025-09-20 00:54:06] INFO  - MDATA4      : 0.000
[2025-09-20 00:54:06] INFO  - DCU ID     : 100
[2025-09-20 00:54:06] INFO  - ============================[i]
[2025-09-20 00:54:06] INFO  - RMU ID      : 3840
[2025-09-20 00:54:06] INFO  - TIME        : 2025-09-20 00:53:02
[2025-09-20 00:54:06] INFO  - M TYPE      : 10
[2025-09-20 00:54:06] INFO  - MDATA1      : 0.000
[2025-09-20 00:54:06] INFO  - MDATA2      : 0.000
[2025-09-20 00:54:06] INFO  - MDATA3      : 0.000
[2025-09-20 00:54:06] INFO  - MDATA4      : 0.000
[2025-09-20 00:54:06] DEBUG - SEND[11] E1 10 20 00 64 00 00 02 41 B7 E2 
[2025-09-20 00:54:06] DEBUG - RECV[51] E1 10 20 00 00 00 64 29 69 00 11 25 09 20 00 53 03 02 01 04 03 00 00 00 00 00 10 20 00 00 00 00 00 00 00 00 00 00 00 00 00 00 00 00 00 00 00 00 00 D5 E2 
[2025-09-20 00:54:06] INFO  - CMD - 69 I
[2025-09-20 00:54:06] INFO  - DCU ID     : 100
[2025-09-20 00:54:06] INFO  - ============================[i]
[2025-09-20 00:54:06] INFO  - RMU ID      : 4352
[2025-09-20 00:54:06] INFO  - TIME        : 2025-09-20 00:53:03
[2025-09-20 00:54:06] INFO  - M TYPE      : 01
[2025-09-20 00:54:06] INFO  - MDATA1      : 0.000
[2025-09-20 00:54:06] INFO  - MDATA2      : 0.000
[2025-09-20 00:54:06] INFO  - MDATA3      : 0.000
[2025-09-20 00:54:06] INFO  - MDATA4      : 0.000
[2025-09-20 00:54:06] INFO  - DCU ID     : 100
[2025-09-20 00:54:06] INFO  - ============================[i]
[2025-09-20 00:54:06] INFO  - RMU ID      : 4352
[2025-09-20 00:54:06] INFO  - TIME        : 2025-09-20 00:53:03
[2025-09-20 00:54:06] INFO  - M TYPE      : 10
[2025-09-20 00:54:06] INFO  - MDATA1      : 0.000
[2025-09-20 00:54:06] INFO  - MDATA2      : 0.000
[2025-09-20 00:54:06] INFO  - MDATA3      : 0.000
[2025-09-20 00:54:06] INFO  - MDATA4      : 0.000
[2025-09-20 00:54:06] DEBUG - SEND[11] E1 10 20 00 64 00 00 02 41 B7 E2 
[2025-09-20 00:54:06] DEBUG - RECV[51] E1 10 20 00 00 00 64 29 69 00 12 25 09 20 00 53 03 02 01 04 03 00 00 00 00 00 10 20 00 00 00 00 00 00 00 00 00 00 00 00 00 00 00 00 00 00 00 00 00 D6 E2 
[2025-09-20 00:54:06] INFO  - CMD - 69 I
[2025-09-20 00:54:06] INFO  - DCU ID     : 100
[2025-09-20 00:54:06] INFO  - ============================[i]
[2025-09-20 00:54:06] INFO  - RMU ID      : 4608
[2025-09-20 00:54:06] INFO  - TIME        : 2025-09-20 00:53:03
[2025-09-20 00:54:06] INFO  - M TYPE      : 01
[2025-09-20 00:54:06] INFO  - MDATA1      : 0.000
[2025-09-20 00:54:06] INFO  - MDATA2      : 0.000
[2025-09-20 00:54:06] INFO  - MDATA3      : 0.000
[2025-09-20 00:54:06] INFO  - MDATA4      : 0.000
[2025-09-20 00:54:06] INFO  - DCU ID     : 100
[2025-09-20 00:54:06] INFO  - ============================[i]
[2025-09-20 00:54:06] INFO  - RMU ID      : 4608
[2025-09-20 00:54:06] INFO  - TIME        : 2025-09-20 00:53:03
[2025-09-20 00:54:06] INFO  - M TYPE      : 10
[2025-09-20 00:54:06] INFO  - MDATA1      : 0.000
[2025-09-20 00:54:06] INFO  - MDATA2      : 0.000
[2025-09-20 00:54:06] INFO  - MDATA3      : 0.000
[2025-09-20 00:54:06] INFO  - MDATA4      : 0.000
[2025-09-20 00:54:06] DEBUG - SEND[11] E1 10 20 00 64 00 00 02 41 B7 E2 
[2025-09-20 00:54:12] DEBUG - Closed  :Socket[addr=/192.168.10.4,port=49155,localport=9008]
[2025-09-20 00:55:19] INFO  - ************************************************************************************
[2025-09-20 00:55:19] INFO  - Connect :Socket[addr=/192.168.10.2,port=52764,localport=9008]
[2025-09-20 00:55:20] DEBUG - RECV[81] E1 10 20 00 00 00 65 12 69 01 00 25 09 20 00 56 35 01 01 04 03 01 00 00 02 D6 E2 E1 10 20 00 00 00 65 12 69 02 00 25 09 20 00 56 35 01 01 04 03 01 00 00 00 D5 E2 E1 10 20 00 00 00 65 12 69 03 00 25 09 20 00 56 36 01 01 04 03 01 00 00 00 D7 E2 
[2025-09-20 00:55:20] INFO  - CMD - 69 I
[2025-09-20 00:55:20] INFO  - DCU ID     : 101
[2025-09-20 00:55:20] INFO  - ============================[i]
[2025-09-20 00:55:20] INFO  - RMU ID      : 1
[2025-09-20 00:55:20] INFO  - TIME        : 2025-09-20 00:56:35
[2025-09-20 00:55:20] INFO  - M TYPE      : 01
[2025-09-20 00:55:20] INFO  - MDATA1      : 33554.433
[2025-09-20 00:55:20] INFO  - MDATA2      : 0.000
[2025-09-20 00:55:20] INFO  - MDATA3      : 0.000
[2025-09-20 00:55:20] INFO  - MDATA4      : 0.000
[2025-09-20 00:55:20] DEBUG - SEND[11] E1 10 20 00 65 00 00 02 41 B8 E2 
[2025-09-20 00:55:20] INFO  - CMD - 69 I
[2025-09-20 00:55:20] INFO  - DCU ID     : 101
[2025-09-20 00:55:20] INFO  - ============================[i]
[2025-09-20 00:55:20] INFO  - RMU ID      : 2
[2025-09-20 00:55:20] INFO  - TIME        : 2025-09-20 00:56:35
[2025-09-20 00:55:20] INFO  - M TYPE      : 01
[2025-09-20 00:55:20] INFO  - MDATA1      : 0.001
[2025-09-20 00:55:20] INFO  - MDATA2      : 0.000
[2025-09-20 00:55:20] INFO  - MDATA3      : 0.000
[2025-09-20 00:55:20] INFO  - MDATA4      : 0.000
[2025-09-20 00:55:20] DEBUG - SEND[11] E1 10 20 00 65 00 00 02 41 B8 E2 
[2025-09-20 00:55:20] INFO  - CMD - 69 I
[2025-09-20 00:55:20] INFO  - DCU ID     : 101
[2025-09-20 00:55:20] INFO  - ============================[i]
[2025-09-20 00:55:20] INFO  - RMU ID      : 3
[2025-09-20 00:55:20] INFO  - TIME        : 2025-09-20 00:56:36
[2025-09-20 00:55:20] INFO  - M TYPE      : 01
[2025-09-20 00:55:20] INFO  - MDATA1      : 0.001
[2025-09-20 00:55:20] INFO  - MDATA2      : 0.000
[2025-09-20 00:55:20] INFO  - MDATA3      : 0.000
[2025-09-20 00:55:20] INFO  - MDATA4      : 0.000
[2025-09-20 00:55:20] DEBUG - SEND[11] E1 10 20 00 65 00 00 02 41 B8 E2 
[2025-09-20 00:55:21] DEBUG - RECV[27] E1 10 20 00 00 00 65 12 69 04 00 25 09 20 00 56 36 01 01 04 03 00 00 00 00 D7 E2 
[2025-09-20 00:55:21] INFO  - CMD - 69 I
[2025-09-20 00:55:21] INFO  - DCU ID     : 101
[2025-09-20 00:55:21] INFO  - ============================[i]
[2025-09-20 00:55:21] INFO  - RMU ID      : 4
[2025-09-20 00:55:21] INFO  - TIME        : 2025-09-20 00:56:36
[2025-09-20 00:55:21] INFO  - M TYPE      : 01
[2025-09-20 00:55:21] INFO  - MDATA1      : 0.000
[2025-09-20 00:55:21] INFO  - MDATA2      : 0.000
[2025-09-20 00:55:21] INFO  - MDATA3      : 0.000
[2025-09-20 00:55:21] INFO  - MDATA4      : 0.000
[2025-09-20 00:55:21] DEBUG - SEND[11] E1 10 20 00 65 00 00 02 41 B8 E2 
[2025-09-20 00:55:21] DEBUG - RECV[27] E1 10 20 00 00 00 65 12 69 05 00 25 09 20 00 56 37 01 01 04 03 01 00 00 00 DA E2 
[2025-09-20 00:55:21] INFO  - CMD - 69 I
[2025-09-20 00:55:21] INFO  - DCU ID     : 101
[2025-09-20 00:55:21] INFO  - ============================[i]
[2025-09-20 00:55:21] INFO  - RMU ID      : 5
[2025-09-20 00:55:21] INFO  - TIME        : 2025-09-20 00:56:37
[2025-09-20 00:55:21] INFO  - M TYPE      : 01
[2025-09-20 00:55:21] INFO  - MDATA1      : 0.001
[2025-09-20 00:55:21] INFO  - MDATA2      : 0.000
[2025-09-20 00:55:21] INFO  - MDATA3      : 0.000
[2025-09-20 00:55:21] INFO  - MDATA4      : 0.000
[2025-09-20 00:55:21] DEBUG - SEND[11] E1 10 20 00 65 00 00 02 41 B8 E2 
[2025-09-20 00:55:22] DEBUG - RECV[27] E1 10 20 00 00 00 65 12 69 06 00 25 09 20 00 56 37 01 01 04 03 01 00 00 00 DB E2 
[2025-09-20 00:55:22] INFO  - CMD - 69 I
[2025-09-20 00:55:22] INFO  - DCU ID     : 101
[2025-09-20 00:55:22] INFO  - ============================[i]
[2025-09-20 00:55:22] INFO  - RMU ID      : 6
[2025-09-20 00:55:22] INFO  - TIME        : 2025-09-20 00:56:37
[2025-09-20 00:55:22] INFO  - M TYPE      : 01
[2025-09-20 00:55:22] INFO  - MDATA1      : 0.001
[2025-09-20 00:55:22] INFO  - MDATA2      : 0.000
[2025-09-20 00:55:22] INFO  - MDATA3      : 0.000
[2025-09-20 00:55:22] INFO  - MDATA4      : 0.000
[2025-09-20 00:55:22] DEBUG - SEND[11] E1 10 20 00 65 00 00 02 41 B8 E2 
[2025-09-20 00:55:22] DEBUG - RECV[27] E1 10 20 00 00 00 65 12 69 07 00 25 09 20 00 56 38 01 01 04 03 00 00 00 00 DC E2 
[2025-09-20 00:55:22] INFO  - CMD - 69 I
[2025-09-20 00:55:22] INFO  - DCU ID     : 101
[2025-09-20 00:55:22] INFO  - ============================[i]
[2025-09-20 00:55:22] INFO  - RMU ID      : 7
[2025-09-20 00:55:22] INFO  - TIME        : 2025-09-20 00:56:38
[2025-09-20 00:55:22] INFO  - M TYPE      : 01
[2025-09-20 00:55:22] INFO  - MDATA1      : 0.000
[2025-09-20 00:55:22] INFO  - MDATA2      : 0.000
[2025-09-20 00:55:22] INFO  - MDATA3      : 0.000
[2025-09-20 00:55:22] INFO  - MDATA4      : 0.000
[2025-09-20 00:55:22] DEBUG - SEND[11] E1 10 20 00 65 00 00 02 41 B8 E2 
[2025-09-20 00:55:23] DEBUG - RECV[27] E1 10 20 00 00 00 65 12 69 08 00 25 09 20 00 56 39 01 01 04 03 00 00 00 00 DE E2 
[2025-09-20 00:55:23] INFO  - CMD - 69 I
[2025-09-20 00:55:23] INFO  - DCU ID     : 101
[2025-09-20 00:55:23] INFO  - ============================[i]
[2025-09-20 00:55:23] INFO  - RMU ID      : 8
[2025-09-20 00:55:23] INFO  - TIME        : 2025-09-20 00:56:39
[2025-09-20 00:55:23] INFO  - M TYPE      : 01
[2025-09-20 00:55:23] INFO  - MDATA1      : 0.000
[2025-09-20 00:55:23] INFO  - MDATA2      : 0.000
[2025-09-20 00:55:23] INFO  - MDATA3      : 0.000
[2025-09-20 00:55:23] INFO  - MDATA4      : 0.000
[2025-09-20 00:55:23] DEBUG - SEND[11] E1 10 20 00 65 00 00 02 41 B8 E2 
[2025-09-20 00:55:23] DEBUG - RECV[27] E1 10 20 00 00 00 65 12 69 09 00 25 09 20 00 56 39 01 01 04 03 00 00 00 00 DF E2 
[2025-09-20 00:55:23] INFO  - CMD - 69 I
[2025-09-20 00:55:23] INFO  - DCU ID     : 101
[2025-09-20 00:55:23] INFO  - ============================[i]
[2025-09-20 00:55:23] INFO  - RMU ID      : 9
[2025-09-20 00:55:23] INFO  - TIME        : 2025-09-20 00:56:39
[2025-09-20 00:55:23] INFO  - M TYPE      : 01
[2025-09-20 00:55:23] INFO  - MDATA1      : 0.000
[2025-09-20 00:55:23] INFO  - MDATA2      : 0.000
[2025-09-20 00:55:23] INFO  - MDATA3      : 0.000
[2025-09-20 00:55:23] INFO  - MDATA4      : 0.000
[2025-09-20 00:55:23] DEBUG - SEND[11] E1 10 20 00 65 00 00 02 41 B8 E2 
[2025-09-20 00:55:24] DEBUG - RECV[27] E1 10 20 00 00 00 65 12 69 0A 00 25 09 20 00 56 40 01 01 04 03 01 00 00 01 E9 E2 
[2025-09-20 00:55:24] INFO  - CMD - 69 I
[2025-09-20 00:55:24] INFO  - DCU ID     : 101
[2025-09-20 00:55:24] INFO  - ============================[i]
[2025-09-20 00:55:24] INFO  - RMU ID      : 10
[2025-09-20 00:55:24] INFO  - TIME        : 2025-09-20 00:56:40
[2025-09-20 00:55:24] INFO  - M TYPE      : 01
[2025-09-20 00:55:24] INFO  - MDATA1      : 16777.217
[2025-09-20 00:55:24] INFO  - MDATA2      : 0.000
[2025-09-20 00:55:24] INFO  - MDATA3      : 0.000
[2025-09-20 00:55:24] INFO  - MDATA4      : 0.000
[2025-09-20 00:55:24] DEBUG - SEND[11] E1 10 20 00 65 00 00 02 41 B8 E2 
[2025-09-20 00:55:25] DEBUG - RECV[27] E1 10 20 00 00 00 65 12 69 0B 00 25 09 20 00 56 40 01 01 04 03 01 00 00 00 E9 E2 
[2025-09-20 00:55:25] INFO  - CMD - 69 I
[2025-09-20 00:55:25] INFO  - DCU ID     : 101
[2025-09-20 00:55:25] INFO  - ============================[i]
[2025-09-20 00:55:25] INFO  - RMU ID      : 11
[2025-09-20 00:55:25] INFO  - TIME        : 2025-09-20 00:56:40
[2025-09-20 00:55:25] INFO  - M TYPE      : 01
[2025-09-20 00:55:25] INFO  - MDATA1      : 0.001
[2025-09-20 00:55:25] INFO  - MDATA2      : 0.000
[2025-09-20 00:55:25] INFO  - MDATA3      : 0.000
[2025-09-20 00:55:25] INFO  - MDATA4      : 0.000
[2025-09-20 00:55:25] DEBUG - SEND[11] E1 10 20 00 65 00 00 02 41 B8 E2 
[2025-09-20 00:55:26] DEBUG - RECV[54] E1 10 20 00 00 00 65 12 69 0C 00 25 09 20 00 56 41 01 01 04 03 01 00 00 00 EB E2 E1 10 20 00 00 00 65 12 69 0D 00 25 09 20 00 56 41 01 01 04 03 01 00 00 00 EC E2 
[2025-09-20 00:55:26] INFO  - CMD - 69 I
[2025-09-20 00:55:26] INFO  - DCU ID     : 101
[2025-09-20 00:55:26] INFO  - ============================[i]
[2025-09-20 00:55:26] INFO  - RMU ID      : 12
[2025-09-20 00:55:26] INFO  - TIME        : 2025-09-20 00:56:41
[2025-09-20 00:55:26] INFO  - M TYPE      : 01
[2025-09-20 00:55:26] INFO  - MDATA1      : 0.001
[2025-09-20 00:55:26] INFO  - MDATA2      : 0.000
[2025-09-20 00:55:26] INFO  - MDATA3      : 0.000
[2025-09-20 00:55:26] INFO  - MDATA4      : 0.000
[2025-09-20 00:55:26] DEBUG - SEND[11] E1 10 20 00 65 00 00 02 41 B8 E2 
[2025-09-20 00:55:26] INFO  - CMD - 69 I
[2025-09-20 00:55:26] INFO  - DCU ID     : 101
[2025-09-20 00:55:26] INFO  - ============================[i]
[2025-09-20 00:55:26] INFO  - RMU ID      : 13
[2025-09-20 00:55:26] INFO  - TIME        : 2025-09-20 00:56:41
[2025-09-20 00:55:26] INFO  - M TYPE      : 01
[2025-09-20 00:55:26] INFO  - MDATA1      : 0.001
[2025-09-20 00:55:26] INFO  - MDATA2      : 0.000
[2025-09-20 00:55:26] INFO  - MDATA3      : 0.000
[2025-09-20 00:55:26] INFO  - MDATA4      : 0.000
[2025-09-20 00:55:26] DEBUG - SEND[11] E1 10 20 00 65 00 00 02 41 B8 E2 
[2025-09-20 00:55:27] DEBUG - RECV[82] E1 10 20 00 00 00 65 12 69 0E 00 25 09 20 00 56 42 01 01 04 03 01 00 00 00 EE E2 E1 10 20 00 00 00 65 12 69 0F 00 25 09 20 00 56 42 01 01 04 03 01 00 00 00 EF E2 E1 10 20 00 00 00 65 12 69 10 20 00 25 09 20 00 56 43 01 01 04 03 00 00 00 00 F0 E2 
[2025-09-20 00:55:27] INFO  - CMD - 69 I
[2025-09-20 00:55:27] INFO  - DCU ID     : 101
[2025-09-20 00:55:27] INFO  - ============================[i]
[2025-09-20 00:55:27] INFO  - RMU ID      : 14
[2025-09-20 00:55:27] INFO  - TIME        : 2025-09-20 00:56:42
[2025-09-20 00:55:27] INFO  - M TYPE      : 01
[2025-09-20 00:55:27] INFO  - MDATA1      : 0.001
[2025-09-20 00:55:27] INFO  - MDATA2      : 0.000
[2025-09-20 00:55:27] INFO  - MDATA3      : 0.000
[2025-09-20 00:55:27] INFO  - MDATA4      : 0.000
[2025-09-20 00:55:27] DEBUG - SEND[11] E1 10 20 00 65 00 00 02 41 B8 E2 
[2025-09-20 00:55:27] INFO  - CMD - 69 I
[2025-09-20 00:55:27] INFO  - DCU ID     : 101
[2025-09-20 00:55:27] INFO  - ============================[i]
[2025-09-20 00:55:27] INFO  - RMU ID      : 15
[2025-09-20 00:55:27] INFO  - TIME        : 2025-09-20 00:56:42
[2025-09-20 00:55:27] INFO  - M TYPE      : 01
[2025-09-20 00:55:27] INFO  - MDATA1      : 0.001
[2025-09-20 00:55:27] INFO  - MDATA2      : 0.000
[2025-09-20 00:55:27] INFO  - MDATA3      : 0.000
[2025-09-20 00:55:27] INFO  - MDATA4      : 0.000
[2025-09-20 00:55:27] DEBUG - SEND[11] E1 10 20 00 65 00 00 02 41 B8 E2 
[2025-09-20 00:55:27] INFO  - CMD - 69 I
[2025-09-20 00:55:27] INFO  - DCU ID     : 101
[2025-09-20 00:55:27] INFO  - ============================[i]
[2025-09-20 00:55:27] INFO  - RMU ID      : 16
[2025-09-20 00:55:27] INFO  - TIME        : 2025-09-20 00:56:43
[2025-09-20 00:55:27] INFO  - M TYPE      : 01
[2025-09-20 00:55:27] INFO  - MDATA1      : 0.000
[2025-09-20 00:55:27] INFO  - MDATA2      : 0.000
[2025-09-20 00:55:27] INFO  - MDATA3      : 0.000
[2025-09-20 00:55:27] INFO  - MDATA4      : 0.000
[2025-09-20 00:55:27] DEBUG - SEND[11] E1 10 20 00 65 00 00 02 41 B8 E2 
[2025-09-20 00:55:30] DEBUG - RECV[108] E1 10 20 00 00 00 65 12 69 11 00 25 09 20 00 56 44 01 01 04 03 01 00 00 00 F3 E2 E1 10 20 00 00 00 65 12 69 12 00 25 09 20 00 56 44 01 01 04 03 00 00 00 00 F3 E2 E1 10 20 00 00 00 65 12 69 13 00 25 09 20 00 56 45 01 01 04 03 00 00 00 00 F5 E2 E1 10 20 00 00 00 65 12 69 14 00 25 09 20 00 56 45 01 01 04 03 00 00 00 00 F6 E2 
[2025-09-20 00:55:30] INFO  - CMD - 69 I
[2025-09-20 00:55:30] INFO  - DCU ID     : 101
[2025-09-20 00:55:30] INFO  - ============================[i]
[2025-09-20 00:55:30] INFO  - RMU ID      : 17
[2025-09-20 00:55:30] INFO  - TIME        : 2025-09-20 00:56:44
[2025-09-20 00:55:30] INFO  - M TYPE      : 01
[2025-09-20 00:55:30] INFO  - MDATA1      : 0.001
[2025-09-20 00:55:30] INFO  - MDATA2      : 0.000
[2025-09-20 00:55:30] INFO  - MDATA3      : 0.000
[2025-09-20 00:55:30] INFO  - MDATA4      : 0.000
[2025-09-20 00:55:30] DEBUG - SEND[11] E1 10 20 00 65 00 00 02 41 B8 E2 
[2025-09-20 00:55:30] INFO  - CMD - 69 I
[2025-09-20 00:55:30] INFO  - DCU ID     : 101
[2025-09-20 00:55:30] INFO  - ============================[i]
[2025-09-20 00:55:30] INFO  - RMU ID      : 18
[2025-09-20 00:55:30] INFO  - TIME        : 2025-09-20 00:56:44
[2025-09-20 00:55:30] INFO  - M TYPE      : 01
[2025-09-20 00:55:30] INFO  - MDATA1      : 0.000
[2025-09-20 00:55:30] INFO  - MDATA2      : 0.000
[2025-09-20 00:55:30] INFO  - MDATA3      : 0.000
[2025-09-20 00:55:30] INFO  - MDATA4      : 0.000
[2025-09-20 00:55:30] DEBUG - SEND[11] E1 10 20 00 65 00 00 02 41 B8 E2 
[2025-09-20 00:55:30] INFO  - CMD - 69 I
[2025-09-20 00:55:30] INFO  - DCU ID     : 101
[2025-09-20 00:55:30] INFO  - ============================[i]
[2025-09-20 00:55:30] INFO  - RMU ID      : 19
[2025-09-20 00:55:30] INFO  - TIME        : 2025-09-20 00:56:45
[2025-09-20 00:55:30] INFO  - M TYPE      : 01
[2025-09-20 00:55:30] INFO  - MDATA1      : 0.000
[2025-09-20 00:55:30] INFO  - MDATA2      : 0.000
[2025-09-20 00:55:30] INFO  - MDATA3      : 0.000
[2025-09-20 00:55:30] INFO  - MDATA4      : 0.000
[2025-09-20 00:55:30] DEBUG - SEND[11] E1 10 20 00 65 00 00 02 41 B8 E2 
[2025-09-20 00:55:30] INFO  - CMD - 69 I
[2025-09-20 00:55:30] INFO  - DCU ID     : 101
[2025-09-20 00:55:30] INFO  - ============================[i]
[2025-09-20 00:55:30] INFO  - RMU ID      : 20
[2025-09-20 00:55:30] INFO  - TIME        : 2025-09-20 00:56:45
[2025-09-20 00:55:30] INFO  - M TYPE      : 01
[2025-09-20 00:55:30] INFO  - MDATA1      : 0.000
[2025-09-20 00:55:30] INFO  - MDATA2      : 0.000
[2025-09-20 00:55:30] INFO  - MDATA3      : 0.000
[2025-09-20 00:55:30] INFO  - MDATA4      : 0.000
[2025-09-20 00:55:30] DEBUG - SEND[11] E1 10 20 00 65 00 00 02 41 B8 E2 
[2025-09-20 00:55:33] DEBUG - Closed  :Socket[addr=/192.168.10.2,port=52764,localport=9008]
